Branch indexing
15:50:18 Connecting to https://api.github.com using mahdikheirkhah/****** (multi branch for buy-02)
Obtained Jenkinsfile from c3d85a0deefa163ada8f042db88d0bba88a518b7
[Pipeline] Start of Pipeline
[Pipeline] node
Running on Jenkins
 in /var/jenkins_home/workspace/buy-01-multibranch_main
[Pipeline] {
[Pipeline] stage
[Pipeline] { (Declarative: Checkout SCM)
[Pipeline] checkout
The recommended git tool is: git
using credential multi-branch-github
 > git rev-parse --resolve-git-dir /var/jenkins_home/workspace/buy-01-multibranch_main/.git # timeout=10
Fetching changes from the remote Git repository
 > git config remote.origin.url https://github.com/mahdikheirkhah/buy-01.git # timeout=10
Fetching without tags
Fetching upstream changes from https://github.com/mahdikheirkhah/buy-01.git
 > git --version # timeout=10
 > git --version # 'git version 2.47.3'
using GIT_ASKPASS to set credentials multi branch for buy-02
 > git fetch --no-tags --force --progress -- https://github.com/mahdikheirkhah/buy-01.git +refs/heads/main:refs/remotes/origin/main # timeout=10
Checking out Revision c3d85a0deefa163ada8f042db88d0bba88a518b7 (main)
 > git config core.sparsecheckout # timeout=10
 > git checkout -f c3d85a0deefa163ada8f042db88d0bba88a518b7 # timeout=10
Commit message: "fix: proper form data for the register."
 > git rev-list --no-walk bda3f1b06eb3d540900435f89b9a251864ee1276 # timeout=10
[Pipeline] }
[Pipeline] // stage
[Pipeline] withEnv
[Pipeline] {
[Pipeline] withCredentials
Masking supported pattern matches of $GITHUB_TOKEN or $GITHUB_TOKEN_PSW
[Pipeline] {
[Pipeline] withEnv
[Pipeline] {
[Pipeline] timeout
Timeout set to expire in 2 hr 0 min
[Pipeline] {
[Pipeline] timestamps
[Pipeline] {
[Pipeline] ansiColor
[Pipeline] {
15:50:23  
[Pipeline] stage
[Pipeline] { (‚è≥ Initialization)
[Pipeline] script
[Pipeline] {
[Pipeline] echo
15:50:23  ==========================================
[Pipeline] echo
15:50:23  üöÄ Buy-01 E-Commerce CI/CD Pipeline
[Pipeline] echo
15:50:23  ==========================================
[Pipeline] echo
15:50:23  Branch: main
[Pipeline] echo
15:50:23  Build: #91
[Pipeline] echo
15:50:23  Image Tag: 91
[Pipeline] echo
15:50:23  Run Tests: true
[Pipeline] echo
15:50:23  Run Integration Tests: false
[Pipeline] echo
15:50:23  Deploy Locally: true
[Pipeline] echo
15:50:23  ==========================================
[Pipeline] }
[Pipeline] // script
[Pipeline] }
[Pipeline] // stage
[Pipeline] stage
[Pipeline] { (üì• Checkout)
[Pipeline] echo
15:50:24  üì• Checking out branch: main
[Pipeline] checkout
15:50:24  The recommended git tool is: git
15:50:24  using credential gitea-credentials
15:50:24   > git rev-parse --resolve-git-dir /var/jenkins_home/workspace/buy-01-multibranch_main/.git # timeout=10
15:50:24  Fetching changes from the remote Git repository
15:50:24   > git config remote.origin.url https://01.gritlab.ax/git/mkheirkh/buy-01.git # timeout=10
15:50:24  Fetching upstream changes from https://01.gritlab.ax/git/mkheirkh/buy-01.git
15:50:24   > git --version # timeout=10
15:50:24   > git --version # 'git version 2.47.3'
15:50:24  using GIT_ASKPASS to set credentials Gitea Access Token for Buy-01
15:50:24   > git fetch --tags --force --progress -- https://01.gritlab.ax/git/mkheirkh/buy-01.git +refs/heads/*:refs/remotes/origin/* # timeout=10
15:50:24   > git rev-parse refs/remotes/origin/main^{commit} # timeout=10
15:50:24  Checking out Revision c3d85a0deefa163ada8f042db88d0bba88a518b7 (refs/remotes/origin/main)
15:50:24   > git config core.sparsecheckout # timeout=10
15:50:24   > git checkout -f c3d85a0deefa163ada8f042db88d0bba88a518b7 # timeout=10
15:50:24  Commit message: "fix: proper form data for the register."
15:50:24   > git rev-list --no-walk bda3f1b06eb3d540900435f89b9a251864ee1276 # timeout=10
[Pipeline] echo
15:50:25  ‚úÖ Checkout completed from Gitea
[Pipeline] sh
15:50:25  + git log --oneline -5
15:50:25  c3d85a0 fix: proper form data for the register.
15:50:25  bda3f1b docs: fix the jenkinsfile
15:50:25  5ad2154 docs: fix the jenkinsfile
15:50:25  e4db4c6 docs: fix the jenkinsfile
15:50:25  5863341 docs: change the jenkinsfile
[Pipeline] }
[Pipeline] // stage
[Pipeline] stage
[Pipeline] { (üöÄ Start SonarQube Early)
[Pipeline] script
[Pipeline] {
[Pipeline] echo
15:50:25  üöÄ Starting SonarQube service early (before tests)...
[Pipeline] sh
15:50:26  ‚úÖ SonarQube is already running
[Pipeline] }
[Pipeline] // script
[Pipeline] }
[Pipeline] // stage
[Pipeline] stage
[Pipeline] { (üèóÔ∏è Build)
[Pipeline] parallel
[Pipeline] { (Branch: Backend Build)
[Pipeline] { (Branch: Frontend Build)
[Pipeline] stage
[Pipeline] { (Backend Build)
[Pipeline] stage
[Pipeline] { (Frontend Build)
[Pipeline] script
[Pipeline] {
[Pipeline] script
[Pipeline] {
[Pipeline] echo
15:50:26  üèóÔ∏è Building backend microservices...
[Pipeline] sh
[Pipeline] echo
15:50:26  üèóÔ∏è Building frontend...
[Pipeline] sh
15:50:26  + docker run --rm --volumes-from jenkins-cicd -w /var/jenkins_home/workspace/buy-01-multibranch_main/backend -v jenkins_m2_cache:/root/.m2 -v /var/run/docker.sock:/var/run/docker.sock -e TESTCONTAINERS_RYUK_DISABLED=true --network host maven:3.9.6-amazoncorretto-17 mvn clean install -B -DskipTests
15:50:26  + export NODE_OPTIONS=--max-old-space-size=4096
15:50:26  + docker run --rm --volumes-from jenkins-cicd -w /var/jenkins_home/workspace/buy-01-multibranch_main/frontend -e NODE_OPTIONS=--max-old-space-size=4096 node:22-alpine sh -c npm install --legacy-peer-deps && npm run build -- --configuration production
15:50:29  [INFO] Scanning for projects...
15:50:29  [INFO] ------------------------------------------------------------------------
15:50:29  [INFO] Reactor Build Order:
15:50:29  [INFO] 
15:50:29  [INFO] backend                                                            [pom]
15:50:29  [INFO] common                                                             [jar]
15:50:29  [INFO] discovery-service                                                  [jar]
15:50:29  [INFO] API Gateway                                                        [jar]
15:50:29  [INFO] user-service                                                       [jar]
15:50:29  [INFO] product-service                                                    [jar]
15:50:29  [INFO] media-service                                                      [jar]
15:50:29  [INFO] dummy-data                                                         [jar]
15:50:29  [INFO] 
15:50:29  [INFO] ------------------------< com.backend:backend >-------------------------
15:50:29  [INFO] Building backend 0.0.1-SNAPSHOT                                    [1/8]
15:50:29  [INFO]   from pom.xml
15:50:29  [INFO] --------------------------------[ pom ]---------------------------------
15:50:29  
15:50:29  up to date, audited 558 packages in 2s
15:50:29  
15:50:29  108 packages are looking for funding
15:50:29    run `npm fund` for details
15:50:29  
15:50:29  found 0 vulnerabilities
15:50:29  npm notice
15:50:29  npm notice New major version of npm available! 10.9.4 -> 11.8.0
15:50:29  npm notice Changelog: https://github.com/npm/cli/releases/tag/v11.8.0
15:50:29  npm notice To update run: npm install -g npm@11.8.0
15:50:29  npm notice
15:50:29  
15:50:29  > frontend@0.0.0 build
15:50:29  > ng build --configuration production
15:50:29  
15:50:29  [INFO] 
15:50:29  [INFO] --- clean:3.2.0:clean (default-clean) @ backend ---
15:50:29  [INFO] Deleting /var/jenkins_home/workspace/buy-01-multibranch_main/backend/target
15:50:29  [INFO] 
15:50:29  [INFO] --- jacoco:0.8.11:prepare-agent (prepare-agent) @ backend ---
15:50:29  [INFO] argLine set to -javaagent:/root/.m2/repository/org/jacoco/org.jacoco.agent/0.8.11/org.jacoco.agent-0.8.11-runtime.jar=destfile=/var/jenkins_home/workspace/buy-01-multibranch_main/backend/target/jacoco.exec
15:50:29  [INFO] 
15:50:29  [INFO] --- jacoco:0.8.11:report (report) @ backend ---
15:50:29  [INFO] Skipping JaCoCo execution due to missing execution data file.
15:50:29  [INFO] 
15:50:29  [INFO] --- install:3.1.1:install (default-install) @ backend ---
15:50:29  [INFO] Installing /var/jenkins_home/workspace/buy-01-multibranch_main/backend/pom.xml to /root/.m2/repository/com/backend/backend/0.0.1-SNAPSHOT/backend-0.0.1-SNAPSHOT.pom
15:50:29  [INFO] 
15:50:29  [INFO] -------------------------< com.backend:common >-------------------------
15:50:29  [INFO] Building common 0.0.1-SNAPSHOT                                     [2/8]
15:50:29  [INFO]   from common/pom.xml
15:50:29  [INFO] --------------------------------[ jar ]---------------------------------
15:50:30  [INFO] 
15:50:30  [INFO] --- clean:3.2.0:clean (default-clean) @ common ---
15:50:30  [INFO] Deleting /var/jenkins_home/workspace/buy-01-multibranch_main/backend/common/target
15:50:30  [INFO] 
15:50:30  [INFO] --- jacoco:0.8.11:prepare-agent (prepare-agent) @ common ---
15:50:30  [INFO] argLine set to -javaagent:/root/.m2/repository/org/jacoco/org.jacoco.agent/0.8.11/org.jacoco.agent-0.8.11-runtime.jar=destfile=/var/jenkins_home/workspace/buy-01-multibranch_main/backend/common/target/jacoco.exec
15:50:30  [INFO] 
15:50:30  [INFO] --- resources:3.3.1:resources (default-resources) @ common ---
15:50:30  [WARNING] Using platform encoding (UTF-8 actually) to copy filtered resources, i.e. build is platform dependent!
15:50:30  [INFO] Copying 1 resource from src/main/resources to target/classes
15:50:30  [INFO] 
15:50:30  [INFO] --- compiler:3.13.0:compile (default-compile) @ common ---
15:50:30  [INFO] Recompiling the module because of changed source code.
15:50:30  [INFO] Compiling 10 source files with javac [debug release 17] to target/classes
15:50:31  ‚ùØ Building...
15:50:34  [INFO] 
15:50:34  [INFO] --- resources:3.3.1:testResources (default-testResources) @ common ---
15:50:34  [WARNING] Using platform encoding (UTF-8 actually) to copy filtered resources, i.e. build is platform dependent!
15:50:34  [INFO] skip non existing resourceDirectory /var/jenkins_home/workspace/buy-01-multibranch_main/backend/common/src/test/resources
15:50:34  [INFO] 
15:50:34  [INFO] --- compiler:3.13.0:testCompile (default-testCompile) @ common ---
15:50:34  [INFO] No sources to compile
15:50:34  [INFO] 
15:50:34  [INFO] --- surefire:3.2.2:test (default-test) @ common ---
15:50:34  [INFO] Tests are skipped.
15:50:34  [INFO] 
15:50:34  [INFO] --- jacoco:0.8.11:report (report) @ common ---
15:50:34  [INFO] Skipping JaCoCo execution due to missing execution data file.
15:50:34  [INFO] 
15:50:34  [INFO] --- jar:3.3.0:jar (default-jar) @ common ---
15:50:35  [INFO] Building jar: /var/jenkins_home/workspace/buy-01-multibranch_main/backend/common/target/common-0.0.1-SNAPSHOT.jar
15:50:35  [INFO] 
15:50:35  [INFO] --- install:3.1.1:install (default-install) @ common ---
15:50:35  [INFO] Installing /var/jenkins_home/workspace/buy-01-multibranch_main/backend/common/pom.xml to /root/.m2/repository/com/backend/common/0.0.1-SNAPSHOT/common-0.0.1-SNAPSHOT.pom
15:50:35  [INFO] Installing /var/jenkins_home/workspace/buy-01-multibranch_main/backend/common/target/common-0.0.1-SNAPSHOT.jar to /root/.m2/repository/com/backend/common/0.0.1-SNAPSHOT/common-0.0.1-SNAPSHOT.jar
15:50:35  [INFO] 
15:50:35  [INFO] -------------------< com.backend:discovery-service >--------------------
15:50:35  [INFO] Building discovery-service 0.0.1-SNAPSHOT                          [3/8]
15:50:35  [INFO]   from discovery-service/pom.xml
15:50:35  [INFO] --------------------------------[ jar ]---------------------------------
15:50:35  [INFO] 
15:50:35  [INFO] --- clean:3.2.0:clean (default-clean) @ discovery-service ---
15:50:35  [INFO] Deleting /var/jenkins_home/workspace/buy-01-multibranch_main/backend/discovery-service/target
15:50:35  [INFO] 
15:50:35  [INFO] --- jacoco:0.8.11:prepare-agent (prepare-agent) @ discovery-service ---
15:50:35  [INFO] argLine set to -javaagent:/root/.m2/repository/org/jacoco/org.jacoco.agent/0.8.11/org.jacoco.agent-0.8.11-runtime.jar=destfile=/var/jenkins_home/workspace/buy-01-multibranch_main/backend/discovery-service/target/jacoco.exec
15:50:35  [INFO] 
15:50:35  [INFO] --- resources:3.3.1:resources (default-resources) @ discovery-service ---
15:50:35  [WARNING] Using platform encoding (UTF-8 actually) to copy filtered resources, i.e. build is platform dependent!
15:50:35  [INFO] Copying 4 resources from src/main/resources to target/classes
15:50:35  [INFO] 
15:50:35  [INFO] --- compiler:3.13.0:compile (default-compile) @ discovery-service ---
15:50:35  [INFO] Recompiling the module because of changed dependency.
15:50:35  [INFO] Compiling 2 source files with javac [debug release 17] to target/classes
15:50:36  [INFO] 
15:50:36  [INFO] --- resources:3.3.1:testResources (default-testResources) @ discovery-service ---
15:50:36  [WARNING] Using platform encoding (UTF-8 actually) to copy filtered resources, i.e. build is platform dependent!
15:50:36  [INFO] skip non existing resourceDirectory /var/jenkins_home/workspace/buy-01-multibranch_main/backend/discovery-service/src/test/resources
15:50:36  [INFO] 
15:50:36  [INFO] --- compiler:3.13.0:testCompile (default-testCompile) @ discovery-service ---
15:50:36  [INFO] Recompiling the module because of changed dependency.
15:50:36  [INFO] Compiling 1 source file with javac [debug release 17] to target/test-classes
15:50:37  [INFO] 
15:50:37  [INFO] --- surefire:3.2.2:test (default-test) @ discovery-service ---
15:50:37  [INFO] Tests are skipped.
15:50:37  [INFO] 
15:50:37  [INFO] --- jacoco:0.8.11:report (report) @ discovery-service ---
15:50:37  [INFO] Skipping JaCoCo execution due to missing execution data file.
15:50:37  [INFO] 
15:50:37  [INFO] --- jar:3.3.0:jar (default-jar) @ discovery-service ---
15:50:37  [INFO] Building jar: /var/jenkins_home/workspace/buy-01-multibranch_main/backend/discovery-service/target/discovery-service-0.0.1-SNAPSHOT.jar
15:50:37  [INFO] 
15:50:37  [INFO] --- spring-boot:3.2.8:repackage (default) @ discovery-service ---
15:50:38  [INFO] Replacing main artifact /var/jenkins_home/workspace/buy-01-multibranch_main/backend/discovery-service/target/discovery-service-0.0.1-SNAPSHOT.jar with repackaged archive, adding nested dependencies in BOOT-INF/.
15:50:38  [INFO] The original artifact has been renamed to /var/jenkins_home/workspace/buy-01-multibranch_main/backend/discovery-service/target/discovery-service-0.0.1-SNAPSHOT.jar.original
15:50:38  [INFO] 
15:50:38  [INFO] --- install:3.1.1:install (default-install) @ discovery-service ---
15:50:38  [INFO] Installing /var/jenkins_home/workspace/buy-01-multibranch_main/backend/discovery-service/pom.xml to /root/.m2/repository/com/backend/discovery-service/0.0.1-SNAPSHOT/discovery-service-0.0.1-SNAPSHOT.pom
15:50:38  [INFO] Installing /var/jenkins_home/workspace/buy-01-multibranch_main/backend/discovery-service/target/discovery-service-0.0.1-SNAPSHOT.jar to /root/.m2/repository/com/backend/discovery-service/0.0.1-SNAPSHOT/discovery-service-0.0.1-SNAPSHOT.jar
15:50:38  [INFO] 
15:50:38  [INFO] ----------------------< com.backend:api-gateway >-----------------------
15:50:38  [INFO] Building API Gateway 0.0.1-SNAPSHOT                                [4/8]
15:50:38  [INFO]   from api-gateway/pom.xml
15:50:38  [INFO] --------------------------------[ jar ]---------------------------------
15:50:38  [INFO] 
15:50:38  [INFO] --- clean:3.2.0:clean (default-clean) @ api-gateway ---
15:50:38  [INFO] Deleting /var/jenkins_home/workspace/buy-01-multibranch_main/backend/api-gateway/target
15:50:39  [INFO] 
15:50:39  [INFO] --- jacoco:0.8.11:prepare-agent (prepare-agent) @ api-gateway ---
15:50:39  [INFO] argLine set to -javaagent:/root/.m2/repository/org/jacoco/org.jacoco.agent/0.8.11/org.jacoco.agent-0.8.11-runtime.jar=destfile=/var/jenkins_home/workspace/buy-01-multibranch_main/backend/api-gateway/target/jacoco.exec
15:50:39  [INFO] 
15:50:39  [INFO] --- resources:3.3.1:resources (default-resources) @ api-gateway ---
15:50:39  [WARNING] Using platform encoding (UTF-8 actually) to copy filtered resources, i.e. build is platform dependent!
15:50:39  [INFO] Copying 4 resources from src/main/resources to target/classes
15:50:39  [INFO] 
15:50:39  [INFO] --- compiler:3.13.0:compile (default-compile) @ api-gateway ---
15:50:39  [INFO] Recompiling the module because of changed dependency.
15:50:39  [INFO] Compiling 9 source files with javac [debug release 17] to target/classes
15:50:39  [INFO] 
15:50:39  [INFO] --- resources:3.3.1:testResources (default-testResources) @ api-gateway ---
15:50:39  [WARNING] Using platform encoding (UTF-8 actually) to copy filtered resources, i.e. build is platform dependent!
15:50:39  [INFO] skip non existing resourceDirectory /var/jenkins_home/workspace/buy-01-multibranch_main/backend/api-gateway/src/test/resources
15:50:39  [INFO] 
15:50:39  [INFO] --- compiler:3.13.0:testCompile (default-testCompile) @ api-gateway ---
15:50:39  [INFO] Recompiling the module because of changed dependency.
15:50:39  [INFO] Compiling 1 source file with javac [debug release 17] to target/test-classes
15:50:40  [INFO] 
15:50:40  [INFO] --- surefire:3.2.2:test (default-test) @ api-gateway ---
15:50:40  [INFO] Tests are skipped.
15:50:40  [INFO] 
15:50:40  [INFO] --- jacoco:0.8.11:report (report) @ api-gateway ---
15:50:40  [INFO] Skipping JaCoCo execution due to missing execution data file.
15:50:40  [INFO] 
15:50:40  [INFO] --- jar:3.3.0:jar (default-jar) @ api-gateway ---
15:50:40  [INFO] Building jar: /var/jenkins_home/workspace/buy-01-multibranch_main/backend/api-gateway/target/api-gateway-0.0.1-SNAPSHOT.jar
15:50:40  [INFO] 
15:50:40  [INFO] --- spring-boot:3.2.8:repackage (default) @ api-gateway ---
15:50:40  [INFO] Replacing main artifact /var/jenkins_home/workspace/buy-01-multibranch_main/backend/api-gateway/target/api-gateway-0.0.1-SNAPSHOT.jar with repackaged archive, adding nested dependencies in BOOT-INF/.
15:50:40  [INFO] The original artifact has been renamed to /var/jenkins_home/workspace/buy-01-multibranch_main/backend/api-gateway/target/api-gateway-0.0.1-SNAPSHOT.jar.original
15:50:40  [INFO] 
15:50:40  [INFO] --- install:3.1.1:install (default-install) @ api-gateway ---
15:50:40  [INFO] Installing /var/jenkins_home/workspace/buy-01-multibranch_main/backend/api-gateway/pom.xml to /root/.m2/repository/com/backend/api-gateway/0.0.1-SNAPSHOT/api-gateway-0.0.1-SNAPSHOT.pom
15:50:41  [INFO] Installing /var/jenkins_home/workspace/buy-01-multibranch_main/backend/api-gateway/target/api-gateway-0.0.1-SNAPSHOT.jar to /root/.m2/repository/com/backend/api-gateway/0.0.1-SNAPSHOT/api-gateway-0.0.1-SNAPSHOT.jar
15:50:41  [INFO] 
15:50:41  [INFO] ----------------------< com.backend:user-service >----------------------
15:50:41  [INFO] Building user-service 0.0.1-SNAPSHOT                               [5/8]
15:50:41  [INFO]   from user-service/pom.xml
15:50:41  [INFO] --------------------------------[ jar ]---------------------------------
15:50:41  [INFO] 
15:50:41  [INFO] --- clean:3.2.0:clean (default-clean) @ user-service ---
15:50:41  [INFO] Deleting /var/jenkins_home/workspace/buy-01-multibranch_main/backend/user-service/target
15:50:41  [INFO] 
15:50:41  [INFO] --- jacoco:0.8.11:prepare-agent (prepare-agent) @ user-service ---
15:50:41  [INFO] argLine set to -javaagent:/root/.m2/repository/org/jacoco/org.jacoco.agent/0.8.11/org.jacoco.agent-0.8.11-runtime.jar=destfile=/var/jenkins_home/workspace/buy-01-multibranch_main/backend/user-service/target/jacoco.exec
15:50:41  [INFO] 
15:50:41  [INFO] --- resources:3.3.1:resources (default-resources) @ user-service ---
15:50:41  [WARNING] Using platform encoding (UTF-8 actually) to copy filtered resources, i.e. build is platform dependent!
15:50:41  [INFO] Copying 4 resources from src/main/resources to target/classes
15:50:41  [INFO] 
15:50:41  [INFO] --- compiler:3.11.0:compile (default-compile) @ user-service ---
15:50:41  [INFO] Changes detected - recompiling the module! :dependency
15:50:41  [INFO] Compiling 14 source files with javac [debug release 17] to target/classes
15:50:43  [WARNING] /var/jenkins_home/workspace/buy-01-multibranch_main/backend/user-service/src/main/java/com/backend/user_service/repository/UserMapper.java:[12,10] Unmapped target properties: "id, password, role, avatarUrl".
15:50:43  [INFO] 
15:50:43  [INFO] --- resources:3.3.1:testResources (default-testResources) @ user-service ---
15:50:43  [WARNING] Using platform encoding (UTF-8 actually) to copy filtered resources, i.e. build is platform dependent!
15:50:43  [INFO] Copying 2 resources from src/test/resources to target/test-classes
15:50:43  [INFO] 
15:50:43  [INFO] --- compiler:3.11.0:testCompile (default-testCompile) @ user-service ---
15:50:43  [INFO] Changes detected - recompiling the module! :dependency
15:50:43  [INFO] Compiling 5 source files with javac [debug release 17] to target/test-classes
15:50:44  [INFO] /var/jenkins_home/workspace/buy-01-multibranch_main/backend/user-service/src/test/java/com/backend/user_service/service/UserServiceUnitTest.java: Some input files use unchecked or unsafe operations.
15:50:44  [INFO] /var/jenkins_home/workspace/buy-01-multibranch_main/backend/user-service/src/test/java/com/backend/user_service/service/UserServiceUnitTest.java: Recompile with -Xlint:unchecked for details.
15:50:44  [INFO] 
15:50:44  [INFO] --- surefire:3.2.2:test (default-test) @ user-service ---
15:50:44  [INFO] Tests are skipped.
15:50:44  [INFO] 
15:50:44  [INFO] --- jacoco:0.8.11:report (report) @ user-service ---
15:50:44  [INFO] Skipping JaCoCo execution due to missing execution data file.
15:50:44  [INFO] 
15:50:44  [INFO] --- jar:3.3.0:jar (default-jar) @ user-service ---
15:50:44  [INFO] Building jar: /var/jenkins_home/workspace/buy-01-multibranch_main/backend/user-service/target/user-service-0.0.1-SNAPSHOT.jar
15:50:44  [INFO] 
15:50:44  [INFO] --- spring-boot:3.2.8:repackage (default) @ user-service ---
15:50:44  [INFO] Replacing main artifact /var/jenkins_home/workspace/buy-01-multibranch_main/backend/user-service/target/user-service-0.0.1-SNAPSHOT.jar with repackaged archive, adding nested dependencies in BOOT-INF/.
15:50:44  [INFO] The original artifact has been renamed to /var/jenkins_home/workspace/buy-01-multibranch_main/backend/user-service/target/user-service-0.0.1-SNAPSHOT.jar.original
15:50:44  [INFO] 
15:50:44  [INFO] --- install:3.1.1:install (default-install) @ user-service ---
15:50:44  [INFO] Installing /var/jenkins_home/workspace/buy-01-multibranch_main/backend/user-service/pom.xml to /root/.m2/repository/com/backend/user-service/0.0.1-SNAPSHOT/user-service-0.0.1-SNAPSHOT.pom
15:50:44  [INFO] Installing /var/jenkins_home/workspace/buy-01-multibranch_main/backend/user-service/target/user-service-0.0.1-SNAPSHOT.jar to /root/.m2/repository/com/backend/user-service/0.0.1-SNAPSHOT/user-service-0.0.1-SNAPSHOT.jar
15:50:44  [INFO] 
15:50:44  [INFO] --------------------< com.backend:product-service >---------------------
15:50:44  [INFO] Building product-service 0.0.1-SNAPSHOT                            [6/8]
15:50:44  [INFO]   from product-service/pom.xml
15:50:44  [INFO] --------------------------------[ jar ]---------------------------------
15:50:45  [INFO] 
15:50:45  [INFO] --- clean:3.2.0:clean (default-clean) @ product-service ---
15:50:45  [INFO] Deleting /var/jenkins_home/workspace/buy-01-multibranch_main/backend/product-service/target
15:50:45  [INFO] 
15:50:45  [INFO] --- jacoco:0.8.11:prepare-agent (prepare-agent) @ product-service ---
15:50:45  [INFO] argLine set to -javaagent:/root/.m2/repository/org/jacoco/org.jacoco.agent/0.8.11/org.jacoco.agent-0.8.11-runtime.jar=destfile=/var/jenkins_home/workspace/buy-01-multibranch_main/backend/product-service/target/jacoco.exec
15:50:45  [INFO] 
15:50:45  [INFO] --- resources:3.3.1:resources (default-resources) @ product-service ---
15:50:45  [WARNING] Using platform encoding (UTF-8 actually) to copy filtered resources, i.e. build is platform dependent!
15:50:45  [INFO] Copying 4 resources from src/main/resources to target/classes
15:50:45  [INFO] 
15:50:45  [INFO] --- compiler:3.11.0:compile (default-compile) @ product-service ---
15:50:45  [INFO] Changes detected - recompiling the module! :dependency
15:50:45  [INFO] Compiling 15 source files with javac [debug release 17] to target/classes
15:50:45  ‚úî Building...
15:50:45  Initial chunk files   | Names         |  Raw size | Estimated transfer size
15:50:45  main-2JCW7MR7.js      | main          | 933.96 kB |               191.69 kB
15:50:45  styles-Q77YOUOS.css   | styles        |  96.44 kB |                 7.22 kB
15:50:45  polyfills-5CFQRCPP.js | polyfills     |  34.59 kB |                11.33 kB
15:50:45  
15:50:45                        | Initial total |   1.06 MB |               210.24 kB
15:50:45  
15:50:45  Application bundle generation complete. [12.706 seconds] - 2026-01-27T13:50:43.510Z
15:50:45  
15:50:45  ‚ñ≤ [WARNING] NG8113: EditProductModal is not used within the template of ProductCard [plugin angular-compiler]
15:50:45  
15:50:45      src/app/components/product-card/product-card.ts:25:4:
15:50:45        25 ‚îÇ     EditProductModal
15:50:45           ‚ïµ     ~~~~~~~~~~~~~~~~
15:50:45  
15:50:45  
15:50:45  ‚ñ≤ [WARNING] NG8113: RouterLink is not used within the template of CreateProduct [plugin angular-compiler]
15:50:45  
15:50:45      src/app/pages/create-product/create-product.ts:19:4:
15:50:45        19 ‚îÇ     RouterLink,
15:50:45           ‚ïµ     ~~~~~~~~~~
15:50:45  
15:50:45  
15:50:45  ‚ñ≤ [WARNING] NG8113: PasswordConfirmDialog is not used within the template of MyInfo [plugin angular-compiler]
15:50:45  
15:50:45      src/app/pages/my-info/my-info.ts:32:4:
15:50:45        32 ‚îÇ     PasswordConfirmDialog,
15:50:45           ‚ïµ     ~~~~~~~~~~~~~~~~~~~~~
15:50:45  
15:50:45  
15:50:45  ‚ñ≤ [WARNING] NG8113: ConfirmDialog is not used within the template of MyInfo [plugin angular-compiler]
15:50:45  
15:50:45      src/app/pages/my-info/my-info.ts:33:4:
15:50:45        33 ‚îÇ     ConfirmDialog,
15:50:45           ‚ïµ     ~~~~~~~~~~~~~
15:50:45  
15:50:45  
15:50:45  Output location: /var/jenkins_home/workspace/buy-01-multibranch_main/frontend/dist/frontend
15:50:45  
15:50:45  + [ -d /var/jenkins_home/workspace/buy-01-multibranch_main/frontend/dist ]
15:50:45  + echo ‚úÖ Frontend dist created
15:50:45  ‚úÖ Frontend dist created
[Pipeline] }
[Pipeline] // script
[Pipeline] }
[Pipeline] // stage

[Pipeline] }
15:50:47  [WARNING] /var/jenkins_home/workspace/buy-01-multibranch_main/backend/product-service/src/main/java/com/backend/product_service/service/ProductMapper.java:[14,10] Unmapped target properties: "id, sellerID, createdAt, updatedAt".
15:50:47  [INFO] 
15:50:47  [INFO] --- resources:3.3.1:testResources (default-testResources) @ product-service ---
15:50:47  [WARNING] Using platform encoding (UTF-8 actually) to copy filtered resources, i.e. build is platform dependent!
15:50:47  [INFO] Copying 1 resource from src/test/resources to target/test-classes
15:50:47  [INFO] 
15:50:47  [INFO] --- compiler:3.11.0:testCompile (default-testCompile) @ product-service ---
15:50:47  [INFO] Changes detected - recompiling the module! :dependency
15:50:47  [INFO] Compiling 5 source files with javac [debug release 17] to target/test-classes

15:50:47  [INFO] /var/jenkins_home/workspace/buy-01-multibranch_main/backend/product-service/src/test/java/com/backend/product_service/TestKafkaConfig.java: Some input files use unchecked or unsafe operations.
15:50:47  [INFO] /var/jenkins_home/workspace/buy-01-multibranch_main/backend/product-service/src/test/java/com/backend/product_service/TestKafkaConfig.java: Recompile with -Xlint:unchecked for details.
15:50:47  [INFO] 
15:50:47  [INFO] --- surefire:3.2.2:test (default-test) @ product-service ---
15:50:47  [INFO] Tests are skipped.
15:50:47  [INFO] 
15:50:47  [INFO] --- jacoco:0.8.11:report (report) @ product-service ---
15:50:47  [INFO] Skipping JaCoCo execution due to missing execution data file.
15:50:47  [INFO] 
15:50:47  [INFO] --- jar:3.3.0:jar (default-jar) @ product-service ---
15:50:47  [INFO] Building jar: /var/jenkins_home/workspace/buy-01-multibranch_main/backend/product-service/target/product-service-0.0.1-SNAPSHOT.jar
15:50:47  [INFO] 
15:50:47  [INFO] --- spring-boot:3.2.8:repackage (default) @ product-service ---
15:50:48  [INFO] Replacing main artifact /var/jenkins_home/workspace/buy-01-multibranch_main/backend/product-service/target/product-service-0.0.1-SNAPSHOT.jar with repackaged archive, adding nested dependencies in BOOT-INF/.
15:50:48  [INFO] The original artifact has been renamed to /var/jenkins_home/workspace/buy-01-multibranch_main/backend/product-service/target/product-service-0.0.1-SNAPSHOT.jar.original
15:50:48  [INFO] 
15:50:48  [INFO] --- install:3.1.1:install (default-install) @ product-service ---
15:50:48  [INFO] Installing /var/jenkins_home/workspace/buy-01-multibranch_main/backend/product-service/pom.xml to /root/.m2/repository/com/backend/product-service/0.0.1-SNAPSHOT/product-service-0.0.1-SNAPSHOT.pom
15:50:48  [INFO] Installing /var/jenkins_home/workspace/buy-01-multibranch_main/backend/product-service/target/product-service-0.0.1-SNAPSHOT.jar to /root/.m2/repository/com/backend/product-service/0.0.1-SNAPSHOT/product-service-0.0.1-SNAPSHOT.jar

15:50:48  [INFO] 
15:50:48  [INFO] ---------------------< com.backend:media-service >----------------------
15:50:48  [INFO] Building media-service 0.0.1-SNAPSHOT                              [7/8]
15:50:48  [INFO]   from media-service/pom.xml
15:50:48  [INFO] --------------------------------[ jar ]---------------------------------
15:50:48  [INFO] 
15:50:48  [INFO] --- clean:3.2.0:clean (default-clean) @ media-service ---
15:50:48  [INFO] Deleting /var/jenkins_home/workspace/buy-01-multibranch_main/backend/media-service/target
15:50:48  [INFO] 
15:50:48  [INFO] --- jacoco:0.8.11:prepare-agent (prepare-agent) @ media-service ---
15:50:48  [INFO] argLine set to -javaagent:/root/.m2/repository/org/jacoco/org.jacoco.agent/0.8.11/org.jacoco.agent-0.8.11-runtime.jar=destfile=/var/jenkins_home/workspace/buy-01-multibranch_main/backend/media-service/target/jacoco.exec
15:50:48  [INFO] 
15:50:48  [INFO] --- resources:3.3.1:resources (default-resources) @ media-service ---
15:50:48  [WARNING] Using platform encoding (UTF-8 actually) to copy filtered resources, i.e. build is platform dependent!
15:50:48  [INFO] Copying 4 resources from src/main/resources to target/classes
15:50:48  [INFO] 
15:50:48  [INFO] --- compiler:3.13.0:compile (default-compile) @ media-service ---
15:50:48  [INFO] Recompiling the module because of changed dependency.
15:50:48  [INFO] Compiling 8 source files with javac [debug release 17] to target/classes
15:50:49  [INFO] 
15:50:49  [INFO] --- resources:3.3.1:testResources (default-testResources) @ media-service ---
15:50:49  [WARNING] Using platform encoding (UTF-8 actually) to copy filtered resources, i.e. build is platform dependent!
15:50:49  [INFO] Copying 1 resource from src/test/resources to target/test-classes
15:50:49  [INFO] 
15:50:49  [INFO] --- compiler:3.13.0:testCompile (default-testCompile) @ media-service ---
15:50:49  [INFO] Recompiling the module because of changed dependency.
15:50:49  [INFO] Compiling 5 source files with javac [debug release 17] to target/test-classes

15:50:49  [INFO] /var/jenkins_home/workspace/buy-01-multibranch_main/backend/media-service/src/test/java/com/backend/media_service/TestKafkaConfig.java: /var/jenkins_home/workspace/buy-01-multibranch_main/backend/media-service/src/test/java/com/backend/media_service/TestKafkaConfig.java uses unchecked or unsafe operations.
15:50:49  [INFO] /var/jenkins_home/workspace/buy-01-multibranch_main/backend/media-service/src/test/java/com/backend/media_service/TestKafkaConfig.java: Recompile with -Xlint:unchecked for details.
15:50:49  [INFO] 
15:50:49  [INFO] --- surefire:3.2.2:test (default-test) @ media-service ---
15:50:49  [INFO] Tests are skipped.
15:50:49  [INFO] 
15:50:49  [INFO] --- jacoco:0.8.11:report (report) @ media-service ---
15:50:49  [INFO] Skipping JaCoCo execution due to missing execution data file.
15:50:49  [INFO] 
15:50:49  [INFO] --- jar:3.3.0:jar (default-jar) @ media-service ---
15:50:49  [INFO] Building jar: /var/jenkins_home/workspace/buy-01-multibranch_main/backend/media-service/target/media-service-0.0.1-SNAPSHOT.jar
15:50:49  [INFO] 
15:50:49  [INFO] --- spring-boot:3.2.8:repackage (default) @ media-service ---
15:50:49  [INFO] Replacing main artifact /var/jenkins_home/workspace/buy-01-multibranch_main/backend/media-service/target/media-service-0.0.1-SNAPSHOT.jar with repackaged archive, adding nested dependencies in BOOT-INF/.
15:50:49  [INFO] The original artifact has been renamed to /var/jenkins_home/workspace/buy-01-multibranch_main/backend/media-service/target/media-service-0.0.1-SNAPSHOT.jar.original
15:50:49  [INFO] 
15:50:49  [INFO] --- install:3.1.1:install (default-install) @ media-service ---
15:50:49  [INFO] Installing /var/jenkins_home/workspace/buy-01-multibranch_main/backend/media-service/pom.xml to /root/.m2/repository/com/backend/media-service/0.0.1-SNAPSHOT/media-service-0.0.1-SNAPSHOT.pom
15:50:49  [INFO] Installing /var/jenkins_home/workspace/buy-01-multibranch_main/backend/media-service/target/media-service-0.0.1-SNAPSHOT.jar to /root/.m2/repository/com/backend/media-service/0.0.1-SNAPSHOT/media-service-0.0.1-SNAPSHOT.jar
15:50:50  [INFO] 
15:50:50  [INFO] -----------------------< com.backend:dummy-data >-----------------------
15:50:50  [INFO] Building dummy-data 0.0.1-SNAPSHOT                                 [8/8]
15:50:50  [INFO]   from dummy-data/pom.xml
15:50:50  [INFO] --------------------------------[ jar ]---------------------------------
15:50:50  [INFO] 
15:50:50  [INFO] --- clean:3.2.0:clean (default-clean) @ dummy-data ---
15:50:50  [INFO] Deleting /var/jenkins_home/workspace/buy-01-multibranch_main/backend/dummy-data/target
15:50:50  [INFO] 
15:50:50  [INFO] --- jacoco:0.8.11:prepare-agent (prepare-agent) @ dummy-data ---
15:50:50  [INFO] argLine set to -javaagent:/root/.m2/repository/org/jacoco/org.jacoco.agent/0.8.11/org.jacoco.agent-0.8.11-runtime.jar=destfile=/var/jenkins_home/workspace/buy-01-multibranch_main/backend/dummy-data/target/jacoco.exec
15:50:50  [INFO] 
15:50:50  [INFO] --- resources:3.3.1:resources (default-resources) @ dummy-data ---
15:50:50  [WARNING] Using platform encoding (UTF-8 actually) to copy filtered resources, i.e. build is platform dependent!
15:50:50  [INFO] Copying 4 resources from src/main/resources to target/classes
15:50:50  [INFO] 
15:50:50  [INFO] --- compiler:3.13.0:compile (default-compile) @ dummy-data ---
15:50:50  [INFO] Recompiling the module because of changed dependency.
15:50:50  [INFO] Compiling 3 source files with javac [debug release 17] to target/classes
15:50:50  [INFO] /var/jenkins_home/workspace/buy-01-multibranch_main/backend/dummy-data/src/main/java/com/backend/dummy_data/generator/DummyDataGenerator.java: /var/jenkins_home/workspace/buy-01-multibranch_main/backend/dummy-data/src/main/java/com/backend/dummy_data/generator/DummyDataGenerator.java uses unchecked or unsafe operations.
15:50:50  [INFO] /var/jenkins_home/workspace/buy-01-multibranch_main/backend/dummy-data/src/main/java/com/backend/dummy_data/generator/DummyDataGenerator.java: Recompile with -Xlint:unchecked for details.
15:50:50  [INFO] 
15:50:50  [INFO] --- resources:3.3.1:testResources (default-testResources) @ dummy-data ---
15:50:50  [WARNING] Using platform encoding (UTF-8 actually) to copy filtered resources, i.e. build is platform dependent!
15:50:50  [INFO] skip non existing resourceDirectory /var/jenkins_home/workspace/buy-01-multibranch_main/backend/dummy-data/src/test/resources
15:50:50  [INFO] 
15:50:50  [INFO] --- compiler:3.13.0:testCompile (default-testCompile) @ dummy-data ---
15:50:50  [INFO] Recompiling the module because of changed dependency.
15:50:50  [INFO] Compiling 1 source file with javac [debug release 17] to target/test-classes

15:50:50  [INFO] 
15:50:50  [INFO] --- surefire:3.2.2:test (default-test) @ dummy-data ---
15:50:50  [INFO] Tests are skipped.
15:50:50  [INFO] 
15:50:50  [INFO] --- jacoco:0.8.11:report (report) @ dummy-data ---
15:50:50  [INFO] Skipping JaCoCo execution due to missing execution data file.
15:50:50  [INFO] 
15:50:50  [INFO] --- jar:3.3.0:jar (default-jar) @ dummy-data ---
15:50:50  [INFO] Building jar: /var/jenkins_home/workspace/buy-01-multibranch_main/backend/dummy-data/target/dummy-data-0.0.1-SNAPSHOT.jar
15:50:50  [INFO] 
15:50:50  [INFO] --- spring-boot:3.2.8:repackage (default) @ dummy-data ---
15:50:50  [INFO] Replacing main artifact /var/jenkins_home/workspace/buy-01-multibranch_main/backend/dummy-data/target/dummy-data-0.0.1-SNAPSHOT.jar with repackaged archive, adding nested dependencies in BOOT-INF/.
15:50:50  [INFO] The original artifact has been renamed to /var/jenkins_home/workspace/buy-01-multibranch_main/backend/dummy-data/target/dummy-data-0.0.1-SNAPSHOT.jar.original
15:50:50  [INFO] 
15:50:50  [INFO] --- install:3.1.1:install (default-install) @ dummy-data ---
15:50:50  [INFO] Installing /var/jenkins_home/workspace/buy-01-multibranch_main/backend/dummy-data/pom.xml to /root/.m2/repository/com/backend/dummy-data/0.0.1-SNAPSHOT/dummy-data-0.0.1-SNAPSHOT.pom
15:50:50  [INFO] Installing /var/jenkins_home/workspace/buy-01-multibranch_main/backend/dummy-data/target/dummy-data-0.0.1-SNAPSHOT.jar to /root/.m2/repository/com/backend/dummy-data/0.0.1-SNAPSHOT/dummy-data-0.0.1-SNAPSHOT.jar
15:50:50  [INFO] ------------------------------------------------------------------------
15:50:50  [INFO] Reactor Summary for backend 0.0.1-SNAPSHOT:
15:50:50  [INFO] 
15:50:50  [INFO] backend ............................................ SUCCESS [  0.528 s]
15:50:50  [INFO] common ............................................. SUCCESS [  5.423 s]
15:50:50  [INFO] discovery-service .................................. SUCCESS [  3.604 s]
15:50:50  [INFO] API Gateway ........................................ SUCCESS [  2.289 s]
15:50:50  [INFO] user-service ....................................... SUCCESS [  3.883 s]
15:50:50  [INFO] product-service .................................... SUCCESS [  3.395 s]
15:50:50  [INFO] media-service ...................................... SUCCESS [  1.522 s]
15:50:50  [INFO] dummy-data ......................................... SUCCESS [  0.807 s]
15:50:50  [INFO] ------------------------------------------------------------------------
15:50:50  [INFO] BUILD SUCCESS
15:50:50  [INFO] ------------------------------------------------------------------------
15:50:50  [INFO] Total time:  21.857 s
15:50:50  [INFO] Finished at: 2026-01-27T13:50:50Z
15:50:50  [INFO] ------------------------------------------------------------------------
15:50:50  + echo ‚úÖ Backend build completed
15:50:50  ‚úÖ Backend build completed
[Pipeline] }
[Pipeline] // script
[Pipeline] }
[Pipeline] // stage
[Pipeline] }
[Pipeline] // parallel
[Pipeline] }
[Pipeline] // stage
[Pipeline] stage
[Pipeline] { (üß™ Test Backend (Unit))
[Pipeline] script
[Pipeline] {
[Pipeline] echo
15:50:51  üß™ Running backend unit tests...
[Pipeline] echo
15:50:51  Testing user-service...
[Pipeline] sh

15:50:51  + [ -d /var/jenkins_home/workspace/buy-01-multibranch_main/backend/user-service ]
15:50:51  + docker run --rm --volumes-from jenkins-cicd -v jenkins_m2_cache:/root/.m2 -w /var/jenkins_home/workspace/buy-01-multibranch_main/backend maven:3.9.6-amazoncorretto-17 mvn test -B -Dtest=*UnitTest -pl user-service

15:50:53  [INFO] Scanning for projects...
15:50:53  [INFO] 
15:50:53  [INFO] ----------------------< com.backend:user-service >----------------------
15:50:53  [INFO] Building user-service 0.0.1-SNAPSHOT
15:50:53  [INFO]   from pom.xml
15:50:53  [INFO] --------------------------------[ jar ]---------------------------------

15:50:54  [INFO] 
15:50:54  [INFO] --- jacoco:0.8.11:prepare-agent (prepare-agent) @ user-service ---

15:50:54  [INFO] argLine set to -javaagent:/root/.m2/repository/org/jacoco/org.jacoco.agent/0.8.11/org.jacoco.agent-0.8.11-runtime.jar=destfile=/var/jenkins_home/workspace/buy-01-multibranch_main/backend/user-service/target/jacoco.exec
15:50:54  [INFO] 
15:50:54  [INFO] --- resources:3.3.1:resources (default-resources) @ user-service ---
15:50:54  [WARNING] Using platform encoding (UTF-8 actually) to copy filtered resources, i.e. build is platform dependent!
15:50:54  [INFO] Copying 4 resources from src/main/resources to target/classes
15:50:54  [INFO] 
15:50:54  [INFO] --- compiler:3.11.0:compile (default-compile) @ user-service ---
15:50:54  [INFO] Nothing to compile - all classes are up to date
15:50:54  [INFO] 
15:50:54  [INFO] --- resources:3.3.1:testResources (default-testResources) @ user-service ---
15:50:54  [WARNING] Using platform encoding (UTF-8 actually) to copy filtered resources, i.e. build is platform dependent!
15:50:54  [INFO] Copying 2 resources from src/test/resources to target/test-classes
15:50:54  [INFO] 
15:50:54  [INFO] --- compiler:3.11.0:testCompile (default-testCompile) @ user-service ---
15:50:54  [INFO] Nothing to compile - all classes are up to date
15:50:54  [INFO] 
15:50:54  [INFO] --- surefire:3.2.2:test (default-test) @ user-service ---
15:50:54  [INFO] Using auto detected provider org.apache.maven.surefire.junitplatform.JUnitPlatformProvider
15:50:54  [INFO] 
15:50:54  [INFO] -------------------------------------------------------
15:50:54  [INFO]  T E S T S
15:50:54  [INFO] -------------------------------------------------------

15:50:56  [INFO] Running com.backend.user_service.service.UserServiceUnitTest

15:50:56  OpenJDK 64-Bit Server VM warning: Sharing is only supported for boot loader classes because bootstrap classpath has been appended

15:50:59  [INFO] Tests run: 24, Failures: 0, Errors: 0, Skipped: 0, Time elapsed: 3.037 s -- in com.backend.user_service.service.UserServiceUnitTest
15:50:59  [INFO] 
15:50:59  [INFO] Results:
15:50:59  [INFO] 
15:50:59  [INFO] Tests run: 24, Failures: 0, Errors: 0, Skipped: 0
15:50:59  [INFO] 
15:50:59  [INFO] 
15:50:59  [INFO] --- jacoco:0.8.11:report (report) @ user-service ---
15:50:59  [INFO] Loading execution data file /var/jenkins_home/workspace/buy-01-multibranch_main/backend/user-service/target/jacoco.exec
15:50:59  [INFO] Analyzed bundle 'user-service' with 13 classes
15:50:59  [INFO] ------------------------------------------------------------------------
15:50:59  [INFO] BUILD SUCCESS
15:50:59  [INFO] ------------------------------------------------------------------------
15:50:59  [INFO] Total time:  6.368 s
15:50:59  [INFO] Finished at: 2026-01-27T13:50:59Z
15:50:59  [INFO] ------------------------------------------------------------------------

15:50:59  + echo ‚úÖ user-service unit tests passed
15:50:59  ‚úÖ user-service unit tests passed
[Pipeline] echo
15:50:59  Testing product-service...
[Pipeline] sh
15:50:59  + [ -d /var/jenkins_home/workspace/buy-01-multibranch_main/backend/product-service ]
15:50:59  + docker run --rm --volumes-from jenkins-cicd -v jenkins_m2_cache:/root/.m2 -w /var/jenkins_home/workspace/buy-01-multibranch_main/backend maven:3.9.6-amazoncorretto-17 mvn test -B -Dtest=*UnitTest -pl product-service

15:51:00  [INFO] Scanning for projects...
15:51:00  [INFO] 
15:51:00  [INFO] --------------------< com.backend:product-service >---------------------
15:51:00  [INFO] Building product-service 0.0.1-SNAPSHOT
15:51:00  [INFO]   from pom.xml
15:51:00  [INFO] --------------------------------[ jar ]---------------------------------
15:51:01  [INFO] 
15:51:01  [INFO] --- jacoco:0.8.11:prepare-agent (prepare-agent) @ product-service ---
15:51:01  [INFO] argLine set to -javaagent:/root/.m2/repository/org/jacoco/org.jacoco.agent/0.8.11/org.jacoco.agent-0.8.11-runtime.jar=destfile=/var/jenkins_home/workspace/buy-01-multibranch_main/backend/product-service/target/jacoco.exec
15:51:01  [INFO] 
15:51:01  [INFO] --- resources:3.3.1:resources (default-resources) @ product-service ---
15:51:01  [WARNING] Using platform encoding (UTF-8 actually) to copy filtered resources, i.e. build is platform dependent!
15:51:01  [INFO] Copying 4 resources from src/main/resources to target/classes
15:51:01  [INFO] 
15:51:01  [INFO] --- compiler:3.11.0:compile (default-compile) @ product-service ---
15:51:01  [INFO] Nothing to compile - all classes are up to date
15:51:01  [INFO] 
15:51:01  [INFO] --- resources:3.3.1:testResources (default-testResources) @ product-service ---
15:51:01  [WARNING] Using platform encoding (UTF-8 actually) to copy filtered resources, i.e. build is platform dependent!
15:51:01  [INFO] Copying 1 resource from src/test/resources to target/test-classes
15:51:01  [INFO] 
15:51:01  [INFO] --- compiler:3.11.0:testCompile (default-testCompile) @ product-service ---
15:51:01  [INFO] Nothing to compile - all classes are up to date
15:51:01  [INFO] 
15:51:01  [INFO] --- surefire:3.2.2:test (default-test) @ product-service ---

15:51:01  [INFO] Using auto detected provider org.apache.maven.surefire.junitplatform.JUnitPlatformProvider
15:51:01  [INFO] 
15:51:01  [INFO] -------------------------------------------------------
15:51:01  [INFO]  T E S T S
15:51:01  [INFO] -------------------------------------------------------

15:51:02  [INFO] Running com.backend.product_service.service.ProductServiceUnitTest
15:51:02  OpenJDK 64-Bit Server VM warning: Sharing is only supported for boot loader classes because bootstrap classpath has been appended

15:51:04  Get product by productID: product123
15:51:04  sending the delete request
15:51:04  Get product by productID: product123

15:51:04  Get product by productID: nonexistent
15:51:04  Get product by productID: product123
15:51:04  Get product by productID: product123
15:51:04  Get product by productID: product123
15:51:04  [INFO] Tests run: 24, Failures: 0, Errors: 0, Skipped: 0, Time elapsed: 2.248 s -- in com.backend.product_service.service.ProductServiceUnitTest
15:51:04  [INFO] 
15:51:04  [INFO] Results:
15:51:04  [INFO] 
15:51:04  [INFO] Tests run: 24, Failures: 0, Errors: 0, Skipped: 0
15:51:04  [INFO] 
15:51:04  [INFO] 
15:51:04  [INFO] --- jacoco:0.8.11:report (report) @ product-service ---
15:51:04  [INFO] Loading execution data file /var/jenkins_home/workspace/buy-01-multibranch_main/backend/product-service/target/jacoco.exec
15:51:04  [INFO] Analyzed bundle 'product-service' with 15 classes
15:51:04  [INFO] ------------------------------------------------------------------------
15:51:04  [INFO] BUILD SUCCESS
15:51:04  [INFO] ------------------------------------------------------------------------
15:51:04  [INFO] Total time:  4.219 s
15:51:04  [INFO] Finished at: 2026-01-27T13:51:04Z
15:51:04  [INFO] ------------------------------------------------------------------------
15:51:05  + echo ‚úÖ product-service unit tests passed
15:51:05  ‚úÖ product-service unit tests passed
[Pipeline] echo
15:51:05  Testing media-service...
[Pipeline] sh
15:51:05  + [ -d /var/jenkins_home/workspace/buy-01-multibranch_main/backend/media-service ]
15:51:05  + docker run --rm --volumes-from jenkins-cicd -v jenkins_m2_cache:/root/.m2 -w /var/jenkins_home/workspace/buy-01-multibranch_main/backend maven:3.9.6-amazoncorretto-17 mvn test -B -Dtest=*UnitTest -pl media-service

15:51:06  [INFO] Scanning for projects...

15:51:06  [INFO] 
15:51:06  [INFO] ---------------------< com.backend:media-service >----------------------
15:51:06  [INFO] Building media-service 0.0.1-SNAPSHOT
15:51:06  [INFO]   from pom.xml
15:51:06  [INFO] --------------------------------[ jar ]---------------------------------
15:51:07  [INFO] 
15:51:07  [INFO] --- jacoco:0.8.11:prepare-agent (prepare-agent) @ media-service ---
15:51:07  [INFO] argLine set to -javaagent:/root/.m2/repository/org/jacoco/org.jacoco.agent/0.8.11/org.jacoco.agent-0.8.11-runtime.jar=destfile=/var/jenkins_home/workspace/buy-01-multibranch_main/backend/media-service/target/jacoco.exec
15:51:07  [INFO] 
15:51:07  [INFO] --- resources:3.3.1:resources (default-resources) @ media-service ---
15:51:07  [WARNING] Using platform encoding (UTF-8 actually) to copy filtered resources, i.e. build is platform dependent!
15:51:07  [INFO] Copying 4 resources from src/main/resources to target/classes
15:51:07  [INFO] 
15:51:07  [INFO] --- compiler:3.13.0:compile (default-compile) @ media-service ---
15:51:07  [INFO] Nothing to compile - all classes are up to date.
15:51:07  [INFO] 
15:51:07  [INFO] --- resources:3.3.1:testResources (default-testResources) @ media-service ---
15:51:07  [WARNING] Using platform encoding (UTF-8 actually) to copy filtered resources, i.e. build is platform dependent!
15:51:07  [INFO] Copying 1 resource from src/test/resources to target/test-classes
15:51:07  [INFO] 
15:51:07  [INFO] --- compiler:3.13.0:testCompile (default-testCompile) @ media-service ---
15:51:07  [INFO] Nothing to compile - all classes are up to date.
15:51:07  [INFO] 
15:51:07  [INFO] --- surefire:3.2.2:test (default-test) @ media-service ---
15:51:07  [INFO] Using auto detected provider org.apache.maven.surefire.junitplatform.JUnitPlatformProvider
15:51:07  [INFO] 
15:51:07  [INFO] -------------------------------------------------------
15:51:07  [INFO]  T E S T S
15:51:07  [INFO] -------------------------------------------------------

15:51:08  [INFO] Running com.backend.media_service.service.MediaServiceUnitTest
15:51:08  OpenJDK 64-Bit Server VM warning: Sharing is only supported for boot loader classes because bootstrap classpath has been appended

15:51:09  Media deleted!
15:51:09  Media deleted!
15:51:09  [INFO] Tests run: 20, Failures: 0, Errors: 0, Skipped: 0, Time elapsed: 1.463 s -- in com.backend.media_service.service.MediaServiceUnitTest
15:51:09  [INFO] 
15:51:09  [INFO] Results:
15:51:09  [INFO] 
15:51:09  [INFO] Tests run: 20, Failures: 0, Errors: 0, Skipped: 0
15:51:09  [INFO] 
15:51:09  [INFO] 
15:51:09  [INFO] --- jacoco:0.8.11:report (report) @ media-service ---
15:51:09  [INFO] Loading execution data file /var/jenkins_home/workspace/buy-01-multibranch_main/backend/media-service/target/jacoco.exec
15:51:09  [INFO] Analyzed bundle 'media-service' with 6 classes
15:51:09  [INFO] ------------------------------------------------------------------------
15:51:09  [INFO] BUILD SUCCESS
15:51:09  [INFO] ------------------------------------------------------------------------
15:51:09  [INFO] Total time:  3.475 s
15:51:09  [INFO] Finished at: 2026-01-27T13:51:09Z
15:51:09  [INFO] ------------------------------------------------------------------------
15:51:10  + echo ‚úÖ media-service unit tests passed
15:51:10  ‚úÖ media-service unit tests passed
[Pipeline] echo
15:51:10  ‚úÖ All unit tests passed!
[Pipeline] }
[Pipeline] // script
[Pipeline] }
[Pipeline] // stage
[Pipeline] stage
[Pipeline] { (üß™ Test Frontend)
[Pipeline] script
[Pipeline] {
[Pipeline] echo
15:51:10  üß™ Running frontend unit tests...
[Pipeline] sh
15:51:10  + FRONTEND_PATH=/var/jenkins_home/workspace/buy-01-multibranch_main/frontend
15:51:10  + COVERAGE_FILE=/var/jenkins_home/workspace/buy-01-multibranch_main/frontend/coverage/frontend/lcov.info
15:51:10  + echo    Using frontend path: /var/jenkins_home/workspace/buy-01-multibranch_main/frontend
15:51:10     Using frontend path: /var/jenkins_home/workspace/buy-01-multibranch_main/frontend
15:51:10  + echo    Jenkins workspace: /var/jenkins_home/workspace/buy-01-multibranch_main
15:51:10     Jenkins workspace: /var/jenkins_home/workspace/buy-01-multibranch_main
15:51:10  + timeout 180 docker run --rm --volumes-from jenkins-cicd -w /var/jenkins_home/workspace/buy-01-multibranch_main/frontend --cap-add=SYS_ADMIN -e DBUS_SYSTEM_BUS_ADDRESS=unix:path=/dev/null node:22-alpine sh -c rm -rf node_modules/.package-lock.json 2>/dev/null || true;                             apk add --no-cache chromium chromium-swiftshader;                             npm install --legacy-peer-deps &&                             CHROME_BIN=/usr/bin/chromium npm run test -- --watch=false --browsers=ChromeHeadlessCI --code-coverage

15:51:11  (  1/186) Installing libxau (1.0.12-r0)
15:51:11  (  2/186) Installing libmd (1.1.0-r0)
15:51:11  (  3/186) Installing libbsd (0.12.2-r0)
15:51:11  (  4/186) Installing libxdmcp (1.1.5-r1)
15:51:11  (  5/186) Installing libxcb (1.17.0-r1)
15:51:11  (  6/186) Installing libx11 (1.8.12-r1)
15:51:11  (  7/186) Installing libxext (1.3.6-r2)
15:51:11  (  8/186) Installing hwdata-pci (0.401-r0)
15:51:11  (  9/186) Installing libpciaccess (0.18.1-r1)
15:51:11  ( 10/186) Installing libdrm (2.4.131-r0)
15:51:11  ( 11/186) Installing chromium-angle (144.0.7559.96-r0)
15:51:11  ( 12/186) Installing chromium-common (144.0.7559.96-r0)
15:51:11  ( 13/186) Installing libexpat (2.7.3-r0)
15:51:11  ( 14/186) Installing brotli-libs (1.2.0-r0)

15:51:11  ( 15/186) Installing libbz2 (1.0.8-r6)
15:51:11  ( 16/186) Installing libpng (1.6.54-r0)
15:51:11  ( 17/186) Installing freetype (2.14.1-r0)
15:51:11  ( 18/186) Installing fontconfig (2.17.1-r0)
15:51:11  ( 19/186) Installing libfontenc (1.1.8-r0)
15:51:11  ( 20/186) Installing mkfontscale (1.2.3-r1)
15:51:11  ( 21/186) Installing font-opensans (0_git20210927-r1)
15:51:11  ( 22/186) Installing libffi (3.5.2-r0)
15:51:11  ( 23/186) Installing libintl (0.24.1-r1)
15:51:11  ( 24/186) Installing libeconf (0.8.3-r0)
15:51:11  ( 25/186) Installing libblkid (2.41.2-r0)
15:51:11  ( 26/186) Installing libmount (2.41.2-r0)
15:51:11  ( 27/186) Installing pcre2 (10.47-r0)
15:51:11  ( 28/186) Installing glib (2.86.3-r0)
15:51:11  ( 29/186) Installing gobject-introspection (1.86.0-r0)
15:51:11  ( 30/186) Installing pkgconf (2.5.1-r0)
15:51:12  ( 31/186) Installing hicolor-icon-theme (0.18-r0)
15:51:12  ( 32/186) Installing xz-libs (5.8.2-r0)
15:51:12  ( 33/186) Installing libxml2 (2.13.9-r0)
15:51:12  ( 34/186) Installing shared-mime-info (2.4-r6)
15:51:12  ( 35/186) Installing libjpeg-turbo (3.1.2-r0)
15:51:12  ( 36/186) Installing libsharpyuv (1.6.0-r0)
15:51:12  ( 37/186) Installing libwebp (1.6.0-r0)
15:51:12  ( 38/186) Installing zstd-libs (1.5.7-r2)
15:51:12  ( 39/186) Installing tiff (4.7.1-r0)
15:51:12  ( 40/186) Installing gdk-pixbuf (2.44.4-r0)
15:51:12  ( 41/186) Installing gtk-update-icon-cache (3.24.51-r0)
15:51:12  ( 42/186) Installing libxcomposite (0.4.6-r5)
15:51:12  ( 43/186) Installing libxfixes (6.0.2-r0)
15:51:12  ( 44/186) Installing libxrender (0.9.12-r0)
15:51:12  ( 45/186) Installing libxcursor (1.2.3-r0)
15:51:12  ( 46/186) Installing libxdamage (1.1.6-r5)
15:51:12  ( 47/186) Installing libxi (1.8.2-r0)
15:51:12  ( 48/186) Installing libxinerama (1.1.5-r4)
15:51:12  ( 49/186) Installing libxrandr (1.5.4-r1)
15:51:12  ( 50/186) Installing libatk-1.0 (2.58.3-r0)
15:51:12  ( 51/186) Installing dbus-libs (1.16.2-r1)
15:51:12  ( 52/186) Installing at-spi2-core-libs (2.58.3-r0)
15:51:12  ( 53/186) Installing gdbm (1.26-r0)
15:51:12  ( 54/186) Installing mpdecimal (4.0.1-r0)
15:51:12  ( 55/186) Installing ncurses-terminfo-base (6.5_p20251123-r0)

15:51:12  ( 56/186) Installing libncursesw (6.5_p20251123-r0)
15:51:12  ( 57/186) Installing libpanelw (6.5_p20251123-r0)
15:51:12  ( 58/186) Installing readline (8.3.1-r0)
15:51:12  ( 59/186) Installing sqlite-libs (3.51.2-r0)
15:51:12  ( 60/186) Installing python3 (3.12.12-r0)
15:51:13  ( 61/186) Installing python3-pycache-pyc0 (3.12.12-r0)
15:51:13  ( 62/186) Installing pyc (3.12.12-r0)
15:51:13  ( 63/186) Installing python3-pyc (3.12.12-r0)
15:51:13  ( 64/186) Installing libxtst (1.2.5-r0)
15:51:13  ( 65/186) Installing at-spi2-core (2.58.3-r0)
15:51:13  ( 66/186) Installing libatk-bridge-2.0 (2.58.3-r0)
15:51:13  ( 67/186) Installing pixman (0.46.4-r0)
15:51:13  ( 68/186) Installing cairo (1.18.4-r0)
15:51:13  ( 69/186) Installing cairo-gobject (1.18.4-r0)
15:51:13  ( 70/186) Installing avahi-libs (0.8-r23)
15:51:13  ( 71/186) Installing gmp (6.3.0-r4)
15:51:13  ( 72/186) Installing nettle (3.10.2-r0)
15:51:13  ( 73/186) Installing libunistring (1.4.1-r0)

15:51:13  ( 74/186) Installing libidn2 (2.3.8-r0)
15:51:13  ( 75/186) Installing libtasn1 (4.21.0-r0)
15:51:13  ( 76/186) Installing p11-kit (0.25.5-r2)
15:51:13  ( 77/186) Installing gnutls (3.8.11-r0)
15:51:13  ( 78/186) Installing cups-libs (2.4.16-r0)
15:51:13  ( 79/186) Installing libepoxy (1.5.10-r1)
15:51:13  ( 80/186) Installing fribidi (1.0.16-r2)
15:51:13  ( 81/186) Installing graphite2 (1.3.14-r6)
15:51:13  ( 82/186) Installing harfbuzz (12.2.0-r0)
15:51:13  ( 83/186) Installing libxft (2.3.9-r0)
15:51:13  ( 84/186) Installing pango (1.56.4-r0)
15:51:13  ( 85/186) Installing wayland-libs-client (1.24.0-r0)
15:51:13  ( 86/186) Installing wayland-libs-cursor (1.24.0-r0)
15:51:13  ( 87/186) Installing wayland-libs-egl (1.24.0-r0)
15:51:13  ( 88/186) Installing xkeyboard-config (2.46-r0)
15:51:13  ( 89/186) Installing libxkbcommon (1.12.2-r0)
15:51:13  ( 90/186) Installing gtk+3.0 (3.24.51-r0)
15:51:14  ( 91/186) Installing icu-data-full (76.1-r1)

15:51:15  ( 92/186) Installing llvm21-libs (21.1.2-r1)

15:51:20  ( 93/186) Installing spirv-tools (1.4.321.0-r1)
15:51:20  ( 94/186) Installing libelf (0.194-r0)
15:51:20  ( 95/186) Installing libxshmfence (1.3.3-r0)
15:51:20  ( 96/186) Installing mesa (25.2.7-r1)

15:51:21  ( 97/186) Installing mesa-gbm (25.2.7-r1)
15:51:21  ( 98/186) Installing mesa-dri-gallium (25.2.7-r1)
15:51:21  ( 99/186) Installing eudev-libs (3.2.14-r6)
15:51:21  (100/186) Installing libmagic (5.46-r2)
15:51:21  (101/186) Installing file (5.46-r2)
15:51:21  (102/186) Installing xprop (1.2.8-r0)
15:51:21  (103/186) Installing libice (1.1.2-r0)
15:51:21  (104/186) Installing libuuid (2.41.2-r0)
15:51:21  (105/186) Installing libsm (1.2.6-r0)
15:51:21  (106/186) Installing libxt (1.3.1-r0)
15:51:21  (107/186) Installing libxmu (1.2.1-r0)
15:51:21  (108/186) Installing xset (1.2.5-r1)
15:51:21  (109/186) Installing xdg-utils (1.2.1-r1)
15:51:21  (110/186) Installing libogg (1.3.6-r0)
15:51:21  (111/186) Installing libflac (1.4.3-r2)
15:51:21  (112/186) Installing alsa-lib (1.2.14-r2)
15:51:22  (113/186) Installing libSvtAv1Enc (3.1.2-r0)
15:51:22  (114/186) Installing aom-libs (3.13.1-r0)
15:51:22  (115/186) Installing libva (2.22.0-r1)
15:51:22  (116/186) Installing libvdpau (1.5-r4)
15:51:22  (117/186) Installing ffmpeg-libavutil (8.0.1-r1)
15:51:22  (118/186) Installing libdav1d (1.5.2-r0)
15:51:22  (119/186) Installing libhwy (1.3.0-r0)
15:51:22  (120/186) Installing lcms2 (2.17-r0)
15:51:22  (121/186) Installing libjxl (0.11.1-r3)
15:51:22  (122/186) Installing lame-libs (3.100-r5)

15:51:22  (123/186) Installing opus (1.5.2-r1)
15:51:22  (124/186) Installing rav1e-libs (0.8.1-r0)
15:51:22  (125/186) Installing glslang-libs (1.4.321.0-r0)
15:51:22  (126/186) Installing shaderc (2025.3-r0)
15:51:22  (127/186) Installing libgomp (15.2.0-r2)
15:51:22  (128/186) Installing soxr (0.1.3-r7)
15:51:22  (129/186) Installing ffmpeg-libswresample (8.0.1-r1)
15:51:23  (130/186) Installing libtheora (1.2.0-r0)
15:51:23  (131/186) Installing libvorbis (1.3.7-r2)
15:51:23  (132/186) Installing libvpx (1.15.2-r0)
15:51:23  (133/186) Installing libwebpmux (1.6.0-r0)
15:51:23  (134/186) Installing x264-libs (0.164.3108-r1)
15:51:23  (135/186) Installing numactl (2.0.18-r0)
15:51:23  (136/186) Installing x265-libs (4.1-r0)
15:51:23  (137/186) Installing xvidcore (1.3.7-r2)
15:51:23  (138/186) Installing ffmpeg-libavcodec (8.0.1-r1)

15:51:24  (139/186) Installing libudfread (1.2.0-r0)
15:51:24  (140/186) Installing libbluray (1.4.0-r0)
15:51:24  (141/186) Installing mpg123-libs (1.33.3-r0)

15:51:24  (142/186) Installing libopenmpt (0.8.3-r0)
15:51:24  (143/186) Installing cjson (1.7.19-r1)
15:51:24  (144/186) Installing mbedtls (3.6.5-r0)
15:51:24  (145/186) Installing librist (0.2.10-r1)
15:51:24  (146/186) Installing libsrt (1.5.3-r1)
15:51:25  (147/186) Installing libssh (0.11.3-r0)
15:51:25  (148/186) Installing libsodium (1.0.20-r1)
15:51:25  (149/186) Installing libzmq (4.3.5-r2)
15:51:25  (150/186) Installing ffmpeg-libavformat (8.0.1-r1)
15:51:25  (151/186) Installing crc32c (1.1.2-r3)
15:51:25  (152/186) Installing double-conversion (3.3.1-r0)
15:51:25  (153/186) Installing harfbuzz-subset (12.2.0-r0)
15:51:25  (154/186) Installing minizip (1.3.1-r0)
15:51:25  (155/186) Installing nspr (4.36-r0)
15:51:25  (156/186) Installing nss (3.118.1-r0)
15:51:25  (157/186) Installing openh264 (2.6.0-r0)

15:51:25  (158/186) Installing libpisp (1.2.0-r0)
15:51:25  (159/186) Installing libcamera-ipa (0.6.0-r0)
15:51:25  (160/186) Installing libunwind (1.8.1-r0)
15:51:25  (161/186) Installing yaml (0.2.5-r2)
15:51:25  (162/186) Installing libcamera (0.6.0-r0)
15:51:26  (163/186) Installing serd-libs (0.32.4-r0)
15:51:26  (164/186) Installing zix-libs (0.6.2-r0)
15:51:26  (165/186) Installing sord-libs (0.16.18-r0)
15:51:26  (166/186) Installing sratom (0.6.18-r0)
15:51:26  (167/186) Installing lilv-libs (0.24.26-r0)
15:51:26  (168/186) Installing speexdsp (1.2.1-r2)
15:51:26  (169/186) Installing libuv (1.51.0-r0)
15:51:26  (170/186) Installing roc-toolkit-libs (0.4.0-r1)
15:51:26  (171/186) Installing libsndfile (1.2.2-r2)
15:51:26  (172/186) Installing abseil-cpp-raw-logging-internal (20250814.1-r0)
15:51:26  (173/186) Installing abseil-cpp-strings-internal (20250814.1-r0)
15:51:26  (174/186) Installing abseil-cpp-strings (20250814.1-r0)
15:51:26  (175/186) Installing webrtc-audio-processing-2 (2.1-r1)
15:51:26  (176/186) Installing pipewire-libs (1.4.9-r4)
15:51:26  (177/186) Installing libasyncns (0.8-r4)
15:51:26  (178/186) Installing libltdl (2.5.4-r2)
15:51:26  (179/186) Installing orc (0.4.41-r0)
15:51:26  (180/186) Installing tdb-libs (1.4.14-r0)
15:51:26  (181/186) Installing libpulse (17.0-r5)
15:51:26  (182/186) Installing simdutf (7.5.0-r1)
15:51:26  (183/186) Installing libwebpdemux (1.6.0-r0)
15:51:26  (184/186) Installing libxslt (1.1.43-r3)
15:51:26  (185/186) Installing chromium (144.0.7559.96-r0)

15:51:33  (186/186) Installing chromium-swiftshader (144.0.7559.96-r0)
15:51:33  Executing busybox-1.37.0-r30.trigger
15:51:33  Executing fontconfig-2.17.1-r0.trigger
15:51:33  Executing mkfontscale-1.2.3-r1.trigger
15:51:33  Executing glib-2.86.3-r0.trigger
15:51:33  Executing shared-mime-info-2.4-r6.trigger

15:51:33  Executing gdk-pixbuf-2.44.4-r0.trigger
15:51:33  Executing gtk-update-icon-cache-3.24.51-r0.trigger
15:51:33  Executing gtk+3.0-3.24.51-r0.trigger
15:51:33  OK: 699.1 MiB in 204 packages

15:51:35  
15:51:35  up to date, audited 558 packages in 1s
15:51:35  
15:51:35  108 packages are looking for funding
15:51:35    run `npm fund` for details
15:51:35  
15:51:35  found 0 vulnerabilities
15:51:35  npm notice
15:51:35  npm notice New major version of npm available! 10.9.4 -> 11.8.0
15:51:35  npm notice Changelog: https://github.com/npm/cli/releases/tag/v11.8.0
15:51:35  npm notice To update run: npm install -g npm@11.8.0
15:51:35  npm notice
15:51:35  
15:51:35  > frontend@0.0.0 test
15:51:35  > ng test --watch=false --browsers=ChromeHeadlessCI --code-coverage
15:51:35  

15:51:36  ‚ùØ Building...

15:51:41  ‚úî Building...
15:51:41  Initial chunk files                                                         | Names                                                                    |  Raw size
15:51:41  chunk-SM55TLZF.js                                                           | -                                                                        |   2.32 MB | 
15:51:41  polyfills.js                                                                | polyfills                                                                |   1.04 MB | 
15:51:41  chunk-7PDBSGD7.js                                                           | -                                                                        | 360.71 kB | 
15:51:41  chunk-TRU4QBCV.js                                                           | -                                                                        | 269.24 kB | 
15:51:41  chunk-3BR3ARV3.js                                                           | -                                                                        | 246.28 kB | 
15:51:41  chunk-W43CR5U5.js                                                           | -                                                                        | 237.97 kB | 
15:51:41  chunk-V32SAH5G.js                                                           | -                                                                        | 232.75 kB | 
15:51:41  chunk-OXZUKNGC.js                                                           | -                                                                        | 205.47 kB | 
15:51:41  chunk-4GEX54VE.js                                                           | -                                                                        | 202.60 kB | 
15:51:41  chunk-DCSDMSY5.js                                                           | -                                                                        | 179.18 kB | 
15:51:41  chunk-DPBZS77A.js                                                           | -                                                                        | 170.69 kB | 
15:51:41  chunk-JV627KPO.js                                                           | -                                                                        | 163.38 kB | 
15:51:41  chunk-WPY7UK45.js                                                           | -                                                                        | 125.23 kB | 
15:51:41  chunk-7P2XZV7M.js                                                           | -                                                                        | 108.66 kB | 
15:51:41  chunk-BTORPEND.js                                                           | -                                                                        | 108.48 kB | 
15:51:41  chunk-TZV7O4D2.js                                                           | -                                                                        | 105.50 kB | 
15:51:41  styles.css                                                                  | styles                                                                   | 103.59 kB | 
15:51:41  chunk-JY4HPL2B.js                                                           | -                                                                        |  88.16 kB | 
15:51:41  spec-app-layouts-main-layout-main-layout.spec.js                            | spec-app-layouts-main-layout-main-layout.spec                            |  87.75 kB | 
15:51:41  spec-app-pages-my-info-my-info.spec.js                                      | spec-app-pages-my-info-my-info.spec                                      |  84.96 kB | 
15:51:41  spec-app-interceptors-error.interceptor.spec.js                             | spec-app-interceptors-error.interceptor.spec                             |  84.36 kB | 
15:51:41  spec-app-pages-create-product-create-product.spec.js                        | spec-app-pages-create-product-create-product.spec                        |  78.21 kB | 
15:51:41  spec-app-pages-product-detail-product-detail.spec.js                        | spec-app-pages-product-detail-product-detail.spec                        |  69.11 kB | 
15:51:41  jasmine-cleanup-1.js                                                        | jasmine-cleanup-1                                                        |  67.20 kB | 
15:51:41  chunk-X44WUKYA.js                                                           | -                                                                        |  64.30 kB | 
15:51:41  spec-app-pages-register-register.spec.js                                    | spec-app-pages-register-register.spec                                    |  53.61 kB | 
15:51:41  chunk-C3QXLBXT.js                                                           | -                                                                        |  51.46 kB | 
15:51:41  chunk-WXZP7GON.js                                                           | -                                                                        |  43.42 kB | 
15:51:41  spec-app-pages-home-home.spec.js                                            | spec-app-pages-home-home.spec                                            |  41.94 kB | 
15:51:41  spec-app-services-auth.spec.js                                              | spec-app-services-auth.spec                                              |  40.90 kB | 
15:51:41  spec-app-pages-my-products-my-products.spec.js                              | spec-app-pages-my-products-my-products.spec                              |  40.74 kB | 
15:51:41  chunk-FMQFN7PP.js                                                           | -                                                                        |  40.19 kB | 
15:51:41  spec-app-pages-login-login.spec.js                                          | spec-app-pages-login-login.spec                                          |  37.67 kB | 
15:51:41  spec-app-services-product-service.spec.js                                   | spec-app-services-product-service.spec                                   |  33.78 kB | 
15:51:41  spec-app-services-user.spec.js                                              | spec-app-services-user.spec                                              |  33.10 kB | 
15:51:41  chunk-WM6X75RN.js                                                           | -                                                                        |  30.30 kB | 
15:51:41  chunk-TM27UBZB.js                                                           | -                                                                        |  27.98 kB | 
15:51:41  chunk-5FIOUAP6.js                                                           | -                                                                        |  26.68 kB | 
15:51:41  spec-app-interceptors-auth.interceptor.spec.js                              | spec-app-interceptors-auth.interceptor.spec                              |  23.51 kB | 
15:51:41  chunk-XGJANMUQ.js                                                           | -                                                                        |  23.46 kB | 
15:51:41  chunk-CI5LKR5V.js                                                           | -                                                                        |  22.64 kB | 
15:51:41  chunk-O3JEEBP6.js                                                           | -                                                                        |  22.59 kB | 
15:51:41  chunk-75QI75RI.js                                                           | -                                                                        |  20.46 kB | 
15:51:41  chunk-K3GMRSJ4.js                                                           | -                                                                        |  19.24 kB | 
15:51:41  chunk-SM67AYVZ.js                                                           | -                                                                        |  16.95 kB | 
15:51:41  chunk-OBNDTKC7.js                                                           | -                                                                        |  15.88 kB | 
15:51:41  spec-app-components-product-card-product-card.spec.js                       | spec-app-components-product-card-product-card.spec                       |  14.75 kB | 
15:51:41  spec-app-guards-logged-in-guard.spec.js                                     | spec-app-guards-logged-in-guard.spec                                     |  13.91 kB | 
15:51:41  spec-app-guards-auth-guard.spec.js                                          | spec-app-guards-auth-guard.spec                                          |  13.67 kB | 
15:51:41  chunk-EH2Q7CYT.js                                                           | -                                                                        |  13.45 kB | 
15:51:41  chunk-WTUJIUC6.js                                                           | -                                                                        |  12.48 kB | 
15:51:41  spec-app-components-edit-product-modal-edit-product-modal.spec.js           | spec-app-components-edit-product-modal-edit-product-modal.spec           |  12.41 kB | 
15:51:41  spec-app-components-update-info-form-update-info-form.spec.js               | spec-app-components-update-info-form-update-info-form.spec               |  11.07 kB | 
15:51:41  spec-app-components-navbar-navbar.spec.js                                   | spec-app-components-navbar-navbar.spec                                   |   9.61 kB | 
15:51:41  chunk-NVDVIQZQ.js                                                           | -                                                                        |   9.03 kB | 
15:51:41  chunk-MG5MH47O.js                                                           | -                                                                        |   8.15 kB | 
15:51:41  spec-app-app.spec.js                                                        | spec-app-app.spec                                                        |   6.77 kB | 
15:51:41  spec-app-components-sidenav-sidenav.spec.js                                 | spec-app-components-sidenav-sidenav.spec                                 |   6.70 kB | 
15:51:41  spec-app-layouts-auth-layout-auth-layout.spec.js                            | spec-app-layouts-auth-layout-auth-layout.spec                            |   6.55 kB | 
15:51:41  chunk-HRPWT7YZ.js                                                           | -                                                                        |   5.90 kB | 
15:51:41  chunk-ZL3ABH77.js                                                           | -                                                                        |   5.11 kB | 
15:51:41  spec-app-components-image-cropper-modal-image-cropper-modal.spec.js         | spec-app-components-image-cropper-modal-image-cropper-modal.spec         |   4.83 kB | 
15:51:41  test_main.js                                                                | test_main                                                                |   4.39 kB | 
15:51:41  spec-app-components-password-confirm-dialog-password-confirm-dialog.spec.js | spec-app-components-password-confirm-dialog-password-confirm-dialog.spec |   4.04 kB | 
15:51:41  spec-app-components-confirm-dialog-confirm-dialog.spec.js                   | spec-app-components-confirm-dialog-confirm-dialog.spec                   |   3.26 kB | 
15:51:41  chunk-DZYXDVEG.js                                                           | -                                                                        |   2.95 kB | 
15:51:41  jasmine-cleanup-0.js                                                        | jasmine-cleanup-0                                                        | 519 bytes | 
15:51:41  
15:51:41                                                                              | Initial total                                                            |   7.64 MB
15:51:41  
15:51:41  Application bundle generation complete. [4.894 seconds] - 2026-01-27T13:51:40.990Z
15:51:41  
15:51:41  27 01 2026 13:51:41.235:INFO [karma-server]: Karma v6.4.4 server started at http://localhost:9876/
15:51:41  27 01 2026 13:51:41.235:INFO [launcher]: Launching browsers ChromeHeadlessCI with concurrency unlimited
15:51:41  27 01 2026 13:51:41.240:INFO [launcher]: Starting browser ChromeHeadless
15:51:41  27 01 2026 13:51:41.601:INFO [Chrome Headless 144.0.0.0 (Linux 0.0.0)]: Connected on socket DgmbJasGei5JuqQ8AAAB with id 43426401

15:51:42  Chrome Headless 144.0.0.0 (Linux 0.0.0): Executed 0 of 267 SUCCESS (0 secs / 0 secs)
15:51:42  Chrome Headless 144.0.0.0 (Linux 0.0.0): Executed 1 of 267 SUCCESS (0 secs / 0.015 secs)
15:51:42  Chrome Headless 144.0.0.0 (Linux 0.0.0): Executed 2 of 267 SUCCESS (0 secs / 0.019 secs)
15:51:42  Chrome Headless 144.0.0.0 (Linux 0.0.0) SidenavComponent should create FAILED
15:51:42  	TypeError: this.router.createUrlTree is not a function
15:51:42  	    at _RouterLink.get urlTree [as urlTree] (http://localhost:9876/darwin_arm64-fastbuild-ST-199a4f3c4e20/bin/packages/router/src/directives/router_link.ts:455:24)
15:51:42  	    at _RouterLink.updateHref (http://localhost:9876/darwin_arm64-fastbuild-ST-199a4f3c4e20/bin/packages/router/src/directives/router_link.ts:431:26)
15:51:42  	    at _RouterLink.ngOnChanges (http://localhost:9876/darwin_arm64-fastbuild-ST-199a4f3c4e20/bin/packages/router/src/directives/router_link.ts:341:12)
15:51:42  	    at _RouterLink.rememberChangeHistoryAndInvokeOnChangesHook (http://localhost:9876/darwin_arm64-fastbuild-ST-199a4f3c4e20/bin/packages/core/src/render3/features/ng_onchanges_feature.ts:83:10)
15:51:42  	    at callHookInternal (http://localhost:9876/darwin_arm64-fastbuild-ST-199a4f3c4e20/bin/packages/core/src/render3/hooks.ts:290:10)
15:51:42  	    at callHook (http://localhost:9876/darwin_arm64-fastbuild-ST-199a4f3c4e20/bin/packages/core/src/render3/hooks.ts:322:5)
15:51:42  	    at callHooks (http://localhost:9876/darwin_arm64-fastbuild-ST-199a4f3c4e20/bin/packages/core/src/render3/hooks.ts:270:9)
15:51:42  	    at executeInitAndCheckHooks (http://localhost:9876/darwin_arm64-fastbuild-ST-199a4f3c4e20/bin/packages/core/src/render3/hooks.ts:205:5)
15:51:42  	    at selectIndexInternal (http://localhost:9876/darwin_arm64-fastbuild-ST-199a4f3c4e20/bin/packages/core/src/render3/instructions/advance.ts:74:9)
15:51:42  	    at …µ…µadvance (http://localhost:9876/darwin_arm64-fastbuild-ST-199a4f3c4e20/bin/packages/core/src/render3/instructions/advance.ts:45:3)
15:51:42  Chrome Headless 144.0.0.0 (Linux 0.0.0): Executed 3 of 267 (1 FAILED) (0 secs / 0.287 secs)
15:51:42  Chrome Headless 144.0.0.0 (Linux 0.0.0) SidenavComponent should create FAILED
15:51:42  	TypeError: this.router.createUrlTree is not a function
15:51:42  	    at _RouterLink.get urlTree [as urlTree] (http://localhost:9876/darwin_arm64-fastbuild-ST-199a4f3c4e20/bin/packages/router/src/directives/router_link.ts:455:24)
15:51:42  	    at _RouterLink.updateHref (http://localhost:9876/darwin_arm64-fastbuild-ST-199a4f3c4e20/bin/packages/router/src/directives/router_link.ts:431:26)
15:51:42  	    at _RouterLink.ngOnChanges (http://localhost:9876/darwin_arm64-fastbuild-ST-199a4f3c4e20/bin/packages/router/src/directives/router_link.ts:341:12)
15:51:42  	    at _RouterLink.rememberChangeHistoryAndInvokeOnChangesHook (http://localhost:9876/darwin_arm64-fastbuild-ST-199a4f3c4e20/bin/packages/core/src/render3/features/ng_onchanges_feature.ts:83:10)
15:51:42  	    at callHookInternal (http://localhost:9876/darwin_arm64-fastbuild-ST-199a4f3c4e20/bin/packages/core/src/render3/hooks.ts:290:10)
15:51:42  	    at callHook (http://localhost:9876/darwin_arm64-fastbuild-ST-199a4f3c4e20/bin/packages/core/src/render3/hooks.ts:322:5)
15:51:42  	    at callHooks (http://localhost:9876/darwin_arm64-fastbuild-ST-199a4f3c4e20/bin/packages/core/src/render3/hooks.ts:270:9)
15:51:42  	    at executeInitAndCheckHooks (http://localhost:9876/darwin_arm64-fastbuild-ST-199a4f3c4e20/bin/packages/core/src/render3/hooks.ts:205:5)
15:51:42  	    at selectIndexInternal (http://localhost:9876/darwin_arm64-fastbuild-ST-199a4f3c4e20/bin/packages/core/src/render3/instructions/advance.ts:74:9)
15:51:42  	    at …µ…µadvance (http://localhost:9876/darwin_arm64-fastbuild-ST-199a4f3c4e20/bin/packages/core/src/render3/instructions/advance.ts:45:3)
15:51:42  Chrome Headless 144.0.0.0 (Linux 0.0.0) SidenavComponent should call isSeller and return role from authService FAILED
15:51:42  	TypeError: this.router.createUrlTree is not a function
15:51:42  	    at _RouterLink.get urlTree [as urlTree] (http://localhost:9876/darwin_arm64-fastbuild-ST-199a4f3c4e20/bin/packages/router/src/directives/router_link.ts:455:24)
15:51:42  	    at _RouterLink.updateHref (http://localhost:9876/darwin_arm64-fastbuild-ST-199a4f3c4e20/bin/packages/router/src/directives/router_link.ts:431:26)
15:51:42  	    at _RouterLink.ngOnChanges (http://localhost:9876/darwin_arm64-fastbuild-ST-199a4f3c4e20/bin/packages/router/src/directives/router_link.ts:341:12)
15:51:42  	    at _RouterLink.rememberChangeHistoryAndInvokeOnChangesHook (http://localhost:9876/darwin_arm64-fastbuild-ST-199a4f3c4e20/bin/packages/core/src/render3/features/ng_onchanges_feature.ts:83:10)
15:51:42  	    at callHookInternal (http://localhost:9876/darwin_arm64-fastbuild-ST-199a4f3c4e20/bin/packages/core/src/render3/hooks.ts:290:10)
15:51:42  	    at callHook (http://localhost:9876/darwin_arm64-fastbuild-ST-199a4f3c4e20/bin/packages/core/src/render3/hooks.ts:322:5)
15:51:42  	    at callHooks (http://localhost:9876/darwin_arm64-fastbuild-ST-199a4f3c4e20/bin/packages/core/src/render3/hooks.ts:270:9)
15:51:42  	    at executeInitAndCheckHooks (http://localhost:9876/darwin_arm64-fastbuild-ST-199a4f3c4e20/bin/packages/core/src/render3/hooks.ts:205:5)
15:51:42  	    at selectIndexInternal (http://localhost:9876/darwin_arm64-fastbuild-ST-199a4f3c4e20/bin/packages/core/src/render3/instructions/advance.ts:74:9)
15:51:42  	    at …µ…µadvance (http://localhost:9876/darwin_arm64-fastbuild-ST-199a4f3c4e20/bin/packages/core/src/render3/instructions/advance.ts:45:3)
15:51:42  Chrome Headless 144.0.0.0 (Linux 0.0.0): Executed 4 of 267 (2 FAILED) (0 secs / 0.292 secs)
15:51:42  Chrome Headless 144.0.0.0 (Linux 0.0.0) SidenavComponent should call isSeller and return role from authService FAILED
15:51:42  	TypeError: this.router.createUrlTree is not a function
15:51:42  	    at _RouterLink.get urlTree [as urlTree] (http://localhost:9876/darwin_arm64-fastbuild-ST-199a4f3c4e20/bin/packages/router/src/directives/router_link.ts:455:24)
15:51:42  	    at _RouterLink.updateHref (http://localhost:9876/darwin_arm64-fastbuild-ST-199a4f3c4e20/bin/packages/router/src/directives/router_link.ts:431:26)
15:51:42  	    at _RouterLink.ngOnChanges (http://localhost:9876/darwin_arm64-fastbuild-ST-199a4f3c4e20/bin/packages/router/src/directives/router_link.ts:341:12)
15:51:42  	    at _RouterLink.rememberChangeHistoryAndInvokeOnChangesHook (http://localhost:9876/darwin_arm64-fastbuild-ST-199a4f3c4e20/bin/packages/core/src/render3/features/ng_onchanges_feature.ts:83:10)
15:51:42  	    at callHookInternal (http://localhost:9876/darwin_arm64-fastbuild-ST-199a4f3c4e20/bin/packages/core/src/render3/hooks.ts:290:10)
15:51:42  	    at callHook (http://localhost:9876/darwin_arm64-fastbuild-ST-199a4f3c4e20/bin/packages/core/src/render3/hooks.ts:322:5)
15:51:42  	    at callHooks (http://localhost:9876/darwin_arm64-fastbuild-ST-199a4f3c4e20/bin/packages/core/src/render3/hooks.ts:270:9)
15:51:42  	    at executeInitAndCheckHooks (http://localhost:9876/darwin_arm64-fastbuild-ST-199a4f3c4e20/bin/packages/core/src/render3/hooks.ts:205:5)
15:51:42  	    at selectIndexInternal (http://localhost:9876/darwin_arm64-fastbuild-ST-199a4f3c4e20/bin/packages/core/src/render3/instructions/advance.ts:74:9)
15:51:42  	    at …µ…µadvance (http://localhost:9876/darwin_arm64-fastbuild-ST-199a4f3c4e20/bin/packages/core/src/render3/instructions/advance.ts:45:3)
15:51:42  Chrome Headless 144.0.0.0 (Linux 0.0.0) SidenavComponent should return false from isSeller when not SELLER FAILED
15:51:42  	TypeError: this.router.createUrlTree is not a function
15:51:42  	    at _RouterLink.get urlTree [as urlTree] (http://localhost:9876/darwin_arm64-fastbuild-ST-199a4f3c4e20/bin/packages/router/src/directives/router_link.ts:455:24)
15:51:42  	    at _RouterLink.updateHref (http://localhost:9876/darwin_arm64-fastbuild-ST-199a4f3c4e20/bin/packages/router/src/directives/router_link.ts:431:26)
15:51:42  	    at _RouterLink.ngOnChanges (http://localhost:9876/darwin_arm64-fastbuild-ST-199a4f3c4e20/bin/packages/router/src/directives/router_link.ts:341:12)
15:51:42  	    at _RouterLink.rememberChangeHistoryAndInvokeOnChangesHook (http://localhost:9876/darwin_arm64-fastbuild-ST-199a4f3c4e20/bin/packages/core/src/render3/features/ng_onchanges_feature.ts:83:10)
15:51:42  	    at callHookInternal (http://localhost:9876/darwin_arm64-fastbuild-ST-199a4f3c4e20/bin/packages/core/src/render3/hooks.ts:290:10)
15:51:42  	    at callHook (http://localhost:9876/darwin_arm64-fastbuild-ST-199a4f3c4e20/bin/packages/core/src/render3/hooks.ts:322:5)
15:51:42  	    at callHooks (http://localhost:9876/darwin_arm64-fastbuild-ST-199a4f3c4e20/bin/packages/core/src/render3/hooks.ts:270:9)
15:51:42  	    at executeInitAndCheckHooks (http://localhost:9876/darwin_arm64-fastbuild-ST-199a4f3c4e20/bin/packages/core/src/render3/hooks.ts:205:5)
15:51:42  	    at selectIndexInternal (http://localhost:9876/darwin_arm64-fastbuild-ST-199a4f3c4e20/bin/packages/core/src/render3/instructions/advance.ts:74:9)
15:51:42  	    at …µ…µadvance (http://localhost:9876/darwin_arm64-fastbuild-ST-199a4f3c4e20/bin/packages/core/src/render3/instructions/advance.ts:45:3)
15:51:42  Chrome Headless 144.0.0.0 (Linux 0.0.0): Executed 5 of 267 (3 FAILED) (0 secs / 0.296 secs)
15:51:42  Chrome Headless 144.0.0.0 (Linux 0.0.0) SidenavComponent should return false from isSeller when not SELLER FAILED
15:51:42  	TypeError: this.router.createUrlTree is not a function
15:51:42  	    at _RouterLink.get urlTree [as urlTree] (http://localhost:9876/darwin_arm64-fastbuild-ST-199a4f3c4e20/bin/packages/router/src/directives/router_link.ts:455:24)
15:51:42  	    at _RouterLink.updateHref (http://localhost:9876/darwin_arm64-fastbuild-ST-199a4f3c4e20/bin/packages/router/src/directives/router_link.ts:431:26)
15:51:42  	    at _RouterLink.ngOnChanges (http://localhost:9876/darwin_arm64-fastbuild-ST-199a4f3c4e20/bin/packages/router/src/directives/router_link.ts:341:12)
15:51:42  	    at _RouterLink.rememberChangeHistoryAndInvokeOnChangesHook (http://localhost:9876/darwin_arm64-fastbuild-ST-199a4f3c4e20/bin/packages/core/src/render3/features/ng_onchanges_feature.ts:83:10)
15:51:42  	    at callHookInternal (http://localhost:9876/darwin_arm64-fastbuild-ST-199a4f3c4e20/bin/packages/core/src/render3/hooks.ts:290:10)
15:51:42  	    at callHook (http://localhost:9876/darwin_arm64-fastbuild-ST-199a4f3c4e20/bin/packages/core/src/render3/hooks.ts:322:5)
15:51:42  	    at callHooks (http://localhost:9876/darwin_arm64-fastbuild-ST-199a4f3c4e20/bin/packages/core/src/render3/hooks.ts:270:9)
15:51:42  	    at executeInitAndCheckHooks (http://localhost:9876/darwin_arm64-fastbuild-ST-199a4f3c4e20/bin/packages/core/src/render3/hooks.ts:205:5)
15:51:42  	    at selectIndexInternal (http://localhost:9876/darwin_arm64-fastbuild-ST-199a4f3c4e20/bin/packages/core/src/render3/instructions/advance.ts:74:9)
15:51:42  	    at …µ…µadvance (http://localhost:9876/darwin_arm64-fastbuild-ST-199a4f3c4e20/bin/packages/core/src/render3/instructions/advance.ts:45:3)
15:51:42  Chrome Headless 144.0.0.0 (Linux 0.0.0) SidenavComponent should call logout, emit closeSidenav, and navigate FAILED
15:51:42  	TypeError: this.router.createUrlTree is not a function
15:51:42  	    at _RouterLink.get urlTree [as urlTree] (http://localhost:9876/darwin_arm64-fastbuild-ST-199a4f3c4e20/bin/packages/router/src/directives/router_link.ts:455:24)
15:51:42  	    at _RouterLink.updateHref (http://localhost:9876/darwin_arm64-fastbuild-ST-199a4f3c4e20/bin/packages/router/src/directives/router_link.ts:431:26)
15:51:42  	    at _RouterLink.ngOnChanges (http://localhost:9876/darwin_arm64-fastbuild-ST-199a4f3c4e20/bin/packages/router/src/directives/router_link.ts:341:12)
15:51:42  	    at _RouterLink.rememberChangeHistoryAndInvokeOnChangesHook (http://localhost:9876/darwin_arm64-fastbuild-ST-199a4f3c4e20/bin/packages/core/src/render3/features/ng_onchanges_feature.ts:83:10)
15:51:42  	    at callHookInternal (http://localhost:9876/darwin_arm64-fastbuild-ST-199a4f3c4e20/bin/packages/core/src/render3/hooks.ts:290:10)
15:51:42  	    at callHook (http://localhost:9876/darwin_arm64-fastbuild-ST-199a4f3c4e20/bin/packages/core/src/render3/hooks.ts:322:5)
15:51:42  	    at callHooks (http://localhost:9876/darwin_arm64-fastbuild-ST-199a4f3c4e20/bin/packages/core/src/render3/hooks.ts:270:9)
15:51:42  	    at executeInitAndCheckHooks (http://localhost:9876/darwin_arm64-fastbuild-ST-199a4f3c4e20/bin/packages/core/src/render3/hooks.ts:205:5)
15:51:42  	    at selectIndexInternal (http://localhost:9876/darwin_arm64-fastbuild-ST-199a4f3c4e20/bin/packages/core/src/render3/instructions/advance.ts:74:9)
15:51:42  	    at …µ…µadvance (http://localhost:9876/darwin_arm64-fastbuild-ST-199a4f3c4e20/bin/packages/core/src/render3/instructions/advance.ts:45:3)
15:51:42  Chrome Headless 144.0.0.0 (Linux 0.0.0): Executed 6 of 267 (4 FAILED) (0 secs / 0.299 secs)
15:51:42  Chrome Headless 144.0.0.0 (Linux 0.0.0) SidenavComponent should call logout, emit closeSidenav, and navigate FAILED
15:51:42  	TypeError: this.router.createUrlTree is not a function
15:51:42  	    at _RouterLink.get urlTree [as urlTree] (http://localhost:9876/darwin_arm64-fastbuild-ST-199a4f3c4e20/bin/packages/router/src/directives/router_link.ts:455:24)
15:51:42  	    at _RouterLink.updateHref (http://localhost:9876/darwin_arm64-fastbuild-ST-199a4f3c4e20/bin/packages/router/src/directives/router_link.ts:431:26)
15:51:42  	    at _RouterLink.ngOnChanges (http://localhost:9876/darwin_arm64-fastbuild-ST-199a4f3c4e20/bin/packages/router/src/directives/router_link.ts:341:12)
15:51:42  	    at _RouterLink.rememberChangeHistoryAndInvokeOnChangesHook (http://localhost:9876/darwin_arm64-fastbuild-ST-199a4f3c4e20/bin/packages/core/src/render3/features/ng_onchanges_feature.ts:83:10)
15:51:42  	    at callHookInternal (http://localhost:9876/darwin_arm64-fastbuild-ST-199a4f3c4e20/bin/packages/core/src/render3/hooks.ts:290:10)
15:51:42  	    at callHook (http://localhost:9876/darwin_arm64-fastbuild-ST-199a4f3c4e20/bin/packages/core/src/render3/hooks.ts:322:5)
15:51:42  	    at callHooks (http://localhost:9876/darwin_arm64-fastbuild-ST-199a4f3c4e20/bin/packages/core/src/render3/hooks.ts:270:9)
15:51:42  	    at executeInitAndCheckHooks (http://localhost:9876/darwin_arm64-fastbuild-ST-199a4f3c4e20/bin/packages/core/src/render3/hooks.ts:205:5)
15:51:42  	    at selectIndexInternal (http://localhost:9876/darwin_arm64-fastbuild-ST-199a4f3c4e20/bin/packages/core/src/render3/instructions/advance.ts:74:9)
15:51:42  	    at …µ…µadvance (http://localhost:9876/darwin_arm64-fastbuild-ST-199a4f3c4e20/bin/packages/core/src/render3/instructions/advance.ts:45:3)
15:51:42  Chrome Headless 144.0.0.0 (Linux 0.0.0) SidenavComponent should handle isSeller with ADMIN role FAILED
15:51:42  	TypeError: this.router.createUrlTree is not a function
15:51:42  	    at _RouterLink.get urlTree [as urlTree] (http://localhost:9876/darwin_arm64-fastbuild-ST-199a4f3c4e20/bin/packages/router/src/directives/router_link.ts:455:24)
15:51:42  	    at _RouterLink.updateHref (http://localhost:9876/darwin_arm64-fastbuild-ST-199a4f3c4e20/bin/packages/router/src/directives/router_link.ts:431:26)
15:51:42  	    at _RouterLink.ngOnChanges (http://localhost:9876/darwin_arm64-fastbuild-ST-199a4f3c4e20/bin/packages/router/src/directives/router_link.ts:341:12)
15:51:42  	    at _RouterLink.rememberChangeHistoryAndInvokeOnChangesHook (http://localhost:9876/darwin_arm64-fastbuild-ST-199a4f3c4e20/bin/packages/core/src/render3/features/ng_onchanges_feature.ts:83:10)
15:51:42  	    at callHookInternal (http://localhost:9876/darwin_arm64-fastbuild-ST-199a4f3c4e20/bin/packages/core/src/render3/hooks.ts:290:10)
15:51:42  	    at callHook (http://localhost:9876/darwin_arm64-fastbuild-ST-199a4f3c4e20/bin/packages/core/src/render3/hooks.ts:322:5)
15:51:42  	    at callHooks (http://localhost:9876/darwin_arm64-fastbuild-ST-199a4f3c4e20/bin/packages/core/src/render3/hooks.ts:270:9)
15:51:42  	    at executeInitAndCheckHooks (http://localhost:9876/darwin_arm64-fastbuild-ST-199a4f3c4e20/bin/packages/core/src/render3/hooks.ts:205:5)
15:51:42  	    at selectIndexInternal (http://localhost:9876/darwin_arm64-fastbuild-ST-199a4f3c4e20/bin/packages/core/src/render3/instructions/advance.ts:74:9)
15:51:42  	    at …µ…µadvance (http://localhost:9876/darwin_arm64-fastbuild-ST-199a4f3c4e20/bin/packages/core/src/render3/instructions/advance.ts:45:3)
15:51:42  Chrome Headless 144.0.0.0 (Linux 0.0.0): Executed 7 of 267 (5 FAILED) (0 secs / 0.302 secs)
15:51:42  Chrome Headless 144.0.0.0 (Linux 0.0.0) SidenavComponent should handle isSeller with ADMIN role FAILED
15:51:42  	TypeError: this.router.createUrlTree is not a function
15:51:42  	    at _RouterLink.get urlTree [as urlTree] (http://localhost:9876/darwin_arm64-fastbuild-ST-199a4f3c4e20/bin/packages/router/src/directives/router_link.ts:455:24)
15:51:42  	    at _RouterLink.updateHref (http://localhost:9876/darwin_arm64-fastbuild-ST-199a4f3c4e20/bin/packages/router/src/directives/router_link.ts:431:26)
15:51:42  	    at _RouterLink.ngOnChanges (http://localhost:9876/darwin_arm64-fastbuild-ST-199a4f3c4e20/bin/packages/router/src/directives/router_link.ts:341:12)
15:51:42  	    at _RouterLink.rememberChangeHistoryAndInvokeOnChangesHook (http://localhost:9876/darwin_arm64-fastbuild-ST-199a4f3c4e20/bin/packages/core/src/render3/features/ng_onchanges_feature.ts:83:10)
15:51:42  	    at callHookInternal (http://localhost:9876/darwin_arm64-fastbuild-ST-199a4f3c4e20/bin/packages/core/src/render3/hooks.ts:290:10)
15:51:42  	    at callHook (http://localhost:9876/darwin_arm64-fastbuild-ST-199a4f3c4e20/bin/packages/core/src/render3/hooks.ts:322:5)
15:51:42  	    at callHooks (http://localhost:9876/darwin_arm64-fastbuild-ST-199a4f3c4e20/bin/packages/core/src/render3/hooks.ts:270:9)
15:51:42  	    at executeInitAndCheckHooks (http://localhost:9876/darwin_arm64-fastbuild-ST-199a4f3c4e20/bin/packages/core/src/render3/hooks.ts:205:5)
15:51:42  	    at selectIndexInternal (http://localhost:9876/darwin_arm64-fastbuild-ST-199a4f3c4e20/bin/packages/core/src/render3/instructions/advance.ts:74:9)
15:51:42  	    at …µ…µadvance (http://localhost:9876/darwin_arm64-fastbuild-ST-199a4f3c4e20/bin/packages/core/src/render3/instructions/advance.ts:45:3)
15:51:42  Chrome Headless 144.0.0.0 (Linux 0.0.0) SidenavComponent should handle isSeller with null role FAILED
15:51:42  	TypeError: this.router.createUrlTree is not a function
15:51:42  	    at _RouterLink.get urlTree [as urlTree] (http://localhost:9876/darwin_arm64-fastbuild-ST-199a4f3c4e20/bin/packages/router/src/directives/router_link.ts:455:24)
15:51:42  	    at _RouterLink.updateHref (http://localhost:9876/darwin_arm64-fastbuild-ST-199a4f3c4e20/bin/packages/router/src/directives/router_link.ts:431:26)
15:51:42  	    at _RouterLink.ngOnChanges (http://localhost:9876/darwin_arm64-fastbuild-ST-199a4f3c4e20/bin/packages/router/src/directives/router_link.ts:341:12)
15:51:42  	    at _RouterLink.rememberChangeHistoryAndInvokeOnChangesHook (http://localhost:9876/darwin_arm64-fastbuild-ST-199a4f3c4e20/bin/packages/core/src/render3/features/ng_onchanges_feature.ts:83:10)
15:51:42  	    at callHookInternal (http://localhost:9876/darwin_arm64-fastbuild-ST-199a4f3c4e20/bin/packages/core/src/render3/hooks.ts:290:10)
15:51:42  	    at callHook (http://localhost:9876/darwin_arm64-fastbuild-ST-199a4f3c4e20/bin/packages/core/src/render3/hooks.ts:322:5)
15:51:42  	    at callHooks (http://localhost:9876/darwin_arm64-fastbuild-ST-199a4f3c4e20/bin/packages/core/src/render3/hooks.ts:270:9)
15:51:42  	    at executeInitAndCheckHooks (http://localhost:9876/darwin_arm64-fastbuild-ST-199a4f3c4e20/bin/packages/core/src/render3/hooks.ts:205:5)
15:51:42  	    at selectIndexInternal (http://localhost:9876/darwin_arm64-fastbuild-ST-199a4f3c4e20/bin/packages/core/src/render3/instructions/advance.ts:74:9)
15:51:42  	    at …µ…µadvance (http://localhost:9876/darwin_arm64-fastbuild-ST-199a4f3c4e20/bin/packages/core/src/render3/instructions/advance.ts:45:3)
15:51:42  Chrome Headless 144.0.0.0 (Linux 0.0.0): Executed 8 of 267 (6 FAILED) (0 secs / 0.305 secs)
15:51:42  Chrome Headless 144.0.0.0 (Linux 0.0.0) SidenavComponent should handle isSeller with null role FAILED
15:51:42  	TypeError: this.router.createUrlTree is not a function
15:51:42  	    at _RouterLink.get urlTree [as urlTree] (http://localhost:9876/darwin_arm64-fastbuild-ST-199a4f3c4e20/bin/packages/router/src/directives/router_link.ts:455:24)
15:51:42  	    at _RouterLink.updateHref (http://localhost:9876/darwin_arm64-fastbuild-ST-199a4f3c4e20/bin/packages/router/src/directives/router_link.ts:431:26)
15:51:42  	    at _RouterLink.ngOnChanges (http://localhost:9876/darwin_arm64-fastbuild-ST-199a4f3c4e20/bin/packages/router/src/directives/router_link.ts:341:12)
15:51:42  	    at _RouterLink.rememberChangeHistoryAndInvokeOnChangesHook (http://localhost:9876/darwin_arm64-fastbuild-ST-199a4f3c4e20/bin/packages/core/src/render3/features/ng_onchanges_feature.ts:83:10)
15:51:42  	    at callHookInternal (http://localhost:9876/darwin_arm64-fastbuild-ST-199a4f3c4e20/bin/packages/core/src/render3/hooks.ts:290:10)
15:51:42  	    at callHook (http://localhost:9876/darwin_arm64-fastbuild-ST-199a4f3c4e20/bin/packages/core/src/render3/hooks.ts:322:5)
15:51:42  	    at callHooks (http://localhost:9876/darwin_arm64-fastbuild-ST-199a4f3c4e20/bin/packages/core/src/render3/hooks.ts:270:9)
15:51:42  	    at executeInitAndCheckHooks (http://localhost:9876/darwin_arm64-fastbuild-ST-199a4f3c4e20/bin/packages/core/src/render3/hooks.ts:205:5)
15:51:42  	    at selectIndexInternal (http://localhost:9876/darwin_arm64-fastbuild-ST-199a4f3c4e20/bin/packages/core/src/render3/instructions/advance.ts:74:9)
15:51:42  	    at …µ…µadvance (http://localhost:9876/darwin_arm64-fastbuild-ST-199a4f3c4e20/bin/packages/core/src/render3/instructions/advance.ts:45:3)
15:51:42  Chrome Headless 144.0.0.0 (Linux 0.0.0) SidenavComponent should handle multiple logout calls FAILED
15:51:42  	TypeError: this.router.createUrlTree is not a function
15:51:42  	    at _RouterLink.get urlTree [as urlTree] (http://localhost:9876/darwin_arm64-fastbuild-ST-199a4f3c4e20/bin/packages/router/src/directives/router_link.ts:455:24)
15:51:42  	    at _RouterLink.updateHref (http://localhost:9876/darwin_arm64-fastbuild-ST-199a4f3c4e20/bin/packages/router/src/directives/router_link.ts:431:26)
15:51:42  	    at _RouterLink.ngOnChanges (http://localhost:9876/darwin_arm64-fastbuild-ST-199a4f3c4e20/bin/packages/router/src/directives/router_link.ts:341:12)
15:51:42  	    at _RouterLink.rememberChangeHistoryAndInvokeOnChangesHook (http://localhost:9876/darwin_arm64-fastbuild-ST-199a4f3c4e20/bin/packages/core/src/render3/features/ng_onchanges_feature.ts:83:10)
15:51:42  	    at callHookInternal (http://localhost:9876/darwin_arm64-fastbuild-ST-199a4f3c4e20/bin/packages/core/src/render3/hooks.ts:290:10)
15:51:42  	    at callHook (http://localhost:9876/darwin_arm64-fastbuild-ST-199a4f3c4e20/bin/packages/core/src/render3/hooks.ts:322:5)
15:51:42  	    at callHooks (http://localhost:9876/darwin_arm64-fastbuild-ST-199a4f3c4e20/bin/packages/core/src/render3/hooks.ts:270:9)
15:51:42  	    at executeInitAndCheckHooks (http://localhost:9876/darwin_arm64-fastbuild-ST-199a4f3c4e20/bin/packages/core/src/render3/hooks.ts:205:5)
15:51:42  	    at selectIndexInternal (http://localhost:9876/darwin_arm64-fastbuild-ST-199a4f3c4e20/bin/packages/core/src/render3/instructions/advance.ts:74:9)
15:51:42  	    at …µ…µadvance (http://localhost:9876/darwin_arm64-fastbuild-ST-199a4f3c4e20/bin/packages/core/src/render3/instructions/advance.ts:45:3)
15:51:42  Chrome Headless 144.0.0.0 (Linux 0.0.0): Executed 9 of 267 (7 FAILED) (0 secs / 0.308 secs)
15:51:42  Chrome Headless 144.0.0.0 (Linux 0.0.0) SidenavComponent should handle multiple logout calls FAILED
15:51:42  	TypeError: this.router.createUrlTree is not a function
15:51:42  	    at _RouterLink.get urlTree [as urlTree] (http://localhost:9876/darwin_arm64-fastbuild-ST-199a4f3c4e20/bin/packages/router/src/directives/router_link.ts:455:24)
15:51:42  	    at _RouterLink.updateHref (http://localhost:9876/darwin_arm64-fastbuild-ST-199a4f3c4e20/bin/packages/router/src/directives/router_link.ts:431:26)
15:51:42  	    at _RouterLink.ngOnChanges (http://localhost:9876/darwin_arm64-fastbuild-ST-199a4f3c4e20/bin/packages/router/src/directives/router_link.ts:341:12)
15:51:42  	    at _RouterLink.rememberChangeHistoryAndInvokeOnChangesHook (http://localhost:9876/darwin_arm64-fastbuild-ST-199a4f3c4e20/bin/packages/core/src/render3/features/ng_onchanges_feature.ts:83:10)
15:51:42  	    at callHookInternal (http://localhost:9876/darwin_arm64-fastbuild-ST-199a4f3c4e20/bin/packages/core/src/render3/hooks.ts:290:10)
15:51:42  	    at callHook (http://localhost:9876/darwin_arm64-fastbuild-ST-199a4f3c4e20/bin/packages/core/src/render3/hooks.ts:322:5)
15:51:42  	    at callHooks (http://localhost:9876/darwin_arm64-fastbuild-ST-199a4f3c4e20/bin/packages/core/src/render3/hooks.ts:270:9)
15:51:42  	    at executeInitAndCheckHooks (http://localhost:9876/darwin_arm64-fastbuild-ST-199a4f3c4e20/bin/packages/core/src/render3/hooks.ts:205:5)
15:51:42  	    at selectIndexInternal (http://localhost:9876/darwin_arm64-fastbuild-ST-199a4f3c4e20/bin/packages/core/src/render3/instructions/advance.ts:74:9)
15:51:42  	    at …µ…µadvance (http://localhost:9876/darwin_arm64-fastbuild-ST-199a4f3c4e20/bin/packages/core/src/render3/instructions/advance.ts:45:3)
15:51:42  Chrome Headless 144.0.0.0 (Linux 0.0.0) SidenavComponent should emit closeSidenav before navigation FAILED
15:51:42  	TypeError: this.router.createUrlTree is not a function
15:51:42  	    at _RouterLink.get urlTree [as urlTree] (http://localhost:9876/darwin_arm64-fastbuild-ST-199a4f3c4e20/bin/packages/router/src/directives/router_link.ts:455:24)
15:51:42  	    at _RouterLink.updateHref (http://localhost:9876/darwin_arm64-fastbuild-ST-199a4f3c4e20/bin/packages/router/src/directives/router_link.ts:431:26)
15:51:42  	    at _RouterLink.ngOnChanges (http://localhost:9876/darwin_arm64-fastbuild-ST-199a4f3c4e20/bin/packages/router/src/directives/router_link.ts:341:12)
15:51:42  	    at _RouterLink.rememberChangeHistoryAndInvokeOnChangesHook (http://localhost:9876/darwin_arm64-fastbuild-ST-199a4f3c4e20/bin/packages/core/src/render3/features/ng_onchanges_feature.ts:83:10)
15:51:42  	    at callHookInternal (http://localhost:9876/darwin_arm64-fastbuild-ST-199a4f3c4e20/bin/packages/core/src/render3/hooks.ts:290:10)
15:51:42  	    at callHook (http://localhost:9876/darwin_arm64-fastbuild-ST-199a4f3c4e20/bin/packages/core/src/render3/hooks.ts:322:5)
15:51:42  	    at callHooks (http://localhost:9876/darwin_arm64-fastbuild-ST-199a4f3c4e20/bin/packages/core/src/render3/hooks.ts:270:9)
15:51:42  	    at executeInitAndCheckHooks (http://localhost:9876/darwin_arm64-fastbuild-ST-199a4f3c4e20/bin/packages/core/src/render3/hooks.ts:205:5)
15:51:42  	    at selectIndexInternal (http://localhost:9876/darwin_arm64-fastbuild-ST-199a4f3c4e20/bin/packages/core/src/render3/instructions/advance.ts:74:9)
15:51:42  	    at …µ…µadvance (http://localhost:9876/darwin_arm64-fastbuild-ST-199a4f3c4e20/bin/packages/core/src/render3/instructions/advance.ts:45:3)
15:51:42  Chrome Headless 144.0.0.0 (Linux 0.0.0): Executed 10 of 267 (8 FAILED) (0 secs / 0.311 secs)
15:51:42  Chrome Headless 144.0.0.0 (Linux 0.0.0) SidenavComponent should emit closeSidenav before navigation FAILED
15:51:42  	TypeError: this.router.createUrlTree is not a function
15:51:42  	    at _RouterLink.get urlTree [as urlTree] (http://localhost:9876/darwin_arm64-fastbuild-ST-199a4f3c4e20/bin/packages/router/src/directives/router_link.ts:455:24)
15:51:42  	    at _RouterLink.updateHref (http://localhost:9876/darwin_arm64-fastbuild-ST-199a4f3c4e20/bin/packages/router/src/directives/router_link.ts:431:26)
15:51:42  	    at _RouterLink.ngOnChanges (http://localhost:9876/darwin_arm64-fastbuild-ST-199a4f3c4e20/bin/packages/router/src/directives/router_link.ts:341:12)
15:51:42  	    at _RouterLink.rememberChangeHistoryAndInvokeOnChangesHook (http://localhost:9876/darwin_arm64-fastbuild-ST-199a4f3c4e20/bin/packages/core/src/render3/features/ng_onchanges_feature.ts:83:10)
15:51:42  	    at callHookInternal (http://localhost:9876/darwin_arm64-fastbuild-ST-199a4f3c4e20/bin/packages/core/src/render3/hooks.ts:290:10)
15:51:42  	    at callHook (http://localhost:9876/darwin_arm64-fastbuild-ST-199a4f3c4e20/bin/packages/core/src/render3/hooks.ts:322:5)
15:51:42  	    at callHooks (http://localhost:9876/darwin_arm64-fastbuild-ST-199a4f3c4e20/bin/packages/core/src/render3/hooks.ts:270:9)
15:51:42  	    at executeInitAndCheckHooks (http://localhost:9876/darwin_arm64-fastbuild-ST-199a4f3c4e20/bin/packages/core/src/render3/hooks.ts:205:5)
15:51:42  	    at selectIndexInternal (http://localhost:9876/darwin_arm64-fastbuild-ST-199a4f3c4e20/bin/packages/core/src/render3/instructions/advance.ts:74:9)
15:51:42  	    at …µ…µadvance (http://localhost:9876/darwin_arm64-fastbuild-ST-199a4f3c4e20/bin/packages/core/src/render3/instructions/advance.ts:45:3)
15:51:42  Chrome Headless 144.0.0.0 (Linux 0.0.0) SidenavComponent should handle logout error FAILED
15:51:42  	TypeError: this.router.createUrlTree is not a function
15:51:42  	    at _RouterLink.get urlTree [as urlTree] (http://localhost:9876/darwin_arm64-fastbuild-ST-199a4f3c4e20/bin/packages/router/src/directives/router_link.ts:455:24)
15:51:42  	    at _RouterLink.updateHref (http://localhost:9876/darwin_arm64-fastbuild-ST-199a4f3c4e20/bin/packages/router/src/directives/router_link.ts:431:26)
15:51:42  	    at _RouterLink.ngOnChanges (http://localhost:9876/darwin_arm64-fastbuild-ST-199a4f3c4e20/bin/packages/router/src/directives/router_link.ts:341:12)
15:51:42  	    at _RouterLink.rememberChangeHistoryAndInvokeOnChangesHook (http://localhost:9876/darwin_arm64-fastbuild-ST-199a4f3c4e20/bin/packages/core/src/render3/features/ng_onchanges_feature.ts:83:10)
15:51:42  	    at callHookInternal (http://localhost:9876/darwin_arm64-fastbuild-ST-199a4f3c4e20/bin/packages/core/src/render3/hooks.ts:290:10)
15:51:42  	    at callHook (http://localhost:9876/darwin_arm64-fastbuild-ST-199a4f3c4e20/bin/packages/core/src/render3/hooks.ts:322:5)
15:51:42  	    at callHooks (http://localhost:9876/darwin_arm64-fastbuild-ST-199a4f3c4e20/bin/packages/core/src/render3/hooks.ts:270:9)
15:51:42  	    at executeInitAndCheckHooks (http://localhost:9876/darwin_arm64-fastbuild-ST-199a4f3c4e20/bin/packages/core/src/render3/hooks.ts:205:5)
15:51:42  	    at selectIndexInternal (http://localhost:9876/darwin_arm64-fastbuild-ST-199a4f3c4e20/bin/packages/core/src/render3/instructions/advance.ts:74:9)
15:51:42  	    at …µ…µadvance (http://localhost:9876/darwin_arm64-fastbuild-ST-199a4f3c4e20/bin/packages/core/src/render3/instructions/advance.ts:45:3)
15:51:42  Chrome Headless 144.0.0.0 (Linux 0.0.0): Executed 11 of 267 (9 FAILED) (0 secs / 0.315 secs)
15:51:42  Chrome Headless 144.0.0.0 (Linux 0.0.0) SidenavComponent should handle logout error FAILED
15:51:42  	TypeError: this.router.createUrlTree is not a function
15:51:42  	    at _RouterLink.get urlTree [as urlTree] (http://localhost:9876/darwin_arm64-fastbuild-ST-199a4f3c4e20/bin/packages/router/src/directives/router_link.ts:455:24)
15:51:42  	    at _RouterLink.updateHref (http://localhost:9876/darwin_arm64-fastbuild-ST-199a4f3c4e20/bin/packages/router/src/directives/router_link.ts:431:26)
15:51:42  	    at _RouterLink.ngOnChanges (http://localhost:9876/darwin_arm64-fastbuild-ST-199a4f3c4e20/bin/packages/router/src/directives/router_link.ts:341:12)
15:51:42  	    at _RouterLink.rememberChangeHistoryAndInvokeOnChangesHook (http://localhost:9876/darwin_arm64-fastbuild-ST-199a4f3c4e20/bin/packages/core/src/render3/features/ng_onchanges_feature.ts:83:10)
15:51:42  	    at callHookInternal (http://localhost:9876/darwin_arm64-fastbuild-ST-199a4f3c4e20/bin/packages/core/src/render3/hooks.ts:290:10)
15:51:42  	    at callHook (http://localhost:9876/darwin_arm64-fastbuild-ST-199a4f3c4e20/bin/packages/core/src/render3/hooks.ts:322:5)
15:51:42  	    at callHooks (http://localhost:9876/darwin_arm64-fastbuild-ST-199a4f3c4e20/bin/packages/core/src/render3/hooks.ts:270:9)
15:51:42  	    at executeInitAndCheckHooks (http://localhost:9876/darwin_arm64-fastbuild-ST-199a4f3c4e20/bin/packages/core/src/render3/hooks.ts:205:5)
15:51:42  	    at selectIndexInternal (http://localhost:9876/darwin_arm64-fastbuild-ST-199a4f3c4e20/bin/packages/core/src/render3/instructions/advance.ts:74:9)
15:51:42  	    at …µ…µadvance (http://localhost:9876/darwin_arm64-fastbuild-ST-199a4f3c4e20/bin/packages/core/src/render3/instructions/advance.ts:45:3)
15:51:42  Chrome Headless 144.0.0.0 (Linux 0.0.0) SidenavComponent should return true from isSeller for exact SELLER string FAILED
15:51:42  	TypeError: this.router.createUrlTree is not a function
15:51:42  	    at _RouterLink.get urlTree [as urlTree] (http://localhost:9876/darwin_arm64-fastbuild-ST-199a4f3c4e20/bin/packages/router/src/directives/router_link.ts:455:24)
15:51:42  	    at _RouterLink.updateHref (http://localhost:9876/darwin_arm64-fastbuild-ST-199a4f3c4e20/bin/packages/router/src/directives/router_link.ts:431:26)
15:51:42  	    at _RouterLink.ngOnChanges (http://localhost:9876/darwin_arm64-fastbuild-ST-199a4f3c4e20/bin/packages/router/src/directives/router_link.ts:341:12)
15:51:42  	    at _RouterLink.rememberChangeHistoryAndInvokeOnChangesHook (http://localhost:9876/darwin_arm64-fastbuild-ST-199a4f3c4e20/bin/packages/core/src/render3/features/ng_onchanges_feature.ts:83:10)
15:51:42  	    at callHookInternal (http://localhost:9876/darwin_arm64-fastbuild-ST-199a4f3c4e20/bin/packages/core/src/render3/hooks.ts:290:10)
15:51:42  	    at callHook (http://localhost:9876/darwin_arm64-fastbuild-ST-199a4f3c4e20/bin/packages/core/src/render3/hooks.ts:322:5)
15:51:42  	    at callHooks (http://localhost:9876/darwin_arm64-fastbuild-ST-199a4f3c4e20/bin/packages/core/src/render3/hooks.ts:270:9)
15:51:42  	    at executeInitAndCheckHooks (http://localhost:9876/darwin_arm64-fastbuild-ST-199a4f3c4e20/bin/packages/core/src/render3/hooks.ts:205:5)
15:51:42  	    at selectIndexInternal (http://localhost:9876/darwin_arm64-fastbuild-ST-199a4f3c4e20/bin/packages/core/src/render3/instructions/advance.ts:74:9)
15:51:42  	    at …µ…µadvance (http://localhost:9876/darwin_arm64-fastbuild-ST-199a4f3c4e20/bin/packages/core/src/render3/instructions/advance.ts:45:3)
15:51:42  Chrome Headless 144.0.0.0 (Linux 0.0.0): Executed 12 of 267 (10 FAILED) (0 secs / 0.318 secs)
15:51:42  Chrome Headless 144.0.0.0 (Linux 0.0.0) SidenavComponent should return true from isSeller for exact SELLER string FAILED
15:51:42  	TypeError: this.router.createUrlTree is not a function
15:51:42  	    at _RouterLink.get urlTree [as urlTree] (http://localhost:9876/darwin_arm64-fastbuild-ST-199a4f3c4e20/bin/packages/router/src/directives/router_link.ts:455:24)
15:51:42  	    at _RouterLink.updateHref (http://localhost:9876/darwin_arm64-fastbuild-ST-199a4f3c4e20/bin/packages/router/src/directives/router_link.ts:431:26)
15:51:42  	    at _RouterLink.ngOnChanges (http://localhost:9876/darwin_arm64-fastbuild-ST-199a4f3c4e20/bin/packages/router/src/directives/router_link.ts:341:12)
15:51:42  	    at _RouterLink.rememberChangeHistoryAndInvokeOnChangesHook (http://localhost:9876/darwin_arm64-fastbuild-ST-199a4f3c4e20/bin/packages/core/src/render3/features/ng_onchanges_feature.ts:83:10)
15:51:42  	    at callHookInternal (http://localhost:9876/darwin_arm64-fastbuild-ST-199a4f3c4e20/bin/packages/core/src/render3/hooks.ts:290:10)
15:51:42  	    at callHook (http://localhost:9876/darwin_arm64-fastbuild-ST-199a4f3c4e20/bin/packages/core/src/render3/hooks.ts:322:5)
15:51:42  	    at callHooks (http://localhost:9876/darwin_arm64-fastbuild-ST-199a4f3c4e20/bin/packages/core/src/render3/hooks.ts:270:9)
15:51:42  	    at executeInitAndCheckHooks (http://localhost:9876/darwin_arm64-fastbuild-ST-199a4f3c4e20/bin/packages/core/src/render3/hooks.ts:205:5)
15:51:42  	    at selectIndexInternal (http://localhost:9876/darwin_arm64-fastbuild-ST-199a4f3c4e20/bin/packages/core/src/render3/instructions/advance.ts:74:9)
15:51:42  	    at …µ…µadvance (http://localhost:9876/darwin_arm64-fastbuild-ST-199a4f3c4e20/bin/packages/core/src/render3/instructions/advance.ts:45:3)
15:51:42  Chrome Headless 144.0.0.0 (Linux 0.0.0) SidenavComponent should return false from isSeller for case-sensitive roles FAILED
15:51:42  	TypeError: this.router.createUrlTree is not a function
15:51:42  	    at _RouterLink.get urlTree [as urlTree] (http://localhost:9876/darwin_arm64-fastbuild-ST-199a4f3c4e20/bin/packages/router/src/directives/router_link.ts:455:24)
15:51:42  	    at _RouterLink.updateHref (http://localhost:9876/darwin_arm64-fastbuild-ST-199a4f3c4e20/bin/packages/router/src/directives/router_link.ts:431:26)
15:51:42  	    at _RouterLink.ngOnChanges (http://localhost:9876/darwin_arm64-fastbuild-ST-199a4f3c4e20/bin/packages/router/src/directives/router_link.ts:341:12)
15:51:42  	    at _RouterLink.rememberChangeHistoryAndInvokeOnChangesHook (http://localhost:9876/darwin_arm64-fastbuild-ST-199a4f3c4e20/bin/packages/core/src/render3/features/ng_onchanges_feature.ts:83:10)
15:51:42  	    at callHookInternal (http://localhost:9876/darwin_arm64-fastbuild-ST-199a4f3c4e20/bin/packages/core/src/render3/hooks.ts:290:10)
15:51:42  	    at callHook (http://localhost:9876/darwin_arm64-fastbuild-ST-199a4f3c4e20/bin/packages/core/src/render3/hooks.ts:322:5)
15:51:42  	    at callHooks (http://localhost:9876/darwin_arm64-fastbuild-ST-199a4f3c4e20/bin/packages/core/src/render3/hooks.ts:270:9)
15:51:42  	    at executeInitAndCheckHooks (http://localhost:9876/darwin_arm64-fastbuild-ST-199a4f3c4e20/bin/packages/core/src/render3/hooks.ts:205:5)
15:51:42  	    at selectIndexInternal (http://localhost:9876/darwin_arm64-fastbuild-ST-199a4f3c4e20/bin/packages/core/src/render3/instructions/advance.ts:74:9)
15:51:42  	    at …µ…µadvance (http://localhost:9876/darwin_arm64-fastbuild-ST-199a4f3c4e20/bin/packages/core/src/render3/instructions/advance.ts:45:3)
15:51:42  Chrome Headless 144.0.0.0 (Linux 0.0.0): Executed 13 of 267 (11 FAILED) (0 secs / 0.321 secs)
15:51:42  Chrome Headless 144.0.0.0 (Linux 0.0.0) SidenavComponent should return false from isSeller for case-sensitive roles FAILED
15:51:42  	TypeError: this.router.createUrlTree is not a function
15:51:42  	    at _RouterLink.get urlTree [as urlTree] (http://localhost:9876/darwin_arm64-fastbuild-ST-199a4f3c4e20/bin/packages/router/src/directives/router_link.ts:455:24)
15:51:42  	    at _RouterLink.updateHref (http://localhost:9876/darwin_arm64-fastbuild-ST-199a4f3c4e20/bin/packages/router/src/directives/router_link.ts:431:26)
15:51:42  	    at _RouterLink.ngOnChanges (http://localhost:9876/darwin_arm64-fastbuild-ST-199a4f3c4e20/bin/packages/router/src/directives/router_link.ts:341:12)
15:51:42  	    at _RouterLink.rememberChangeHistoryAndInvokeOnChangesHook (http://localhost:9876/darwin_arm64-fastbuild-ST-199a4f3c4e20/bin/packages/core/src/render3/features/ng_onchanges_feature.ts:83:10)
15:51:42  	    at callHookInternal (http://localhost:9876/darwin_arm64-fastbuild-ST-199a4f3c4e20/bin/packages/core/src/render3/hooks.ts:290:10)
15:51:42  	    at callHook (http://localhost:9876/darwin_arm64-fastbuild-ST-199a4f3c4e20/bin/packages/core/src/render3/hooks.ts:322:5)
15:51:42  	    at callHooks (http://localhost:9876/darwin_arm64-fastbuild-ST-199a4f3c4e20/bin/packages/core/src/render3/hooks.ts:270:9)
15:51:42  	    at executeInitAndCheckHooks (http://localhost:9876/darwin_arm64-fastbuild-ST-199a4f3c4e20/bin/packages/core/src/render3/hooks.ts:205:5)
15:51:42  	    at selectIndexInternal (http://localhost:9876/darwin_arm64-fastbuild-ST-199a4f3c4e20/bin/packages/core/src/render3/instructions/advance.ts:74:9)
15:51:42  	    at …µ…µadvance (http://localhost:9876/darwin_arm64-fastbuild-ST-199a4f3c4e20/bin/packages/core/src/render3/instructions/advance.ts:45:3)
15:51:42  Chrome Headless 144.0.0.0 (Linux 0.0.0) SidenavComponent should handle role changes dynamically FAILED
15:51:42  	TypeError: this.router.createUrlTree is not a function
15:51:42  	    at _RouterLink.get urlTree [as urlTree] (http://localhost:9876/darwin_arm64-fastbuild-ST-199a4f3c4e20/bin/packages/router/src/directives/router_link.ts:455:24)
15:51:42  	    at _RouterLink.updateHref (http://localhost:9876/darwin_arm64-fastbuild-ST-199a4f3c4e20/bin/packages/router/src/directives/router_link.ts:431:26)
15:51:42  	    at _RouterLink.ngOnChanges (http://localhost:9876/darwin_arm64-fastbuild-ST-199a4f3c4e20/bin/packages/router/src/directives/router_link.ts:341:12)
15:51:42  	    at _RouterLink.rememberChangeHistoryAndInvokeOnChangesHook (http://localhost:9876/darwin_arm64-fastbuild-ST-199a4f3c4e20/bin/packages/core/src/render3/features/ng_onchanges_feature.ts:83:10)
15:51:42  	    at callHookInternal (http://localhost:9876/darwin_arm64-fastbuild-ST-199a4f3c4e20/bin/packages/core/src/render3/hooks.ts:290:10)
15:51:42  	    at callHook (http://localhost:9876/darwin_arm64-fastbuild-ST-199a4f3c4e20/bin/packages/core/src/render3/hooks.ts:322:5)
15:51:42  	    at callHooks (http://localhost:9876/darwin_arm64-fastbuild-ST-199a4f3c4e20/bin/packages/core/src/render3/hooks.ts:270:9)
15:51:42  	    at executeInitAndCheckHooks (http://localhost:9876/darwin_arm64-fastbuild-ST-199a4f3c4e20/bin/packages/core/src/render3/hooks.ts:205:5)
15:51:42  	    at selectIndexInternal (http://localhost:9876/darwin_arm64-fastbuild-ST-199a4f3c4e20/bin/packages/core/src/render3/instructions/advance.ts:74:9)
15:51:42  	    at …µ…µadvance (http://localhost:9876/darwin_arm64-fastbuild-ST-199a4f3c4e20/bin/packages/core/src/render3/instructions/advance.ts:45:3)
15:51:42  Chrome Headless 144.0.0.0 (Linux 0.0.0): Executed 14 of 267 (12 FAILED) (0 secs / 0.323 secs)
15:51:42  Chrome Headless 144.0.0.0 (Linux 0.0.0) SidenavComponent should handle role changes dynamically FAILED
15:51:42  	TypeError: this.router.createUrlTree is not a function
15:51:42  	    at _RouterLink.get urlTree [as urlTree] (http://localhost:9876/darwin_arm64-fastbuild-ST-199a4f3c4e20/bin/packages/router/src/directives/router_link.ts:455:24)
15:51:42  	    at _RouterLink.updateHref (http://localhost:9876/darwin_arm64-fastbuild-ST-199a4f3c4e20/bin/packages/router/src/directives/router_link.ts:431:26)
15:51:42  	    at _RouterLink.ngOnChanges (http://localhost:9876/darwin_arm64-fastbuild-ST-199a4f3c4e20/bin/packages/router/src/directives/router_link.ts:341:12)
15:51:42  	    at _RouterLink.rememberChangeHistoryAndInvokeOnChangesHook (http://localhost:9876/darwin_arm64-fastbuild-ST-199a4f3c4e20/bin/packages/core/src/render3/features/ng_onchanges_feature.ts:83:10)
15:51:42  	    at callHookInternal (http://localhost:9876/darwin_arm64-fastbuild-ST-199a4f3c4e20/bin/packages/core/src/render3/hooks.ts:290:10)
15:51:42  	    at callHook (http://localhost:9876/darwin_arm64-fastbuild-ST-199a4f3c4e20/bin/packages/core/src/render3/hooks.ts:322:5)
15:51:42  	    at callHooks (http://localhost:9876/darwin_arm64-fastbuild-ST-199a4f3c4e20/bin/packages/core/src/render3/hooks.ts:270:9)
15:51:42  	    at executeInitAndCheckHooks (http://localhost:9876/darwin_arm64-fastbuild-ST-199a4f3c4e20/bin/packages/core/src/render3/hooks.ts:205:5)
15:51:42  	    at selectIndexInternal (http://localhost:9876/darwin_arm64-fastbuild-ST-199a4f3c4e20/bin/packages/core/src/render3/instructions/advance.ts:74:9)
15:51:42  	    at …µ…µadvance (http://localhost:9876/darwin_arm64-fastbuild-ST-199a4f3c4e20/bin/packages/core/src/render3/instructions/advance.ts:45:3)
15:51:42  Chrome Headless 144.0.0.0 (Linux 0.0.0): Executed 15 of 267 (12 FAILED) (0 secs / 0.324 secs)
15:51:42  Chrome Headless 144.0.0.0 (Linux 0.0.0): Executed 16 of 267 (12 FAILED) (0 secs / 0.325 secs)
15:51:42  Chrome Headless 144.0.0.0 (Linux 0.0.0): Executed 17 of 267 (12 FAILED) (0 secs / 0.327 secs)
15:51:42  Chrome Headless 144.0.0.0 (Linux 0.0.0): Executed 18 of 267 (12 FAILED) (0 secs / 0.328 secs)
15:51:42  Chrome Headless 144.0.0.0 (Linux 0.0.0): Executed 19 of 267 (12 FAILED) (0 secs / 0.329 secs)
15:51:42  Chrome Headless 144.0.0.0 (Linux 0.0.0): Executed 20 of 267 (12 FAILED) (0 secs / 0.33 secs)
15:51:42  Chrome Headless 144.0.0.0 (Linux 0.0.0): Executed 21 of 267 (12 FAILED) (0 secs / 0.331 secs)
15:51:42  Chrome Headless 144.0.0.0 (Linux 0.0.0): Executed 22 of 267 (12 FAILED) (0 secs / 0.331 secs)
15:51:42  Chrome Headless 144.0.0.0 (Linux 0.0.0): Executed 23 of 267 (12 FAILED) (0 secs / 0.331 secs)
15:51:42  Chrome Headless 144.0.0.0 (Linux 0.0.0): Executed 24 of 267 (12 FAILED) (0 secs / 0.331 secs)
15:51:42  Chrome Headless 144.0.0.0 (Linux 0.0.0): Executed 25 of 267 (12 FAILED) (0 secs / 0.332 secs)
15:51:42  Chrome Headless 144.0.0.0 (Linux 0.0.0): Executed 26 of 267 (12 FAILED) (0 secs / 0.332 secs)
15:51:42  Chrome Headless 144.0.0.0 (Linux 0.0.0): Executed 27 of 267 (12 FAILED) (0 secs / 0.335 secs)
15:51:42  Chrome Headless 144.0.0.0 (Linux 0.0.0): Executed 28 of 267 (12 FAILED) (0 secs / 0.336 secs)
15:51:42  Chrome Headless 144.0.0.0 (Linux 0.0.0): Executed 29 of 267 (12 FAILED) (0 secs / 0.337 secs)
15:51:42  Chrome Headless 144.0.0.0 (Linux 0.0.0): Executed 30 of 267 (12 FAILED) (0 secs / 0.338 secs)
15:51:42  Chrome Headless 144.0.0.0 (Linux 0.0.0): Executed 31 of 267 (12 FAILED) (0 secs / 0.339 secs)
15:51:42  LOG: 'Session expired or token is invalid. Redirecting to login.'
15:51:42  Chrome Headless 144.0.0.0 (Linux 0.0.0): Executed 31 of 267 (12 FAILED) (0 secs / 0.339 secs)
15:51:42  LOG: 'Session expired or token is invalid. Redirecting to login.'
15:51:42  ERROR: Error: NG04002: Cannot match any routes. URL Segment: 'login'
15:51:42  Error: NG04002: Cannot match any routes. URL Segment: 'login'
15:51:42      at Recognizer.noMatchError (http://localhost:9876/darwin_arm64-fastbuild-ST-199a4f3c4e20/bin/packages/router/src/recognize.ts:96:12)
15:51:42      at http://localhost:9876/darwin_arm64-fastbuild-ST-199a4f3c4e20/bin/packages/router/src/recognize.ts:160:22
15:51:42      at http://localhost:9876/base/node_modules/rxjs/src/internal/operators/catchError.ts:115:35
15:51:42      at OperatorSubscriber._error (http://localhost:9876/base/node_modules/rxjs/src/internal/operators/OperatorSubscriber.ts:79:13)
15:51:42      at OperatorSubscriber.error (http://localhost:9876/base/node_modules/rxjs/src/internal/Subscriber.ts:86:12)
15:51:42      at OperatorSubscriber._error (http://localhost:9876/base/node_modules/rxjs/src/internal/Subscriber.ts:118:24)
15:51:42      at OperatorSubscriber.error (http://localhost:9876/base/node_modules/rxjs/src/internal/Subscriber.ts:86:12)
15:51:42      at OperatorSubscriber._error (http://localhost:9876/base/node_modules/rxjs/src/internal/Subscriber.ts:118:24)
15:51:42      at OperatorSubscriber.error (http://localhost:9876/base/node_modules/rxjs/src/internal/Subscriber.ts:86:12)
15:51:42      at OperatorSubscriber._error (http://localhost:9876/base/node_modules/rxjs/src/internal/Subscriber.ts:118:24)
15:51:42  Chrome Headless 144.0.0.0 (Linux 0.0.0): Executed 31 of 267 (12 FAILED) (0 secs / 0.339 secs)
15:51:42  ERROR: Error: NG04002: Cannot match any routes. URL Segment: 'login'
15:51:42  Error: NG04002: Cannot match any routes. URL Segment: 'login'
15:51:42      at Recognizer.noMatchError (http://localhost:9876/darwin_arm64-fastbuild-ST-199a4f3c4e20/bin/packages/router/src/recognize.ts:96:12)
15:51:42      at http://localhost:9876/darwin_arm64-fastbuild-ST-199a4f3c4e20/bin/packages/router/src/recognize.ts:160:22
15:51:42      at http://localhost:9876/base/node_modules/rxjs/src/internal/operators/catchError.ts:115:35
15:51:42      at OperatorSubscriber._error (http://localhost:9876/base/node_modules/rxjs/src/internal/operators/OperatorSubscriber.ts:79:13)
15:51:42      at OperatorSubscriber.error (http://localhost:9876/base/node_modules/rxjs/src/internal/Subscriber.ts:86:12)
15:51:42      at OperatorSubscriber._error (http://localhost:9876/base/node_modules/rxjs/src/internal/Subscriber.ts:118:24)
15:51:42      at OperatorSubscriber.error (http://localhost:9876/base/node_modules/rxjs/src/internal/Subscriber.ts:86:12)
15:51:42      at OperatorSubscriber._error (http://localhost:9876/base/node_modules/rxjs/src/internal/Subscriber.ts:118:24)
15:51:42      at OperatorSubscriber.error (http://localhost:9876/base/node_modules/rxjs/src/internal/Subscriber.ts:86:12)
15:51:42      at OperatorSubscriber._error (http://localhost:9876/base/node_modules/rxjs/src/internal/Subscriber.ts:118:24)
15:51:42  Chrome Headless 144.0.0.0 (Linux 0.0.0): Executed 32 of 267 (12 FAILED) (0 secs / 0.345 secs)
15:51:42  Chrome Headless 144.0.0.0 (Linux 0.0.0): Executed 33 of 267 (12 FAILED) (0 secs / 0.347 secs)
15:51:42  Chrome Headless 144.0.0.0 (Linux 0.0.0): Executed 34 of 267 (12 FAILED) (0 secs / 0.348 secs)
15:51:42  Chrome Headless 144.0.0.0 (Linux 0.0.0): Executed 35 of 267 (12 FAILED) (0 secs / 0.349 secs)
15:51:42  Chrome Headless 144.0.0.0 (Linux 0.0.0): Executed 36 of 267 (12 FAILED) (0 secs / 0.35 secs)
15:51:42  Chrome Headless 144.0.0.0 (Linux 0.0.0): Executed 37 of 267 (12 FAILED) (0 secs / 0.351 secs)
15:51:42  Chrome Headless 144.0.0.0 (Linux 0.0.0): Executed 38 of 267 (12 FAILED) (0 secs / 0.352 secs)
15:51:42  Chrome Headless 144.0.0.0 (Linux 0.0.0): Executed 39 of 267 (12 FAILED) (0 secs / 0.352 secs)
15:51:42  Chrome Headless 144.0.0.0 (Linux 0.0.0): Executed 40 of 267 (12 FAILED) (0 secs / 0.353 secs)
15:51:42  Chrome Headless 144.0.0.0 (Linux 0.0.0): Executed 41 of 267 (12 FAILED) (0 secs / 0.354 secs)
15:51:42  Chrome Headless 144.0.0.0 (Linux 0.0.0): Executed 42 of 267 (12 FAILED) (0 secs / 0.355 secs)
15:51:42  WARN: 'Spec 'authInterceptor should handle concurrent requests' has no expectations.'
15:51:42  Chrome Headless 144.0.0.0 (Linux 0.0.0): Executed 42 of 267 (12 FAILED) (0 secs / 0.355 secs)
15:51:42  WARN: 'Spec 'authInterceptor should handle concurrent requests' has no expectations.'
15:51:42  Chrome Headless 144.0.0.0 (Linux 0.0.0): Executed 43 of 267 (12 FAILED) (0 secs / 0.356 secs)
15:51:42  Chrome Headless 144.0.0.0 (Linux 0.0.0): Executed 44 of 267 (12 FAILED) (0 secs / 0.356 secs)
15:51:42  Chrome Headless 144.0.0.0 (Linux 0.0.0): Executed 45 of 267 (12 FAILED) (0 secs / 0.357 secs)
15:51:42  Chrome Headless 144.0.0.0 (Linux 0.0.0): Executed 46 of 267 (12 FAILED) (0 secs / 0.357 secs)
15:51:42  Chrome Headless 144.0.0.0 (Linux 0.0.0): Executed 47 of 267 (12 FAILED) (0 secs / 0.358 secs)
15:51:42  Chrome Headless 144.0.0.0 (Linux 0.0.0): Executed 48 of 267 (12 FAILED) (0 secs / 0.359 secs)
15:51:42  Chrome Headless 144.0.0.0 (Linux 0.0.0): Executed 49 of 267 (12 FAILED) (0 secs / 0.359 secs)
15:51:42  Chrome Headless 144.0.0.0 (Linux 0.0.0): Executed 50 of 267 (12 FAILED) (0 secs / 0.359 secs)
15:51:42  Chrome Headless 144.0.0.0 (Linux 0.0.0): Executed 51 of 267 (12 FAILED) (0 secs / 0.361 secs)
15:51:42  Chrome Headless 144.0.0.0 (Linux 0.0.0): Executed 52 of 267 (12 FAILED) (0 secs / 0.363 secs)
15:51:42  Chrome Headless 144.0.0.0 (Linux 0.0.0): Executed 53 of 267 (12 FAILED) (0 secs / 0.365 secs)
15:51:42  Chrome Headless 144.0.0.0 (Linux 0.0.0): Executed 54 of 267 (12 FAILED) (0 secs / 0.366 secs)
15:51:42  Chrome Headless 144.0.0.0 (Linux 0.0.0): Executed 55 of 267 (12 FAILED) (0 secs / 0.368 secs)
15:51:42  Chrome Headless 144.0.0.0 (Linux 0.0.0): Executed 56 of 267 (12 FAILED) (0 secs / 0.369 secs)
15:51:42  Chrome Headless 144.0.0.0 (Linux 0.0.0): Executed 57 of 267 (12 FAILED) (0 secs / 0.37 secs)
15:51:42  Chrome Headless 144.0.0.0 (Linux 0.0.0): Executed 58 of 267 (12 FAILED) (0 secs / 0.371 secs)
15:51:42  Chrome Headless 144.0.0.0 (Linux 0.0.0): Executed 59 of 267 (12 FAILED) (0 secs / 0.372 secs)
15:51:42  Chrome Headless 144.0.0.0 (Linux 0.0.0): Executed 60 of 267 (12 FAILED) (0 secs / 0.373 secs)
15:51:42  Chrome Headless 144.0.0.0 (Linux 0.0.0): Executed 61 of 267 (12 FAILED) (0 secs / 0.374 secs)
15:51:42  Chrome Headless 144.0.0.0 (Linux 0.0.0): Executed 62 of 267 (12 FAILED) (0 secs / 0.375 secs)
15:51:42  Chrome Headless 144.0.0.0 (Linux 0.0.0): Executed 63 of 267 (12 FAILED) (0 secs / 0.376 secs)
15:51:42  Chrome Headless 144.0.0.0 (Linux 0.0.0): Executed 64 of 267 (12 FAILED) (0 secs / 0.378 secs)
15:51:42  Chrome Headless 144.0.0.0 (Linux 0.0.0): Executed 65 of 267 (12 FAILED) (0 secs / 0.379 secs)
15:51:42  Chrome Headless 144.0.0.0 (Linux 0.0.0): Executed 66 of 267 (12 FAILED) (0 secs / 0.38 secs)
15:51:42  Chrome Headless 144.0.0.0 (Linux 0.0.0): Executed 67 of 267 (12 FAILED) (0 secs / 0.381 secs)
15:51:42  Chrome Headless 144.0.0.0 (Linux 0.0.0): Executed 68 of 267 (12 FAILED) (0 secs / 0.381 secs)

15:51:43  [1A[2KChrome Headless 144.0.0.0 (Linux 0.0.0): Executed 69 of 267 (12 FAILED) (0 secs / 0.483 secs)
15:51:43  Chrome Headless 144.0.0.0 (Linux 0.0.0): Executed 70 of 267 (12 FAILED) (0 secs / 0.485 secs)
15:51:43  Chrome Headless 144.0.0.0 (Linux 0.0.0): Executed 71 of 267 (12 FAILED) (0 secs / 0.486 secs)
15:51:43  Chrome Headless 144.0.0.0 (Linux 0.0.0): Executed 72 of 267 (12 FAILED) (0 secs / 0.487 secs)
15:51:43  Chrome Headless 144.0.0.0 (Linux 0.0.0): Executed 73 of 267 (12 FAILED) (0 secs / 0.488 secs)
15:51:43  Chrome Headless 144.0.0.0 (Linux 0.0.0): Executed 74 of 267 (12 FAILED) (0 secs / 0.489 secs)
15:51:43  Chrome Headless 144.0.0.0 (Linux 0.0.0): Executed 75 of 267 (12 FAILED) (0 secs / 0.595 secs)
15:51:43  Chrome Headless 144.0.0.0 (Linux 0.0.0): Executed 76 of 267 (12 FAILED) (0 secs / 0.7 secs)
15:51:43  Chrome Headless 144.0.0.0 (Linux 0.0.0): Executed 77 of 267 (12 FAILED) (0 secs / 0.805 secs)
15:51:43  Chrome Headless 144.0.0.0 (Linux 0.0.0): Executed 78 of 267 (12 FAILED) (0 secs / 0.909 secs)
15:51:43  Chrome Headless 144.0.0.0 (Linux 0.0.0): Executed 79 of 267 (12 FAILED) (0 secs / 0.912 secs)
15:51:43  Chrome Headless 144.0.0.0 (Linux 0.0.0): Executed 80 of 267 (12 FAILED) (0 secs / 0.914 secs)
15:51:43  Chrome Headless 144.0.0.0 (Linux 0.0.0): Executed 81 of 267 (12 FAILED) (0 secs / 0.916 secs)
15:51:43  Chrome Headless 144.0.0.0 (Linux 0.0.0): Executed 82 of 267 (12 FAILED) (0 secs / 0.918 secs)
15:51:43  Chrome Headless 144.0.0.0 (Linux 0.0.0): Executed 83 of 267 (12 FAILED) (0 secs / 0.92 secs)
15:51:43  Chrome Headless 144.0.0.0 (Linux 0.0.0): Executed 84 of 267 (12 FAILED) (0 secs / 1.081 secs)
15:51:43  Chrome Headless 144.0.0.0 (Linux 0.0.0): Executed 85 of 267 (12 FAILED) (0 secs / 1.084 secs)
15:51:43  Chrome Headless 144.0.0.0 (Linux 0.0.0): Executed 86 of 267 (12 FAILED) (0 secs / 1.086 secs)
15:51:43  Chrome Headless 144.0.0.0 (Linux 0.0.0): Executed 87 of 267 (12 FAILED) (0 secs / 1.09 secs)
15:51:43  Chrome Headless 144.0.0.0 (Linux 0.0.0): Executed 88 of 267 (12 FAILED) (0 secs / 1.092 secs)
15:51:43  Chrome Headless 144.0.0.0 (Linux 0.0.0): Executed 89 of 267 (12 FAILED) (0 secs / 1.093 secs)
15:51:43  Chrome Headless 144.0.0.0 (Linux 0.0.0): Executed 90 of 267 (12 FAILED) (0 secs / 1.094 secs)
15:51:43  Chrome Headless 144.0.0.0 (Linux 0.0.0): Executed 91 of 267 (12 FAILED) (0 secs / 1.095 secs)
15:51:43  Chrome Headless 144.0.0.0 (Linux 0.0.0): Executed 92 of 267 (12 FAILED) (0 secs / 1.097 secs)
15:51:43  Chrome Headless 144.0.0.0 (Linux 0.0.0): Executed 93 of 267 (12 FAILED) (0 secs / 1.099 secs)
15:51:43  Chrome Headless 144.0.0.0 (Linux 0.0.0): Executed 94 of 267 (12 FAILED) (0 secs / 1.1 secs)
15:51:43  Chrome Headless 144.0.0.0 (Linux 0.0.0) AuthService Logout Additional Tests should clear cookies on logout FAILED
15:51:43  	Expected spy CookieService.delete to have been called with:
15:51:43  	  [ 'jwt' ]
15:51:43  	but it was never called.
15:51:43  	    at <Jasmine>
15:51:43  	    at UserContext.<anonymous> (src/app/services/auth.spec.ts:665:40)
15:51:43  	    at _ZoneDelegate.invoke (node_modules/zone.js/fesm2015/zone.js:398:28)
15:51:43  	    at _ProxyZoneSpec.onInvoke (node_modules/zone.js/fesm2015/zone-testing.js:2132:39)
15:51:43  	    at _ZoneDelegate.invoke (node_modules/zone.js/fesm2015/zone.js:397:34)
15:51:43  	Error: Expected no open requests, found 1: POST https://localhost:8443/api/users/logout
15:51:43  	    at _HttpClientTestingBackend.verify (http://localhost:9876/darwin_arm64-fastbuild-ST-199a4f3c4e20/bin/packages/common/http/testing/src/backend.ts:147:13)
15:51:43  	    at UserContext.<anonymous> (src/app/services/auth.spec.ts:44:14)
15:51:43  	    at _ZoneDelegate.invoke (node_modules/zone.js/fesm2015/zone.js:398:28)
15:51:43  	    at _ProxyZoneSpec.onInvoke (node_modules/zone.js/fesm2015/zone-testing.js:2132:39)
15:51:43  	    at _ZoneDelegate.invoke (node_modules/zone.js/fesm2015/zone.js:397:34)
15:51:43  	    at ZoneImpl.run (node_modules/zone.js/fesm2015/zone.js:113:43)
15:51:43  	    at runInTestZone (node_modules/zone.js/fesm2015/zone-testing.js:216:38)
15:51:43  	    at UserContext.<anonymous> (node_modules/zone.js/fesm2015/zone-testing.js:234:32)
15:51:43  	    at <Jasmine>
15:51:43  Chrome Headless 144.0.0.0 (Linux 0.0.0): Executed 95 of 267 (13 FAILED) (0 secs / 1.114 secs)
15:51:43  Chrome Headless 144.0.0.0 (Linux 0.0.0) AuthService Logout Additional Tests should clear cookies on logout FAILED
15:51:43  	Expected spy CookieService.delete to have been called with:
15:51:43  	  [ 'jwt' ]
15:51:43  	but it was never called.
15:51:43  	    at <Jasmine>
15:51:43  	    at UserContext.<anonymous> (src/app/services/auth.spec.ts:665:40)
15:51:43  	    at _ZoneDelegate.invoke (node_modules/zone.js/fesm2015/zone.js:398:28)
15:51:43  	    at _ProxyZoneSpec.onInvoke (node_modules/zone.js/fesm2015/zone-testing.js:2132:39)
15:51:43  	    at _ZoneDelegate.invoke (node_modules/zone.js/fesm2015/zone.js:397:34)
15:51:43  	Error: Expected no open requests, found 1: POST https://localhost:8443/api/users/logout
15:51:43  	    at _HttpClientTestingBackend.verify (http://localhost:9876/darwin_arm64-fastbuild-ST-199a4f3c4e20/bin/packages/common/http/testing/src/backend.ts:147:13)
15:51:43  	    at UserContext.<anonymous> (src/app/services/auth.spec.ts:44:14)
15:51:43  	    at _ZoneDelegate.invoke (node_modules/zone.js/fesm2015/zone.js:398:28)
15:51:43  	    at _ProxyZoneSpec.onInvoke (node_modules/zone.js/fesm2015/zone-testing.js:2132:39)
15:51:43  	    at _ZoneDelegate.invoke (node_modules/zone.js/fesm2015/zone.js:397:34)
15:51:43  	    at ZoneImpl.run (node_modules/zone.js/fesm2015/zone.js:113:43)
15:51:43  	    at runInTestZone (node_modules/zone.js/fesm2015/zone-testing.js:216:38)
15:51:43  	    at UserContext.<anonymous> (node_modules/zone.js/fesm2015/zone-testing.js:234:32)
15:51:43  	    at <Jasmine>
15:51:43  Chrome Headless 144.0.0.0 (Linux 0.0.0) AuthService Logout Additional Tests should send logout request to server FAILED
15:51:43  	Error: Expected one matching request for criteria "Match URL: https://localhost:8443/api/auth/logout", found none. Requests received are: POST https://localhost:8443/api/users/logout.
15:51:43  	    at _HttpClientTestingBackend.expectOne (http://localhost:9876/darwin_arm64-fastbuild-ST-199a4f3c4e20/bin/packages/common/http/testing/src/backend.ts:112:13)
15:51:43  	    at UserContext.<anonymous> (src/app/services/auth.spec.ts:671:28)
15:51:43  	    at _ZoneDelegate.invoke (node_modules/zone.js/fesm2015/zone.js:398:28)
15:51:43  	    at _ProxyZoneSpec.onInvoke (node_modules/zone.js/fesm2015/zone-testing.js:2132:39)
15:51:43  	    at _ZoneDelegate.invoke (node_modules/zone.js/fesm2015/zone.js:397:34)
15:51:43  	    at ZoneImpl.run (node_modules/zone.js/fesm2015/zone.js:113:43)
15:51:43  	    at runInTestZone (node_modules/zone.js/fesm2015/zone-testing.js:216:38)
15:51:43  	    at UserContext.<anonymous> (node_modules/zone.js/fesm2015/zone-testing.js:234:32)
15:51:43  	    at <Jasmine>
15:51:43  	Error: Expected no open requests, found 1: POST https://localhost:8443/api/users/logout
15:51:43  	    at _HttpClientTestingBackend.verify (http://localhost:9876/darwin_arm64-fastbuild-ST-199a4f3c4e20/bin/packages/common/http/testing/src/backend.ts:147:13)
15:51:43  	    at UserContext.<anonymous> (src/app/services/auth.spec.ts:44:14)
15:51:43  	    at _ZoneDelegate.invoke (node_modules/zone.js/fesm2015/zone.js:398:28)
15:51:43  	    at _ProxyZoneSpec.onInvoke (node_modules/zone.js/fesm2015/zone-testing.js:2132:39)
15:51:43  	    at _ZoneDelegate.invoke (node_modules/zone.js/fesm2015/zone.js:397:34)
15:51:43  	    at ZoneImpl.run (node_modules/zone.js/fesm2015/zone.js:113:43)
15:51:43  	    at runInTestZone (node_modules/zone.js/fesm2015/zone-testing.js:216:38)
15:51:43  	    at UserContext.<anonymous> (node_modules/zone.js/fesm2015/zone-testing.js:234:32)
15:51:43  	    at <Jasmine>
15:51:43  Chrome Headless 144.0.0.0 (Linux 0.0.0): Executed 96 of 267 (14 FAILED) (0 secs / 1.116 secs)
15:51:43  Chrome Headless 144.0.0.0 (Linux 0.0.0) AuthService Logout Additional Tests should send logout request to server FAILED
15:51:43  	Error: Expected one matching request for criteria "Match URL: https://localhost:8443/api/auth/logout", found none. Requests received are: POST https://localhost:8443/api/users/logout.
15:51:43  	    at _HttpClientTestingBackend.expectOne (http://localhost:9876/darwin_arm64-fastbuild-ST-199a4f3c4e20/bin/packages/common/http/testing/src/backend.ts:112:13)
15:51:43  	    at UserContext.<anonymous> (src/app/services/auth.spec.ts:671:28)
15:51:43  	    at _ZoneDelegate.invoke (node_modules/zone.js/fesm2015/zone.js:398:28)
15:51:43  	    at _ProxyZoneSpec.onInvoke (node_modules/zone.js/fesm2015/zone-testing.js:2132:39)
15:51:43  	    at _ZoneDelegate.invoke (node_modules/zone.js/fesm2015/zone.js:397:34)
15:51:43  	    at ZoneImpl.run (node_modules/zone.js/fesm2015/zone.js:113:43)
15:51:43  	    at runInTestZone (node_modules/zone.js/fesm2015/zone-testing.js:216:38)
15:51:43  	    at UserContext.<anonymous> (node_modules/zone.js/fesm2015/zone-testing.js:234:32)
15:51:43  	    at <Jasmine>
15:51:43  	Error: Expected no open requests, found 1: POST https://localhost:8443/api/users/logout
15:51:43  	    at _HttpClientTestingBackend.verify (http://localhost:9876/darwin_arm64-fastbuild-ST-199a4f3c4e20/bin/packages/common/http/testing/src/backend.ts:147:13)
15:51:43  	    at UserContext.<anonymous> (src/app/services/auth.spec.ts:44:14)
15:51:43  	    at _ZoneDelegate.invoke (node_modules/zone.js/fesm2015/zone.js:398:28)
15:51:43  	    at _ProxyZoneSpec.onInvoke (node_modules/zone.js/fesm2015/zone-testing.js:2132:39)
15:51:43  	    at _ZoneDelegate.invoke (node_modules/zone.js/fesm2015/zone.js:397:34)
15:51:43  	    at ZoneImpl.run (node_modules/zone.js/fesm2015/zone.js:113:43)
15:51:43  	    at runInTestZone (node_modules/zone.js/fesm2015/zone-testing.js:216:38)
15:51:43  	    at UserContext.<anonymous> (node_modules/zone.js/fesm2015/zone-testing.js:234:32)
15:51:43  	    at <Jasmine>
15:51:43  Chrome Headless 144.0.0.0 (Linux 0.0.0) AuthService Logout Additional Tests should include credentials in logout request FAILED
15:51:43  	Error: Expected one matching request for criteria "Match URL: https://localhost:8443/api/auth/logout", found none. Requests received are: POST https://localhost:8443/api/users/logout.
15:51:43  	    at _HttpClientTestingBackend.expectOne (http://localhost:9876/darwin_arm64-fastbuild-ST-199a4f3c4e20/bin/packages/common/http/testing/src/backend.ts:112:13)
15:51:43  	    at UserContext.<anonymous> (src/app/services/auth.spec.ts:679:28)
15:51:43  	    at _ZoneDelegate.invoke (node_modules/zone.js/fesm2015/zone.js:398:28)
15:51:43  	    at _ProxyZoneSpec.onInvoke (node_modules/zone.js/fesm2015/zone-testing.js:2132:39)
15:51:43  	    at _ZoneDelegate.invoke (node_modules/zone.js/fesm2015/zone.js:397:34)
15:51:43  	    at ZoneImpl.run (node_modules/zone.js/fesm2015/zone.js:113:43)
15:51:43  	    at runInTestZone (node_modules/zone.js/fesm2015/zone-testing.js:216:38)
15:51:43  	    at UserContext.<anonymous> (node_modules/zone.js/fesm2015/zone-testing.js:234:32)
15:51:43  	    at <Jasmine>
15:51:43  	Error: Expected no open requests, found 1: POST https://localhost:8443/api/users/logout
15:51:43  	    at _HttpClientTestingBackend.verify (http://localhost:9876/darwin_arm64-fastbuild-ST-199a4f3c4e20/bin/packages/common/http/testing/src/backend.ts:147:13)
15:51:43  	    at UserContext.<anonymous> (src/app/services/auth.spec.ts:44:14)
15:51:43  	    at _ZoneDelegate.invoke (node_modules/zone.js/fesm2015/zone.js:398:28)
15:51:43  	    at _ProxyZoneSpec.onInvoke (node_modules/zone.js/fesm2015/zone-testing.js:2132:39)
15:51:43  	    at _ZoneDelegate.invoke (node_modules/zone.js/fesm2015/zone.js:397:34)
15:51:43  	    at ZoneImpl.run (node_modules/zone.js/fesm2015/zone.js:113:43)
15:51:43  	    at runInTestZone (node_modules/zone.js/fesm2015/zone-testing.js:216:38)
15:51:43  	    at UserContext.<anonymous> (node_modules/zone.js/fesm2015/zone-testing.js:234:32)
15:51:43  	    at <Jasmine>
15:51:43  Chrome Headless 144.0.0.0 (Linux 0.0.0): Executed 97 of 267 (15 FAILED) (0 secs / 1.119 secs)
15:51:43  Chrome Headless 144.0.0.0 (Linux 0.0.0) AuthService Logout Additional Tests should include credentials in logout request FAILED
15:51:43  	Error: Expected one matching request for criteria "Match URL: https://localhost:8443/api/auth/logout", found none. Requests received are: POST https://localhost:8443/api/users/logout.
15:51:43  	    at _HttpClientTestingBackend.expectOne (http://localhost:9876/darwin_arm64-fastbuild-ST-199a4f3c4e20/bin/packages/common/http/testing/src/backend.ts:112:13)
15:51:43  	    at UserContext.<anonymous> (src/app/services/auth.spec.ts:679:28)
15:51:43  	    at _ZoneDelegate.invoke (node_modules/zone.js/fesm2015/zone.js:398:28)
15:51:43  	    at _ProxyZoneSpec.onInvoke (node_modules/zone.js/fesm2015/zone-testing.js:2132:39)
15:51:43  	    at _ZoneDelegate.invoke (node_modules/zone.js/fesm2015/zone.js:397:34)
15:51:43  	    at ZoneImpl.run (node_modules/zone.js/fesm2015/zone.js:113:43)
15:51:43  	    at runInTestZone (node_modules/zone.js/fesm2015/zone-testing.js:216:38)
15:51:43  	    at UserContext.<anonymous> (node_modules/zone.js/fesm2015/zone-testing.js:234:32)
15:51:43  	    at <Jasmine>
15:51:43  	Error: Expected no open requests, found 1: POST https://localhost:8443/api/users/logout
15:51:43  	    at _HttpClientTestingBackend.verify (http://localhost:9876/darwin_arm64-fastbuild-ST-199a4f3c4e20/bin/packages/common/http/testing/src/backend.ts:147:13)
15:51:43  	    at UserContext.<anonymous> (src/app/services/auth.spec.ts:44:14)
15:51:43  	    at _ZoneDelegate.invoke (node_modules/zone.js/fesm2015/zone.js:398:28)
15:51:43  	    at _ProxyZoneSpec.onInvoke (node_modules/zone.js/fesm2015/zone-testing.js:2132:39)
15:51:43  	    at _ZoneDelegate.invoke (node_modules/zone.js/fesm2015/zone.js:397:34)
15:51:43  	    at ZoneImpl.run (node_modules/zone.js/fesm2015/zone.js:113:43)
15:51:43  	    at runInTestZone (node_modules/zone.js/fesm2015/zone-testing.js:216:38)
15:51:43  	    at UserContext.<anonymous> (node_modules/zone.js/fesm2015/zone-testing.js:234:32)
15:51:43  	    at <Jasmine>
15:51:43  Chrome Headless 144.0.0.0 (Linux 0.0.0) AuthService Logout Additional Tests should handle logout error gracefully FAILED
15:51:43  	Error: Expected one matching request for criteria "Match URL: https://localhost:8443/api/auth/logout", found none. Requests received are: POST https://localhost:8443/api/users/logout.
15:51:43  	    at _HttpClientTestingBackend.expectOne (http://localhost:9876/darwin_arm64-fastbuild-ST-199a4f3c4e20/bin/packages/common/http/testing/src/backend.ts:112:13)
15:51:43  	    at UserContext.<anonymous> (src/app/services/auth.spec.ts:692:28)
15:51:43  	    at _ZoneDelegate.invoke (node_modules/zone.js/fesm2015/zone.js:398:28)
15:51:43  	    at _ProxyZoneSpec.onInvoke (node_modules/zone.js/fesm2015/zone-testing.js:2132:39)
15:51:43  	    at _ZoneDelegate.invoke (node_modules/zone.js/fesm2015/zone.js:397:34)
15:51:43  	    at ZoneImpl.run (node_modules/zone.js/fesm2015/zone.js:113:43)
15:51:43  	    at runInTestZone (node_modules/zone.js/fesm2015/zone-testing.js:216:38)
15:51:43  	    at UserContext.<anonymous> (node_modules/zone.js/fesm2015/zone-testing.js:234:32)
15:51:43  	    at <Jasmine>
15:51:43  	Error: Expected no open requests, found 1: POST https://localhost:8443/api/users/logout
15:51:43  	    at _HttpClientTestingBackend.verify (http://localhost:9876/darwin_arm64-fastbuild-ST-199a4f3c4e20/bin/packages/common/http/testing/src/backend.ts:147:13)
15:51:43  	    at UserContext.<anonymous> (src/app/services/auth.spec.ts:44:14)
15:51:43  	    at _ZoneDelegate.invoke (node_modules/zone.js/fesm2015/zone.js:398:28)
15:51:43  	    at _ProxyZoneSpec.onInvoke (node_modules/zone.js/fesm2015/zone-testing.js:2132:39)
15:51:43  	    at _ZoneDelegate.invoke (node_modules/zone.js/fesm2015/zone.js:397:34)
15:51:43  	    at ZoneImpl.run (node_modules/zone.js/fesm2015/zone.js:113:43)
15:51:43  	    at runInTestZone (node_modules/zone.js/fesm2015/zone-testing.js:216:38)
15:51:43  	    at UserContext.<anonymous> (node_modules/zone.js/fesm2015/zone-testing.js:234:32)
15:51:43  	    at <Jasmine>
15:51:43  Chrome Headless 144.0.0.0 (Linux 0.0.0): Executed 98 of 267 (16 FAILED) (0 secs / 1.121 secs)
15:51:43  Chrome Headless 144.0.0.0 (Linux 0.0.0) AuthService Logout Additional Tests should handle logout error gracefully FAILED
15:51:43  	Error: Expected one matching request for criteria "Match URL: https://localhost:8443/api/auth/logout", found none. Requests received are: POST https://localhost:8443/api/users/logout.
15:51:43  	    at _HttpClientTestingBackend.expectOne (http://localhost:9876/darwin_arm64-fastbuild-ST-199a4f3c4e20/bin/packages/common/http/testing/src/backend.ts:112:13)
15:51:43  	    at UserContext.<anonymous> (src/app/services/auth.spec.ts:692:28)
15:51:43  	    at _ZoneDelegate.invoke (node_modules/zone.js/fesm2015/zone.js:398:28)
15:51:43  	    at _ProxyZoneSpec.onInvoke (node_modules/zone.js/fesm2015/zone-testing.js:2132:39)
15:51:43  	    at _ZoneDelegate.invoke (node_modules/zone.js/fesm2015/zone.js:397:34)
15:51:43  	    at ZoneImpl.run (node_modules/zone.js/fesm2015/zone.js:113:43)
15:51:43  	    at runInTestZone (node_modules/zone.js/fesm2015/zone-testing.js:216:38)
15:51:43  	    at UserContext.<anonymous> (node_modules/zone.js/fesm2015/zone-testing.js:234:32)
15:51:43  	    at <Jasmine>
15:51:43  	Error: Expected no open requests, found 1: POST https://localhost:8443/api/users/logout
15:51:43  	    at _HttpClientTestingBackend.verify (http://localhost:9876/darwin_arm64-fastbuild-ST-199a4f3c4e20/bin/packages/common/http/testing/src/backend.ts:147:13)
15:51:43  	    at UserContext.<anonymous> (src/app/services/auth.spec.ts:44:14)
15:51:43  	    at _ZoneDelegate.invoke (node_modules/zone.js/fesm2015/zone.js:398:28)
15:51:43  	    at _ProxyZoneSpec.onInvoke (node_modules/zone.js/fesm2015/zone-testing.js:2132:39)
15:51:43  	    at _ZoneDelegate.invoke (node_modules/zone.js/fesm2015/zone.js:397:34)
15:51:43  	    at ZoneImpl.run (node_modules/zone.js/fesm2015/zone.js:113:43)
15:51:43  	    at runInTestZone (node_modules/zone.js/fesm2015/zone-testing.js:216:38)
15:51:43  	    at UserContext.<anonymous> (node_modules/zone.js/fesm2015/zone-testing.js:234:32)
15:51:43  	    at <Jasmine>
15:51:43  Chrome Headless 144.0.0.0 (Linux 0.0.0) AuthService Logout Additional Tests should handle logout with server error FAILED
15:51:43  	Error: Expected one matching request for criteria "Match URL: https://localhost:8443/api/auth/logout", found none. Requests received are: POST https://localhost:8443/api/users/logout.
15:51:43  	    at _HttpClientTestingBackend.expectOne (http://localhost:9876/darwin_arm64-fastbuild-ST-199a4f3c4e20/bin/packages/common/http/testing/src/backend.ts:112:13)
15:51:43  	    at UserContext.<anonymous> (src/app/services/auth.spec.ts:704:28)
15:51:43  	    at _ZoneDelegate.invoke (node_modules/zone.js/fesm2015/zone.js:398:28)
15:51:43  	    at _ProxyZoneSpec.onInvoke (node_modules/zone.js/fesm2015/zone-testing.js:2132:39)
15:51:43  	    at _ZoneDelegate.invoke (node_modules/zone.js/fesm2015/zone.js:397:34)
15:51:43  	    at ZoneImpl.run (node_modules/zone.js/fesm2015/zone.js:113:43)
15:51:43  	    at runInTestZone (node_modules/zone.js/fesm2015/zone-testing.js:216:38)
15:51:43  	    at UserContext.<anonymous> (node_modules/zone.js/fesm2015/zone-testing.js:234:32)
15:51:43  	    at <Jasmine>
15:51:43  	Error: Expected no open requests, found 1: POST https://localhost:8443/api/users/logout
15:51:43  	    at _HttpClientTestingBackend.verify (http://localhost:9876/darwin_arm64-fastbuild-ST-199a4f3c4e20/bin/packages/common/http/testing/src/backend.ts:147:13)
15:51:43  	    at UserContext.<anonymous> (src/app/services/auth.spec.ts:44:14)
15:51:43  	    at _ZoneDelegate.invoke (node_modules/zone.js/fesm2015/zone.js:398:28)
15:51:43  	    at _ProxyZoneSpec.onInvoke (node_modules/zone.js/fesm2015/zone-testing.js:2132:39)
15:51:43  	    at _ZoneDelegate.invoke (node_modules/zone.js/fesm2015/zone.js:397:34)
15:51:43  	    at ZoneImpl.run (node_modules/zone.js/fesm2015/zone.js:113:43)
15:51:43  	    at runInTestZone (node_modules/zone.js/fesm2015/zone-testing.js:216:38)
15:51:43  	    at UserContext.<anonymous> (node_modules/zone.js/fesm2015/zone-testing.js:234:32)
15:51:43  	    at <Jasmine>
15:51:43  Chrome Headless 144.0.0.0 (Linux 0.0.0): Executed 99 of 267 (17 FAILED) (0 secs / 1.123 secs)
15:51:43  Chrome Headless 144.0.0.0 (Linux 0.0.0) AuthService Logout Additional Tests should handle logout with server error FAILED
15:51:43  	Error: Expected one matching request for criteria "Match URL: https://localhost:8443/api/auth/logout", found none. Requests received are: POST https://localhost:8443/api/users/logout.
15:51:43  	    at _HttpClientTestingBackend.expectOne (http://localhost:9876/darwin_arm64-fastbuild-ST-199a4f3c4e20/bin/packages/common/http/testing/src/backend.ts:112:13)
15:51:43  	    at UserContext.<anonymous> (src/app/services/auth.spec.ts:704:28)
15:51:43  	    at _ZoneDelegate.invoke (node_modules/zone.js/fesm2015/zone.js:398:28)
15:51:43  	    at _ProxyZoneSpec.onInvoke (node_modules/zone.js/fesm2015/zone-testing.js:2132:39)
15:51:43  	    at _ZoneDelegate.invoke (node_modules/zone.js/fesm2015/zone.js:397:34)
15:51:43  	    at ZoneImpl.run (node_modules/zone.js/fesm2015/zone.js:113:43)
15:51:43  	    at runInTestZone (node_modules/zone.js/fesm2015/zone-testing.js:216:38)
15:51:43  	    at UserContext.<anonymous> (node_modules/zone.js/fesm2015/zone-testing.js:234:32)
15:51:43  	    at <Jasmine>
15:51:43  	Error: Expected no open requests, found 1: POST https://localhost:8443/api/users/logout
15:51:43  	    at _HttpClientTestingBackend.verify (http://localhost:9876/darwin_arm64-fastbuild-ST-199a4f3c4e20/bin/packages/common/http/testing/src/backend.ts:147:13)
15:51:43  	    at UserContext.<anonymous> (src/app/services/auth.spec.ts:44:14)
15:51:43  	    at _ZoneDelegate.invoke (node_modules/zone.js/fesm2015/zone.js:398:28)
15:51:43  	    at _ProxyZoneSpec.onInvoke (node_modules/zone.js/fesm2015/zone-testing.js:2132:39)
15:51:43  	    at _ZoneDelegate.invoke (node_modules/zone.js/fesm2015/zone.js:397:34)
15:51:43  	    at ZoneImpl.run (node_modules/zone.js/fesm2015/zone.js:113:43)
15:51:43  	    at runInTestZone (node_modules/zone.js/fesm2015/zone-testing.js:216:38)
15:51:43  	    at UserContext.<anonymous> (node_modules/zone.js/fesm2015/zone-testing.js:234:32)
15:51:43  	    at <Jasmine>
15:51:43  Chrome Headless 144.0.0.0 (Linux 0.0.0) AuthService Logout Additional Tests should delete jwt cookie even if request fails FAILED
15:51:43  	Error: Expected one matching request for criteria "Match URL: https://localhost:8443/api/auth/logout", found none. Requests received are: POST https://localhost:8443/api/users/logout.
15:51:43  	    at _HttpClientTestingBackend.expectOne (http://localhost:9876/darwin_arm64-fastbuild-ST-199a4f3c4e20/bin/packages/common/http/testing/src/backend.ts:112:13)
15:51:43  	    at UserContext.<anonymous> (src/app/services/auth.spec.ts:714:28)
15:51:43  	    at _ZoneDelegate.invoke (node_modules/zone.js/fesm2015/zone.js:398:28)
15:51:43  	    at _ProxyZoneSpec.onInvoke (node_modules/zone.js/fesm2015/zone-testing.js:2132:39)
15:51:43  	    at _ZoneDelegate.invoke (node_modules/zone.js/fesm2015/zone.js:397:34)
15:51:43  	    at ZoneImpl.run (node_modules/zone.js/fesm2015/zone.js:113:43)
15:51:43  	    at runInTestZone (node_modules/zone.js/fesm2015/zone-testing.js:216:38)
15:51:43  	    at UserContext.<anonymous> (node_modules/zone.js/fesm2015/zone-testing.js:234:32)
15:51:43  	    at <Jasmine>
15:51:43  	Error: Expected no open requests, found 1: POST https://localhost:8443/api/users/logout
15:51:43  	    at _HttpClientTestingBackend.verify (http://localhost:9876/darwin_arm64-fastbuild-ST-199a4f3c4e20/bin/packages/common/http/testing/src/backend.ts:147:13)
15:51:43  	    at UserContext.<anonymous> (src/app/services/auth.spec.ts:44:14)
15:51:43  	    at _ZoneDelegate.invoke (node_modules/zone.js/fesm2015/zone.js:398:28)
15:51:43  	    at _ProxyZoneSpec.onInvoke (node_modules/zone.js/fesm2015/zone-testing.js:2132:39)
15:51:43  	    at _ZoneDelegate.invoke (node_modules/zone.js/fesm2015/zone.js:397:34)
15:51:43  	    at ZoneImpl.run (node_modules/zone.js/fesm2015/zone.js:113:43)
15:51:43  	    at runInTestZone (node_modules/zone.js/fesm2015/zone-testing.js:216:38)
15:51:43  	    at UserContext.<anonymous> (node_modules/zone.js/fesm2015/zone-testing.js:234:32)
15:51:43  	    at <Jasmine>
15:51:43  Chrome Headless 144.0.0.0 (Linux 0.0.0): Executed 100 of 267 (18 FAILED) (0 secs / 1.125 secs)
15:51:43  Chrome Headless 144.0.0.0 (Linux 0.0.0) AuthService Logout Additional Tests should delete jwt cookie even if request fails FAILED
15:51:43  	Error: Expected one matching request for criteria "Match URL: https://localhost:8443/api/auth/logout", found none. Requests received are: POST https://localhost:8443/api/users/logout.
15:51:43  	    at _HttpClientTestingBackend.expectOne (http://localhost:9876/darwin_arm64-fastbuild-ST-199a4f3c4e20/bin/packages/common/http/testing/src/backend.ts:112:13)
15:51:43  	    at UserContext.<anonymous> (src/app/services/auth.spec.ts:714:28)
15:51:43  	    at _ZoneDelegate.invoke (node_modules/zone.js/fesm2015/zone.js:398:28)
15:51:43  	    at _ProxyZoneSpec.onInvoke (node_modules/zone.js/fesm2015/zone-testing.js:2132:39)
15:51:43  	    at _ZoneDelegate.invoke (node_modules/zone.js/fesm2015/zone.js:397:34)
15:51:43  	    at ZoneImpl.run (node_modules/zone.js/fesm2015/zone.js:113:43)
15:51:43  	    at runInTestZone (node_modules/zone.js/fesm2015/zone-testing.js:216:38)
15:51:43  	    at UserContext.<anonymous> (node_modules/zone.js/fesm2015/zone-testing.js:234:32)
15:51:43  	    at <Jasmine>
15:51:43  	Error: Expected no open requests, found 1: POST https://localhost:8443/api/users/logout
15:51:43  	    at _HttpClientTestingBackend.verify (http://localhost:9876/darwin_arm64-fastbuild-ST-199a4f3c4e20/bin/packages/common/http/testing/src/backend.ts:147:13)
15:51:43  	    at UserContext.<anonymous> (src/app/services/auth.spec.ts:44:14)
15:51:43  	    at _ZoneDelegate.invoke (node_modules/zone.js/fesm2015/zone.js:398:28)
15:51:43  	    at _ProxyZoneSpec.onInvoke (node_modules/zone.js/fesm2015/zone-testing.js:2132:39)
15:51:43  	    at _ZoneDelegate.invoke (node_modules/zone.js/fesm2015/zone.js:397:34)
15:51:43  	    at ZoneImpl.run (node_modules/zone.js/fesm2015/zone.js:113:43)
15:51:43  	    at runInTestZone (node_modules/zone.js/fesm2015/zone-testing.js:216:38)
15:51:43  	    at UserContext.<anonymous> (node_modules/zone.js/fesm2015/zone-testing.js:234:32)
15:51:43  	    at <Jasmine>
15:51:43  Chrome Headless 144.0.0.0 (Linux 0.0.0): Executed 101 of 267 (18 FAILED) (0 secs / 1.126 secs)
15:51:43  Chrome Headless 144.0.0.0 (Linux 0.0.0): Executed 102 of 267 (18 FAILED) (0 secs / 1.127 secs)
15:51:43  Chrome Headless 144.0.0.0 (Linux 0.0.0): Executed 103 of 267 (18 FAILED) (0 secs / 1.127 secs)
15:51:43  Chrome Headless 144.0.0.0 (Linux 0.0.0): Executed 104 of 267 (18 FAILED) (0 secs / 1.128 secs)
15:51:43  Chrome Headless 144.0.0.0 (Linux 0.0.0) AuthService Register Additional Tests should include credentials in register request FAILED
15:51:43  	Expected false to be true.
15:51:43  	    at <Jasmine>
15:51:43  	    at UserContext.<anonymous> (src/app/services/auth.spec.ts:791:43)
15:51:43  	    at _ZoneDelegate.invoke (node_modules/zone.js/fesm2015/zone.js:398:28)
15:51:43  	    at _ProxyZoneSpec.onInvoke (node_modules/zone.js/fesm2015/zone-testing.js:2132:39)
15:51:43  	    at _ZoneDelegate.invoke (node_modules/zone.js/fesm2015/zone.js:397:34)
15:51:43  Chrome Headless 144.0.0.0 (Linux 0.0.0): Executed 105 of 267 (19 FAILED) (0 secs / 1.13 secs)
15:51:43  Chrome Headless 144.0.0.0 (Linux 0.0.0) AuthService Register Additional Tests should include credentials in register request FAILED
15:51:43  	Expected false to be true.
15:51:43  	    at <Jasmine>
15:51:43  	    at UserContext.<anonymous> (src/app/services/auth.spec.ts:791:43)
15:51:43  	    at _ZoneDelegate.invoke (node_modules/zone.js/fesm2015/zone.js:398:28)
15:51:43  	    at _ProxyZoneSpec.onInvoke (node_modules/zone.js/fesm2015/zone-testing.js:2132:39)
15:51:43  	    at _ZoneDelegate.invoke (node_modules/zone.js/fesm2015/zone.js:397:34)
15:51:43  Chrome Headless 144.0.0.0 (Linux 0.0.0): Executed 106 of 267 (19 FAILED) (0 secs / 1.131 secs)
15:51:43  Chrome Headless 144.0.0.0 (Linux 0.0.0): Executed 107 of 267 (19 FAILED) (0 secs / 1.132 secs)
15:51:43  Chrome Headless 144.0.0.0 (Linux 0.0.0): Executed 108 of 267 (19 FAILED) (0 secs / 1.133 secs)
15:51:43  WARN: 'Spec 'AuthService Current User Observable Tests should emit multiple times on different logins' has no expectations.'
15:51:43  Chrome Headless 144.0.0.0 (Linux 0.0.0): Executed 108 of 267 (19 FAILED) (0 secs / 1.133 secs)
15:51:43  WARN: 'Spec 'AuthService Current User Observable Tests should emit multiple times on different logins' has no expectations.'
15:51:43  Chrome Headless 144.0.0.0 (Linux 0.0.0): Executed 109 of 267 (19 FAILED) (0 secs / 1.134 secs)
15:51:43  WARN: 'Spec 'AuthService Token Handling Tests should handle login with token in response' has no expectations.'
15:51:43  Chrome Headless 144.0.0.0 (Linux 0.0.0): Executed 109 of 267 (19 FAILED) (0 secs / 1.134 secs)
15:51:43  WARN: 'Spec 'AuthService Token Handling Tests should handle login with token in response' has no expectations.'
15:51:43  Chrome Headless 144.0.0.0 (Linux 0.0.0): Executed 110 of 267 (19 FAILED) (0 secs / 1.136 secs)
15:51:43  Chrome Headless 144.0.0.0 (Linux 0.0.0): Executed 111 of 267 (19 FAILED) (0 secs / 1.137 secs)
15:51:43  Chrome Headless 144.0.0.0 (Linux 0.0.0): Executed 112 of 267 (19 FAILED) (0 secs / 1.138 secs)
15:51:43  Chrome Headless 144.0.0.0 (Linux 0.0.0) AuthService Concurrent Auth Operations Tests should handle concurrent login and logout FAILED
15:51:43  	Error: Expected one matching request for criteria "Match URL: https://localhost:8443/api/auth/logout", found none. Requests received are: POST https://localhost:8443/api/users/logout.
15:51:43  	    at _HttpClientTestingBackend.expectOne (http://localhost:9876/darwin_arm64-fastbuild-ST-199a4f3c4e20/bin/packages/common/http/testing/src/backend.ts:112:13)
15:51:43  	    at UserContext.<anonymous> (src/app/services/auth.spec.ts:929:34)
15:51:43  	    at _ZoneDelegate.invoke (node_modules/zone.js/fesm2015/zone.js:398:28)
15:51:43  	    at _ProxyZoneSpec.onInvoke (node_modules/zone.js/fesm2015/zone-testing.js:2132:39)
15:51:43  	    at _ZoneDelegate.invoke (node_modules/zone.js/fesm2015/zone.js:397:34)
15:51:43  	    at ZoneImpl.run (node_modules/zone.js/fesm2015/zone.js:113:43)
15:51:43  	    at runInTestZone (node_modules/zone.js/fesm2015/zone-testing.js:216:38)
15:51:43  	    at UserContext.<anonymous> (node_modules/zone.js/fesm2015/zone-testing.js:234:32)
15:51:43  	    at <Jasmine>
15:51:43  	Error: Expected no open requests, found 1: POST https://localhost:8443/api/users/logout
15:51:43  	    at _HttpClientTestingBackend.verify (http://localhost:9876/darwin_arm64-fastbuild-ST-199a4f3c4e20/bin/packages/common/http/testing/src/backend.ts:147:13)
15:51:43  	    at UserContext.<anonymous> (src/app/services/auth.spec.ts:44:14)
15:51:43  	    at _ZoneDelegate.invoke (node_modules/zone.js/fesm2015/zone.js:398:28)
15:51:43  	    at _ProxyZoneSpec.onInvoke (node_modules/zone.js/fesm2015/zone-testing.js:2132:39)
15:51:43  	    at _ZoneDelegate.invoke (node_modules/zone.js/fesm2015/zone.js:397:34)
15:51:43  	    at ZoneImpl.run (node_modules/zone.js/fesm2015/zone.js:113:43)
15:51:43  	    at runInTestZone (node_modules/zone.js/fesm2015/zone-testing.js:216:38)
15:51:43  	    at UserContext.<anonymous> (node_modules/zone.js/fesm2015/zone-testing.js:234:32)
15:51:43  	    at <Jasmine>
15:51:43  Chrome Headless 144.0.0.0 (Linux 0.0.0): Executed 113 of 267 (20 FAILED) (0 secs / 1.14 secs)
15:51:43  Chrome Headless 144.0.0.0 (Linux 0.0.0) AuthService Concurrent Auth Operations Tests should handle concurrent login and logout FAILED
15:51:43  	Error: Expected one matching request for criteria "Match URL: https://localhost:8443/api/auth/logout", found none. Requests received are: POST https://localhost:8443/api/users/logout.
15:51:43  	    at _HttpClientTestingBackend.expectOne (http://localhost:9876/darwin_arm64-fastbuild-ST-199a4f3c4e20/bin/packages/common/http/testing/src/backend.ts:112:13)
15:51:43  	    at UserContext.<anonymous> (src/app/services/auth.spec.ts:929:34)
15:51:43  	    at _ZoneDelegate.invoke (node_modules/zone.js/fesm2015/zone.js:398:28)
15:51:43  	    at _ProxyZoneSpec.onInvoke (node_modules/zone.js/fesm2015/zone-testing.js:2132:39)
15:51:43  	    at _ZoneDelegate.invoke (node_modules/zone.js/fesm2015/zone.js:397:34)
15:51:43  	    at ZoneImpl.run (node_modules/zone.js/fesm2015/zone.js:113:43)
15:51:43  	    at runInTestZone (node_modules/zone.js/fesm2015/zone-testing.js:216:38)
15:51:43  	    at UserContext.<anonymous> (node_modules/zone.js/fesm2015/zone-testing.js:234:32)
15:51:43  	    at <Jasmine>
15:51:43  	Error: Expected no open requests, found 1: POST https://localhost:8443/api/users/logout
15:51:43  	    at _HttpClientTestingBackend.verify (http://localhost:9876/darwin_arm64-fastbuild-ST-199a4f3c4e20/bin/packages/common/http/testing/src/backend.ts:147:13)
15:51:43  	    at UserContext.<anonymous> (src/app/services/auth.spec.ts:44:14)
15:51:43  	    at _ZoneDelegate.invoke (node_modules/zone.js/fesm2015/zone.js:398:28)
15:51:43  	    at _ProxyZoneSpec.onInvoke (node_modules/zone.js/fesm2015/zone-testing.js:2132:39)
15:51:43  	    at _ZoneDelegate.invoke (node_modules/zone.js/fesm2015/zone.js:397:34)
15:51:43  	    at ZoneImpl.run (node_modules/zone.js/fesm2015/zone.js:113:43)
15:51:43  	    at runInTestZone (node_modules/zone.js/fesm2015/zone-testing.js:216:38)
15:51:43  	    at UserContext.<anonymous> (node_modules/zone.js/fesm2015/zone-testing.js:234:32)
15:51:43  	    at <Jasmine>
15:51:43  Chrome Headless 144.0.0.0 (Linux 0.0.0) AuthService Concurrent Auth Operations Tests should handle concurrent login attempts FAILED
15:51:43  	Error: Expected one matching request for criteria "Match URL: https://localhost:8443/api/auth/login", found 2 requests.
15:51:43  	    at _HttpClientTestingBackend.expectOne (http://localhost:9876/darwin_arm64-fastbuild-ST-199a4f3c4e20/bin/packages/common/http/testing/src/backend.ts:101:13)
15:51:43  	    at UserContext.<anonymous> (src/app/services/auth.spec.ts:939:26)
15:51:43  	    at _ZoneDelegate.invoke (node_modules/zone.js/fesm2015/zone.js:398:28)
15:51:43  	    at _ProxyZoneSpec.onInvoke (node_modules/zone.js/fesm2015/zone-testing.js:2132:39)
15:51:43  	    at _ZoneDelegate.invoke (node_modules/zone.js/fesm2015/zone.js:397:34)
15:51:43  	    at ZoneImpl.run (node_modules/zone.js/fesm2015/zone.js:113:43)
15:51:43  	    at runInTestZone (node_modules/zone.js/fesm2015/zone-testing.js:216:38)
15:51:43  	    at UserContext.<anonymous> (node_modules/zone.js/fesm2015/zone-testing.js:234:32)
15:51:43  	    at <Jasmine>
15:51:43  Chrome Headless 144.0.0.0 (Linux 0.0.0): Executed 114 of 267 (21 FAILED) (0 secs / 1.141 secs)
15:51:43  Chrome Headless 144.0.0.0 (Linux 0.0.0) AuthService Concurrent Auth Operations Tests should handle concurrent login attempts FAILED
15:51:43  	Error: Expected one matching request for criteria "Match URL: https://localhost:8443/api/auth/login", found 2 requests.
15:51:43  	    at _HttpClientTestingBackend.expectOne (http://localhost:9876/darwin_arm64-fastbuild-ST-199a4f3c4e20/bin/packages/common/http/testing/src/backend.ts:101:13)
15:51:43  	    at UserContext.<anonymous> (src/app/services/auth.spec.ts:939:26)
15:51:43  	    at _ZoneDelegate.invoke (node_modules/zone.js/fesm2015/zone.js:398:28)
15:51:43  	    at _ProxyZoneSpec.onInvoke (node_modules/zone.js/fesm2015/zone-testing.js:2132:39)
15:51:43  	    at _ZoneDelegate.invoke (node_modules/zone.js/fesm2015/zone.js:397:34)
15:51:43  	    at ZoneImpl.run (node_modules/zone.js/fesm2015/zone.js:113:43)
15:51:43  	    at runInTestZone (node_modules/zone.js/fesm2015/zone-testing.js:216:38)
15:51:43  	    at UserContext.<anonymous> (node_modules/zone.js/fesm2015/zone-testing.js:234:32)
15:51:43  	    at <Jasmine>
15:51:43  Chrome Headless 144.0.0.0 (Linux 0.0.0) AuthService Concurrent Auth Operations Tests should handle fetch current user multiple times FAILED
15:51:43  	Error: Expected one matching request for criteria "Match URL: https://localhost:8443/api/users/me", found 2 requests.
15:51:43  	    at _HttpClientTestingBackend.expectOne (http://localhost:9876/darwin_arm64-fastbuild-ST-199a4f3c4e20/bin/packages/common/http/testing/src/backend.ts:101:13)
15:51:43  	    at UserContext.<anonymous> (src/app/services/auth.spec.ts:961:26)
15:51:43  	    at _ZoneDelegate.invoke (node_modules/zone.js/fesm2015/zone.js:398:28)
15:51:43  	    at _ProxyZoneSpec.onInvoke (node_modules/zone.js/fesm2015/zone-testing.js:2132:39)
15:51:43  	    at _ZoneDelegate.invoke (node_modules/zone.js/fesm2015/zone.js:397:34)
15:51:43  	    at ZoneImpl.run (node_modules/zone.js/fesm2015/zone.js:113:43)
15:51:43  	    at runInTestZone (node_modules/zone.js/fesm2015/zone-testing.js:216:38)
15:51:43  	    at UserContext.<anonymous> (node_modules/zone.js/fesm2015/zone-testing.js:234:32)
15:51:43  	    at <Jasmine>
15:51:43  Chrome Headless 144.0.0.0 (Linux 0.0.0): Executed 115 of 267 (22 FAILED) (0 secs / 1.143 secs)
15:51:43  Chrome Headless 144.0.0.0 (Linux 0.0.0) AuthService Concurrent Auth Operations Tests should handle fetch current user multiple times FAILED
15:51:43  	Error: Expected one matching request for criteria "Match URL: https://localhost:8443/api/users/me", found 2 requests.
15:51:43  	    at _HttpClientTestingBackend.expectOne (http://localhost:9876/darwin_arm64-fastbuild-ST-199a4f3c4e20/bin/packages/common/http/testing/src/backend.ts:101:13)
15:51:43  	    at UserContext.<anonymous> (src/app/services/auth.spec.ts:961:26)
15:51:43  	    at _ZoneDelegate.invoke (node_modules/zone.js/fesm2015/zone.js:398:28)
15:51:43  	    at _ProxyZoneSpec.onInvoke (node_modules/zone.js/fesm2015/zone-testing.js:2132:39)
15:51:43  	    at _ZoneDelegate.invoke (node_modules/zone.js/fesm2015/zone.js:397:34)
15:51:43  	    at ZoneImpl.run (node_modules/zone.js/fesm2015/zone.js:113:43)
15:51:43  	    at runInTestZone (node_modules/zone.js/fesm2015/zone-testing.js:216:38)
15:51:43  	    at UserContext.<anonymous> (node_modules/zone.js/fesm2015/zone-testing.js:234:32)
15:51:43  	    at <Jasmine>
15:51:43  Chrome Headless 144.0.0.0 (Linux 0.0.0) AuthService Concurrent Auth Operations Tests should handle rapid successive logins with different users FAILED
15:51:43  	Error: Expected one matching request for criteria "Match URL: https://localhost:8443/api/auth/login", found 2 requests.
15:51:43  	    at _HttpClientTestingBackend.expectOne (http://localhost:9876/darwin_arm64-fastbuild-ST-199a4f3c4e20/bin/packages/common/http/testing/src/backend.ts:101:13)
15:51:43  	    at UserContext.<anonymous> (src/app/services/auth.spec.ts:975:26)
15:51:43  	    at _ZoneDelegate.invoke (node_modules/zone.js/fesm2015/zone.js:398:28)
15:51:43  	    at _ProxyZoneSpec.onInvoke (node_modules/zone.js/fesm2015/zone-testing.js:2132:39)
15:51:43  	    at _ZoneDelegate.invoke (node_modules/zone.js/fesm2015/zone.js:397:34)
15:51:43  	    at ZoneImpl.run (node_modules/zone.js/fesm2015/zone.js:113:43)
15:51:43  	    at runInTestZone (node_modules/zone.js/fesm2015/zone-testing.js:216:38)
15:51:43  	    at UserContext.<anonymous> (node_modules/zone.js/fesm2015/zone-testing.js:234:32)
15:51:43  	    at <Jasmine>
15:51:43  Chrome Headless 144.0.0.0 (Linux 0.0.0): Executed 116 of 267 (23 FAILED) (0 secs / 1.144 secs)
15:51:43  Chrome Headless 144.0.0.0 (Linux 0.0.0) AuthService Concurrent Auth Operations Tests should handle rapid successive logins with different users FAILED
15:51:43  	Error: Expected one matching request for criteria "Match URL: https://localhost:8443/api/auth/login", found 2 requests.
15:51:43  	    at _HttpClientTestingBackend.expectOne (http://localhost:9876/darwin_arm64-fastbuild-ST-199a4f3c4e20/bin/packages/common/http/testing/src/backend.ts:101:13)
15:51:43  	    at UserContext.<anonymous> (src/app/services/auth.spec.ts:975:26)
15:51:43  	    at _ZoneDelegate.invoke (node_modules/zone.js/fesm2015/zone.js:398:28)
15:51:43  	    at _ProxyZoneSpec.onInvoke (node_modules/zone.js/fesm2015/zone-testing.js:2132:39)
15:51:43  	    at _ZoneDelegate.invoke (node_modules/zone.js/fesm2015/zone.js:397:34)
15:51:43  	    at ZoneImpl.run (node_modules/zone.js/fesm2015/zone.js:113:43)
15:51:43  	    at runInTestZone (node_modules/zone.js/fesm2015/zone-testing.js:216:38)
15:51:43  	    at UserContext.<anonymous> (node_modules/zone.js/fesm2015/zone-testing.js:234:32)
15:51:43  	    at <Jasmine>
15:51:43  Chrome Headless 144.0.0.0 (Linux 0.0.0) AuthService Concurrent Auth Operations Tests should handle login then immediate logout FAILED
15:51:43  	Error: Expected one matching request for criteria "Match URL: https://localhost:8443/api/auth/logout", found none. Requests received are: POST https://localhost:8443/api/users/logout.
15:51:43  	    at _HttpClientTestingBackend.expectOne (http://localhost:9876/darwin_arm64-fastbuild-ST-199a4f3c4e20/bin/packages/common/http/testing/src/backend.ts:112:13)
15:51:43  	    at UserContext.<anonymous> (src/app/services/auth.spec.ts:999:22)
15:51:43  	    at _ZoneDelegate.invoke (node_modules/zone.js/fesm2015/zone.js:398:28)
15:51:43  	    at _ProxyZoneSpec.onInvoke (node_modules/zone.js/fesm2015/zone-testing.js:2132:39)
15:51:43  	    at _ZoneDelegate.invoke (node_modules/zone.js/fesm2015/zone.js:397:34)
15:51:43  	    at ZoneImpl.run (node_modules/zone.js/fesm2015/zone.js:113:43)
15:51:43  	    at runInTestZone (node_modules/zone.js/fesm2015/zone-testing.js:216:38)
15:51:43  	    at UserContext.<anonymous> (node_modules/zone.js/fesm2015/zone-testing.js:234:32)
15:51:43  	    at <Jasmine>
15:51:43  	Error: Expected no open requests, found 1: POST https://localhost:8443/api/users/logout
15:51:43  	    at _HttpClientTestingBackend.verify (http://localhost:9876/darwin_arm64-fastbuild-ST-199a4f3c4e20/bin/packages/common/http/testing/src/backend.ts:147:13)
15:51:43  	    at UserContext.<anonymous> (src/app/services/auth.spec.ts:44:14)
15:51:43  	    at _ZoneDelegate.invoke (node_modules/zone.js/fesm2015/zone.js:398:28)
15:51:43  	    at _ProxyZoneSpec.onInvoke (node_modules/zone.js/fesm2015/zone-testing.js:2132:39)
15:51:43  	    at _ZoneDelegate.invoke (node_modules/zone.js/fesm2015/zone.js:397:34)
15:51:43  	    at ZoneImpl.run (node_modules/zone.js/fesm2015/zone.js:113:43)
15:51:43  	    at runInTestZone (node_modules/zone.js/fesm2015/zone-testing.js:216:38)
15:51:43  	    at UserContext.<anonymous> (node_modules/zone.js/fesm2015/zone-testing.js:234:32)
15:51:43  	    at <Jasmine>
15:51:43  Chrome Headless 144.0.0.0 (Linux 0.0.0): Executed 117 of 267 (24 FAILED) (0 secs / 1.146 secs)
15:51:43  Chrome Headless 144.0.0.0 (Linux 0.0.0) AuthService Concurrent Auth Operations Tests should handle login then immediate logout FAILED
15:51:43  	Error: Expected one matching request for criteria "Match URL: https://localhost:8443/api/auth/logout", found none. Requests received are: POST https://localhost:8443/api/users/logout.
15:51:43  	    at _HttpClientTestingBackend.expectOne (http://localhost:9876/darwin_arm64-fastbuild-ST-199a4f3c4e20/bin/packages/common/http/testing/src/backend.ts:112:13)
15:51:43  	    at UserContext.<anonymous> (src/app/services/auth.spec.ts:999:22)
15:51:43  	    at _ZoneDelegate.invoke (node_modules/zone.js/fesm2015/zone.js:398:28)
15:51:43  	    at _ProxyZoneSpec.onInvoke (node_modules/zone.js/fesm2015/zone-testing.js:2132:39)
15:51:43  	    at _ZoneDelegate.invoke (node_modules/zone.js/fesm2015/zone.js:397:34)
15:51:43  	    at ZoneImpl.run (node_modules/zone.js/fesm2015/zone.js:113:43)
15:51:43  	    at runInTestZone (node_modules/zone.js/fesm2015/zone-testing.js:216:38)
15:51:43  	    at UserContext.<anonymous> (node_modules/zone.js/fesm2015/zone-testing.js:234:32)
15:51:43  	    at <Jasmine>
15:51:43  	Error: Expected no open requests, found 1: POST https://localhost:8443/api/users/logout
15:51:43  	    at _HttpClientTestingBackend.verify (http://localhost:9876/darwin_arm64-fastbuild-ST-199a4f3c4e20/bin/packages/common/http/testing/src/backend.ts:147:13)
15:51:43  	    at UserContext.<anonymous> (src/app/services/auth.spec.ts:44:14)
15:51:43  	    at _ZoneDelegate.invoke (node_modules/zone.js/fesm2015/zone.js:398:28)
15:51:43  	    at _ProxyZoneSpec.onInvoke (node_modules/zone.js/fesm2015/zone-testing.js:2132:39)
15:51:43  	    at _ZoneDelegate.invoke (node_modules/zone.js/fesm2015/zone.js:397:34)
15:51:43  	    at ZoneImpl.run (node_modules/zone.js/fesm2015/zone.js:113:43)
15:51:43  	    at runInTestZone (node_modules/zone.js/fesm2015/zone-testing.js:216:38)
15:51:43  	    at UserContext.<anonymous> (node_modules/zone.js/fesm2015/zone-testing.js:234:32)
15:51:43  	    at <Jasmine>
15:51:43  Chrome Headless 144.0.0.0 (Linux 0.0.0) AuthService Concurrent Auth Operations Tests should handle logout during login request FAILED
15:51:43  	Error: Expected one matching request for criteria "Match URL: https://localhost:8443/api/auth/logout", found none. Requests received are: POST https://localhost:8443/api/users/logout.
15:51:43  	    at _HttpClientTestingBackend.expectOne (http://localhost:9876/darwin_arm64-fastbuild-ST-199a4f3c4e20/bin/packages/common/http/testing/src/backend.ts:112:13)
15:51:43  	    at UserContext.<anonymous> (src/app/services/auth.spec.ts:1015:22)
15:51:43  	    at _ZoneDelegate.invoke (node_modules/zone.js/fesm2015/zone.js:398:28)
15:51:43  	    at _ProxyZoneSpec.onInvoke (node_modules/zone.js/fesm2015/zone-testing.js:2132:39)
15:51:43  	    at _ZoneDelegate.invoke (node_modules/zone.js/fesm2015/zone.js:397:34)
15:51:43  	    at ZoneImpl.run (node_modules/zone.js/fesm2015/zone.js:113:43)
15:51:43  	    at runInTestZone (node_modules/zone.js/fesm2015/zone-testing.js:216:38)
15:51:43  	    at UserContext.<anonymous> (node_modules/zone.js/fesm2015/zone-testing.js:234:32)
15:51:43  	    at <Jasmine>
15:51:43  	Error: Expected no open requests, found 1: POST https://localhost:8443/api/users/logout
15:51:43  	    at _HttpClientTestingBackend.verify (http://localhost:9876/darwin_arm64-fastbuild-ST-199a4f3c4e20/bin/packages/common/http/testing/src/backend.ts:147:13)
15:51:43  	    at UserContext.<anonymous> (src/app/services/auth.spec.ts:44:14)
15:51:43  	    at _ZoneDelegate.invoke (node_modules/zone.js/fesm2015/zone.js:398:28)
15:51:43  	    at _ProxyZoneSpec.onInvoke (node_modules/zone.js/fesm2015/zone-testing.js:2132:39)
15:51:43  	    at _ZoneDelegate.invoke (node_modules/zone.js/fesm2015/zone.js:397:34)
15:51:43  	    at ZoneImpl.run (node_modules/zone.js/fesm2015/zone.js:113:43)
15:51:43  	    at runInTestZone (node_modules/zone.js/fesm2015/zone-testing.js:216:38)
15:51:43  	    at UserContext.<anonymous> (node_modules/zone.js/fesm2015/zone-testing.js:234:32)
15:51:43  	    at <Jasmine>
15:51:43  Chrome Headless 144.0.0.0 (Linux 0.0.0): Executed 118 of 267 (25 FAILED) (0 secs / 1.148 secs)
15:51:43  Chrome Headless 144.0.0.0 (Linux 0.0.0) AuthService Concurrent Auth Operations Tests should handle logout during login request FAILED
15:51:43  	Error: Expected one matching request for criteria "Match URL: https://localhost:8443/api/auth/logout", found none. Requests received are: POST https://localhost:8443/api/users/logout.
15:51:43  	    at _HttpClientTestingBackend.expectOne (http://localhost:9876/darwin_arm64-fastbuild-ST-199a4f3c4e20/bin/packages/common/http/testing/src/backend.ts:112:13)
15:51:43  	    at UserContext.<anonymous> (src/app/services/auth.spec.ts:1015:22)
15:51:43  	    at _ZoneDelegate.invoke (node_modules/zone.js/fesm2015/zone.js:398:28)
15:51:43  	    at _ProxyZoneSpec.onInvoke (node_modules/zone.js/fesm2015/zone-testing.js:2132:39)
15:51:43  	    at _ZoneDelegate.invoke (node_modules/zone.js/fesm2015/zone.js:397:34)
15:51:43  	    at ZoneImpl.run (node_modules/zone.js/fesm2015/zone.js:113:43)
15:51:43  	    at runInTestZone (node_modules/zone.js/fesm2015/zone-testing.js:216:38)
15:51:43  	    at UserContext.<anonymous> (node_modules/zone.js/fesm2015/zone-testing.js:234:32)
15:51:43  	    at <Jasmine>
15:51:43  	Error: Expected no open requests, found 1: POST https://localhost:8443/api/users/logout
15:51:43  	    at _HttpClientTestingBackend.verify (http://localhost:9876/darwin_arm64-fastbuild-ST-199a4f3c4e20/bin/packages/common/http/testing/src/backend.ts:147:13)
15:51:43  	    at UserContext.<anonymous> (src/app/services/auth.spec.ts:44:14)
15:51:43  	    at _ZoneDelegate.invoke (node_modules/zone.js/fesm2015/zone.js:398:28)
15:51:43  	    at _ProxyZoneSpec.onInvoke (node_modules/zone.js/fesm2015/zone-testing.js:2132:39)
15:51:43  	    at _ZoneDelegate.invoke (node_modules/zone.js/fesm2015/zone.js:397:34)
15:51:43  	    at ZoneImpl.run (node_modules/zone.js/fesm2015/zone.js:113:43)
15:51:43  	    at runInTestZone (node_modules/zone.js/fesm2015/zone-testing.js:216:38)
15:51:43  	    at UserContext.<anonymous> (node_modules/zone.js/fesm2015/zone-testing.js:234:32)
15:51:43  	    at <Jasmine>
15:51:43  WARN: 'Spec 'AuthService Edge Case Token Handling Tests should handle login with expired token cookie' has no expectations.'
15:51:43  Chrome Headless 144.0.0.0 (Linux 0.0.0): Executed 118 of 267 (25 FAILED) (0 secs / 1.148 secs)
15:51:43  WARN: 'Spec 'AuthService Edge Case Token Handling Tests should handle login with expired token cookie' has no expectations.'
15:51:43  Chrome Headless 144.0.0.0 (Linux 0.0.0): Executed 119 of 267 (25 FAILED) (0 secs / 1.149 secs)
15:51:43  Chrome Headless 144.0.0.0 (Linux 0.0.0) AuthService Edge Case Token Handling Tests should handle login cookie setting FAILED
15:51:43  	Expected spy CookieService.set to have been called.
15:51:43  	    at <Jasmine>
15:51:43  	    at UserContext.<anonymous> (src/app/services/auth.spec.ts:1042:37)
15:51:43  	    at _ZoneDelegate.invoke (node_modules/zone.js/fesm2015/zone.js:398:28)
15:51:43  	    at _ProxyZoneSpec.onInvoke (node_modules/zone.js/fesm2015/zone-testing.js:2132:39)
15:51:43  	    at _ZoneDelegate.invoke (node_modules/zone.js/fesm2015/zone.js:397:34)
15:51:43  Chrome Headless 144.0.0.0 (Linux 0.0.0): Executed 120 of 267 (26 FAILED) (0 secs / 1.151 secs)
15:51:43  Chrome Headless 144.0.0.0 (Linux 0.0.0) AuthService Edge Case Token Handling Tests should handle login cookie setting FAILED
15:51:43  	Expected spy CookieService.set to have been called.
15:51:43  	    at <Jasmine>
15:51:43  	    at UserContext.<anonymous> (src/app/services/auth.spec.ts:1042:37)
15:51:43  	    at _ZoneDelegate.invoke (node_modules/zone.js/fesm2015/zone.js:398:28)
15:51:43  	    at _ProxyZoneSpec.onInvoke (node_modules/zone.js/fesm2015/zone-testing.js:2132:39)
15:51:43  	    at _ZoneDelegate.invoke (node_modules/zone.js/fesm2015/zone.js:397:34)
15:51:43  Chrome Headless 144.0.0.0 (Linux 0.0.0): Executed 121 of 267 (26 FAILED) (0 secs / 1.154 secs)
15:51:43  Chrome Headless 144.0.0.0 (Linux 0.0.0): Executed 122 of 267 (26 FAILED) (0 secs / 1.156 secs)
15:51:43  Chrome Headless 144.0.0.0 (Linux 0.0.0): Executed 123 of 267 (26 FAILED) (0 secs / 1.157 secs)
15:51:43  Chrome Headless 144.0.0.0 (Linux 0.0.0): Executed 124 of 267 (26 FAILED) (0 secs / 1.158 secs)
15:51:43  Chrome Headless 144.0.0.0 (Linux 0.0.0): Executed 125 of 267 (26 FAILED) (0 secs / 1.159 secs)
15:51:43  Chrome Headless 144.0.0.0 (Linux 0.0.0): Executed 126 of 267 (26 FAILED) (0 secs / 1.16 secs)
15:51:43  Chrome Headless 144.0.0.0 (Linux 0.0.0) AuthService Network Error Handling Tests should handle CORS error on logout FAILED
15:51:43  	Error: Expected one matching request for criteria "Match URL: https://localhost:8443/api/auth/logout", found none. Requests received are: POST https://localhost:8443/api/users/logout.
15:51:43  	    at _HttpClientTestingBackend.expectOne (http://localhost:9876/darwin_arm64-fastbuild-ST-199a4f3c4e20/bin/packages/common/http/testing/src/backend.ts:112:13)
15:51:43  	    at UserContext.<anonymous> (src/app/services/auth.spec.ts:1164:28)
15:51:43  	    at _ZoneDelegate.invoke (node_modules/zone.js/fesm2015/zone.js:398:28)
15:51:43  	    at _ProxyZoneSpec.onInvoke (node_modules/zone.js/fesm2015/zone-testing.js:2132:39)
15:51:43  	    at _ZoneDelegate.invoke (node_modules/zone.js/fesm2015/zone.js:397:34)
15:51:43  	    at ZoneImpl.run (node_modules/zone.js/fesm2015/zone.js:113:43)
15:51:43  	    at runInTestZone (node_modules/zone.js/fesm2015/zone-testing.js:216:38)
15:51:43  	    at UserContext.<anonymous> (node_modules/zone.js/fesm2015/zone-testing.js:234:32)
15:51:43  	    at <Jasmine>
15:51:43  	Error: Expected no open requests, found 1: POST https://localhost:8443/api/users/logout
15:51:43  	    at _HttpClientTestingBackend.verify (http://localhost:9876/darwin_arm64-fastbuild-ST-199a4f3c4e20/bin/packages/common/http/testing/src/backend.ts:147:13)
15:51:43  	    at UserContext.<anonymous> (src/app/services/auth.spec.ts:44:14)
15:51:43  	    at _ZoneDelegate.invoke (node_modules/zone.js/fesm2015/zone.js:398:28)
15:51:43  	    at _ProxyZoneSpec.onInvoke (node_modules/zone.js/fesm2015/zone-testing.js:2132:39)
15:51:43  	    at _ZoneDelegate.invoke (node_modules/zone.js/fesm2015/zone.js:397:34)
15:51:43  	    at ZoneImpl.run (node_modules/zone.js/fesm2015/zone.js:113:43)
15:51:43  	    at runInTestZone (node_modules/zone.js/fesm2015/zone-testing.js:216:38)
15:51:43  	    at UserContext.<anonymous> (node_modules/zone.js/fesm2015/zone-testing.js:234:32)
15:51:43  	    at <Jasmine>
15:51:43  Chrome Headless 144.0.0.0 (Linux 0.0.0): Executed 127 of 267 (27 FAILED) (0 secs / 1.161 secs)
15:51:43  Chrome Headless 144.0.0.0 (Linux 0.0.0) AuthService Network Error Handling Tests should handle CORS error on logout FAILED
15:51:43  	Error: Expected one matching request for criteria "Match URL: https://localhost:8443/api/auth/logout", found none. Requests received are: POST https://localhost:8443/api/users/logout.
15:51:43  	    at _HttpClientTestingBackend.expectOne (http://localhost:9876/darwin_arm64-fastbuild-ST-199a4f3c4e20/bin/packages/common/http/testing/src/backend.ts:112:13)
15:51:43  	    at UserContext.<anonymous> (src/app/services/auth.spec.ts:1164:28)
15:51:43  	    at _ZoneDelegate.invoke (node_modules/zone.js/fesm2015/zone.js:398:28)
15:51:43  	    at _ProxyZoneSpec.onInvoke (node_modules/zone.js/fesm2015/zone-testing.js:2132:39)
15:51:43  	    at _ZoneDelegate.invoke (node_modules/zone.js/fesm2015/zone.js:397:34)
15:51:43  	    at ZoneImpl.run (node_modules/zone.js/fesm2015/zone.js:113:43)
15:51:43  	    at runInTestZone (node_modules/zone.js/fesm2015/zone-testing.js:216:38)
15:51:43  	    at UserContext.<anonymous> (node_modules/zone.js/fesm2015/zone-testing.js:234:32)
15:51:43  	    at <Jasmine>
15:51:43  	Error: Expected no open requests, found 1: POST https://localhost:8443/api/users/logout
15:51:43  	    at _HttpClientTestingBackend.verify (http://localhost:9876/darwin_arm64-fastbuild-ST-199a4f3c4e20/bin/packages/common/http/testing/src/backend.ts:147:13)
15:51:43  	    at UserContext.<anonymous> (src/app/services/auth.spec.ts:44:14)
15:51:43  	    at _ZoneDelegate.invoke (node_modules/zone.js/fesm2015/zone.js:398:28)
15:51:43  	    at _ProxyZoneSpec.onInvoke (node_modules/zone.js/fesm2015/zone-testing.js:2132:39)
15:51:43  	    at _ZoneDelegate.invoke (node_modules/zone.js/fesm2015/zone.js:397:34)
15:51:43  	    at ZoneImpl.run (node_modules/zone.js/fesm2015/zone.js:113:43)
15:51:43  	    at runInTestZone (node_modules/zone.js/fesm2015/zone-testing.js:216:38)
15:51:43  	    at UserContext.<anonymous> (node_modules/zone.js/fesm2015/zone-testing.js:234:32)
15:51:43  	    at <Jasmine>
15:51:43  Chrome Headless 144.0.0.0 (Linux 0.0.0): Executed 128 of 267 (27 FAILED) (0 secs / 1.162 secs)
15:51:43  Chrome Headless 144.0.0.0 (Linux 0.0.0): Executed 129 of 267 (27 FAILED) (0 secs / 1.162 secs)
15:51:43  Chrome Headless 144.0.0.0 (Linux 0.0.0): Executed 130 of 267 (27 FAILED) (0 secs / 1.163 secs)
15:51:43  Chrome Headless 144.0.0.0 (Linux 0.0.0): Executed 131 of 267 (27 FAILED) (0 secs / 1.164 secs)
15:51:43  Chrome Headless 144.0.0.0 (Linux 0.0.0): Executed 132 of 267 (27 FAILED) (0 secs / 1.165 secs)
15:51:43  Chrome Headless 144.0.0.0 (Linux 0.0.0): Executed 133 of 267 (27 FAILED) (0 secs / 1.169 secs)
15:51:43  Chrome Headless 144.0.0.0 (Linux 0.0.0): Executed 134 of 267 (27 FAILED) (0 secs / 1.171 secs)
15:51:43  Chrome Headless 144.0.0.0 (Linux 0.0.0): Executed 135 of 267 (27 FAILED) (0 secs / 1.172 secs)
15:51:43  Chrome Headless 144.0.0.0 (Linux 0.0.0): Executed 136 of 267 (27 FAILED) (0 secs / 1.173 secs)
15:51:43  Chrome Headless 144.0.0.0 (Linux 0.0.0): Executed 137 of 267 (27 FAILED) (0 secs / 1.174 secs)
15:51:43  Chrome Headless 144.0.0.0 (Linux 0.0.0): Executed 138 of 267 (27 FAILED) (0 secs / 1.176 secs)
15:51:43  Chrome Headless 144.0.0.0 (Linux 0.0.0): Executed 139 of 267 (27 FAILED) (0 secs / 1.177 secs)
15:51:43  Chrome Headless 144.0.0.0 (Linux 0.0.0): Executed 140 of 267 (27 FAILED) (0 secs / 1.178 secs)
15:51:43  Chrome Headless 144.0.0.0 (Linux 0.0.0): Executed 141 of 267 (27 FAILED) (0 secs / 1.179 secs)
15:51:43  Chrome Headless 144.0.0.0 (Linux 0.0.0): Executed 142 of 267 (27 FAILED) (0 secs / 1.18 secs)
15:51:43  Chrome Headless 144.0.0.0 (Linux 0.0.0): Executed 143 of 267 (27 FAILED) (0 secs / 1.181 secs)
15:51:43  Chrome Headless 144.0.0.0 (Linux 0.0.0): Executed 144 of 267 (27 FAILED) (0 secs / 1.181 secs)
15:51:43  Chrome Headless 144.0.0.0 (Linux 0.0.0): Executed 145 of 267 (27 FAILED) (0 secs / 1.181 secs)
15:51:43  Chrome Headless 144.0.0.0 (Linux 0.0.0): Executed 146 of 267 (27 FAILED) (0 secs / 1.181 secs)
15:51:43  Chrome Headless 144.0.0.0 (Linux 0.0.0): Executed 147 of 267 (27 FAILED) (0 secs / 1.182 secs)
15:51:43  Chrome Headless 144.0.0.0 (Linux 0.0.0): Executed 148 of 267 (27 FAILED) (0 secs / 1.183 secs)
15:51:43  Chrome Headless 144.0.0.0 (Linux 0.0.0): Executed 149 of 267 (27 FAILED) (0 secs / 1.184 secs)
15:51:43  Chrome Headless 144.0.0.0 (Linux 0.0.0): Executed 150 of 267 (27 FAILED) (0 secs / 1.184 secs)
15:51:43  Chrome Headless 144.0.0.0 (Linux 0.0.0): Executed 151 of 267 (27 FAILED) (0 secs / 1.185 secs)
15:51:43  Chrome Headless 144.0.0.0 (Linux 0.0.0): Executed 152 of 267 (27 FAILED) (0 secs / 1.186 secs)
15:51:43  Chrome Headless 144.0.0.0 (Linux 0.0.0): Executed 153 of 267 (27 FAILED) (0 secs / 1.187 secs)
15:51:43  Chrome Headless 144.0.0.0 (Linux 0.0.0): Executed 154 of 267 (27 FAILED) (0 secs / 1.188 secs)
15:51:43  Chrome Headless 144.0.0.0 (Linux 0.0.0): Executed 155 of 267 (27 FAILED) (0 secs / 1.189 secs)
15:51:43  Chrome Headless 144.0.0.0 (Linux 0.0.0): Executed 156 of 267 (27 FAILED) (0 secs / 1.19 secs)
15:51:43  Chrome Headless 144.0.0.0 (Linux 0.0.0): Executed 157 of 267 (27 FAILED) (0 secs / 1.191 secs)
15:51:43  Chrome Headless 144.0.0.0 (Linux 0.0.0): Executed 158 of 267 (27 FAILED) (0 secs / 1.192 secs)
15:51:43  Chrome Headless 144.0.0.0 (Linux 0.0.0): Executed 159 of 267 (27 FAILED) (0 secs / 1.192 secs)
15:51:43  Chrome Headless 144.0.0.0 (Linux 0.0.0): Executed 160 of 267 (27 FAILED) (0 secs / 1.193 secs)
15:51:43  Chrome Headless 144.0.0.0 (Linux 0.0.0): Executed 161 of 267 (27 FAILED) (0 secs / 1.194 secs)
15:51:43  WARN: 'Spec 'ProductService Edge Cases and Error Scenarios should handle null pagination parameters' has no expectations.'
15:51:43  Chrome Headless 144.0.0.0 (Linux 0.0.0): Executed 161 of 267 (27 FAILED) (0 secs / 1.194 secs)
15:51:43  WARN: 'Spec 'ProductService Edge Cases and Error Scenarios should handle null pagination parameters' has no expectations.'
15:51:43  Chrome Headless 144.0.0.0 (Linux 0.0.0): Executed 162 of 267 (27 FAILED) (0 secs / 1.194 secs)
15:51:43  WARN: 'Spec 'ProductService Edge Cases and Error Scenarios should handle negative page index' has no expectations.'
15:51:43  Chrome Headless 144.0.0.0 (Linux 0.0.0): Executed 162 of 267 (27 FAILED) (0 secs / 1.194 secs)
15:51:43  WARN: 'Spec 'ProductService Edge Cases and Error Scenarios should handle negative page index' has no expectations.'
15:51:43  Chrome Headless 144.0.0.0 (Linux 0.0.0): Executed 163 of 267 (27 FAILED) (0 secs / 1.194 secs)
15:51:43  WARN: 'Spec 'ProductService Edge Cases and Error Scenarios should handle large page size' has no expectations.'
15:51:43  Chrome Headless 144.0.0.0 (Linux 0.0.0): Executed 163 of 267 (27 FAILED) (0 secs / 1.194 secs)
15:51:43  WARN: 'Spec 'ProductService Edge Cases and Error Scenarios should handle large page size' has no expectations.'
15:51:43  Chrome Headless 144.0.0.0 (Linux 0.0.0): Executed 164 of 267 (27 FAILED) (0 secs / 1.195 secs)
15:51:43  Chrome Headless 144.0.0.0 (Linux 0.0.0): Executed 165 of 267 (27 FAILED) (0 secs / 1.196 secs)
15:51:43  Chrome Headless 144.0.0.0 (Linux 0.0.0): Executed 166 of 267 (27 FAILED) (0 secs / 1.197 secs)
15:51:43  Chrome Headless 144.0.0.0 (Linux 0.0.0): Executed 167 of 267 (27 FAILED) (0 secs / 1.198 secs)
15:51:43  Chrome Headless 144.0.0.0 (Linux 0.0.0): Executed 168 of 267 (27 FAILED) (0 secs / 1.199 secs)
15:51:43  Chrome Headless 144.0.0.0 (Linux 0.0.0): Executed 169 of 267 (27 FAILED) (0 secs / 1.2 secs)
15:51:43  Chrome Headless 144.0.0.0 (Linux 0.0.0): Executed 170 of 267 (27 FAILED) (0 secs / 1.201 secs)
15:51:43  Chrome Headless 144.0.0.0 (Linux 0.0.0): Executed 171 of 267 (27 FAILED) (0 secs / 1.203 secs)
15:51:43  Chrome Headless 144.0.0.0 (Linux 0.0.0): Executed 172 of 267 (27 FAILED) (0 secs / 1.204 secs)
15:51:43  Chrome Headless 144.0.0.0 (Linux 0.0.0): Executed 173 of 267 (27 FAILED) (0 secs / 1.205 secs)
15:51:43  WARN: 'Spec 'ProductService Edge Cases and Error Scenarios should handle search with special characters' has no expectations.'
15:51:43  Chrome Headless 144.0.0.0 (Linux 0.0.0): Executed 173 of 267 (27 FAILED) (0 secs / 1.205 secs)
15:51:43  WARN: 'Spec 'ProductService Edge Cases and Error Scenarios should handle search with special characters' has no expectations.'
15:51:43  Chrome Headless 144.0.0.0 (Linux 0.0.0): Executed 174 of 267 (27 FAILED) (0 secs / 1.206 secs)
15:51:43  Chrome Headless 144.0.0.0 (Linux 0.0.0): Executed 175 of 267 (27 FAILED) (0 secs / 1.206 secs)
15:51:43  Chrome Headless 144.0.0.0 (Linux 0.0.0): Executed 176 of 267 (27 FAILED) (0 secs / 1.206 secs)
15:51:43  Chrome Headless 144.0.0.0 (Linux 0.0.0): Executed 177 of 267 (27 FAILED) (0 secs / 1.207 secs)
15:51:43  Chrome Headless 144.0.0.0 (Linux 0.0.0): Executed 178 of 267 (27 FAILED) (0 secs / 1.208 secs)
15:51:43  Chrome Headless 144.0.0.0 (Linux 0.0.0): Executed 179 of 267 (27 FAILED) (0 secs / 1.209 secs)
15:51:43  Chrome Headless 144.0.0.0 (Linux 0.0.0): Executed 180 of 267 (27 FAILED) (0 secs / 1.209 secs)
15:51:43  Chrome Headless 144.0.0.0 (Linux 0.0.0): Executed 181 of 267 (27 FAILED) (0 secs / 1.209 secs)
15:51:43  Chrome Headless 144.0.0.0 (Linux 0.0.0): Executed 182 of 267 (27 FAILED) (0 secs / 1.21 secs)
15:51:43  WARN: 'Spec 'ProductService Edge Cases and Error Scenarios should handle search with unicode characters' has no expectations.'
15:51:43  Chrome Headless 144.0.0.0 (Linux 0.0.0): Executed 182 of 267 (27 FAILED) (0 secs / 1.21 secs)
15:51:43  WARN: 'Spec 'ProductService Edge Cases and Error Scenarios should handle search with unicode characters' has no expectations.'
15:51:43  Chrome Headless 144.0.0.0 (Linux 0.0.0): Executed 183 of 267 (27 FAILED) (0 secs / 1.211 secs)
15:51:43  Chrome Headless 144.0.0.0 (Linux 0.0.0): Executed 184 of 267 (27 FAILED) (0 secs / 1.211 secs)
15:51:43  Chrome Headless 144.0.0.0 (Linux 0.0.0): Executed 185 of 267 (27 FAILED) (0 secs / 1.211 secs)
15:51:43  WARN: 'Spec 'ProductService Edge Cases and Error Scenarios should handle negative quantity edge case' has no expectations.'
15:51:43  Chrome Headless 144.0.0.0 (Linux 0.0.0): Executed 185 of 267 (27 FAILED) (0 secs / 1.211 secs)
15:51:43  WARN: 'Spec 'ProductService Edge Cases and Error Scenarios should handle negative quantity edge case' has no expectations.'
15:51:43  Chrome Headless 144.0.0.0 (Linux 0.0.0): Executed 186 of 267 (27 FAILED) (0 secs / 1.212 secs)
15:51:43  Chrome Headless 144.0.0.0 (Linux 0.0.0): Executed 187 of 267 (27 FAILED) (0 secs / 1.213 secs)
15:51:43  WARN: 'Spec 'ProductService Edge Cases and Error Scenarios should handle concurrent create and delete operations' has no expectations.'
15:51:43  Chrome Headless 144.0.0.0 (Linux 0.0.0): Executed 187 of 267 (27 FAILED) (0 secs / 1.213 secs)
15:51:43  WARN: 'Spec 'ProductService Edge Cases and Error Scenarios should handle concurrent create and delete operations' has no expectations.'
15:51:43  Chrome Headless 144.0.0.0 (Linux 0.0.0): Executed 188 of 267 (27 FAILED) (0 secs / 1.214 secs)
15:51:43  WARN: 'Spec 'ProductService Edge Cases and Error Scenarios should handle concurrent get and list operations' has no expectations.'
15:51:43  Chrome Headless 144.0.0.0 (Linux 0.0.0): Executed 188 of 267 (27 FAILED) (0 secs / 1.214 secs)
15:51:43  WARN: 'Spec 'ProductService Edge Cases and Error Scenarios should handle concurrent get and list operations' has no expectations.'
15:51:43  Chrome Headless 144.0.0.0 (Linux 0.0.0): Executed 189 of 267 (27 FAILED) (0 secs / 1.215 secs)
15:51:43  WARN: 'Spec 'ProductService Edge Cases and Error Scenarios should handle multiple pagination requests' has no expectations.'
15:51:43  Chrome Headless 144.0.0.0 (Linux 0.0.0): Executed 189 of 267 (27 FAILED) (0 secs / 1.215 secs)
15:51:43  WARN: 'Spec 'ProductService Edge Cases and Error Scenarios should handle multiple pagination requests' has no expectations.'
15:51:43  Chrome Headless 144.0.0.0 (Linux 0.0.0): Executed 190 of 267 (27 FAILED) (0 secs / 1.216 secs)
15:51:43  Chrome Headless 144.0.0.0 (Linux 0.0.0): Executed 191 of 267 (27 FAILED) (0 secs / 1.217 secs)
15:51:43  Chrome Headless 144.0.0.0 (Linux 0.0.0): Executed 192 of 267 (27 FAILED) (0 secs / 1.218 secs)
15:51:43  WARN: 'Spec 'ProductService Edge Cases and Error Scenarios should handle image upload with large file' has no expectations.'
15:51:43  Chrome Headless 144.0.0.0 (Linux 0.0.0): Executed 192 of 267 (27 FAILED) (0 secs / 1.218 secs)
15:51:43  WARN: 'Spec 'ProductService Edge Cases and Error Scenarios should handle image upload with large file' has no expectations.'
15:51:43  Chrome Headless 144.0.0.0 (Linux 0.0.0): Executed 193 of 267 (27 FAILED) (0 secs / 1.224 secs)
15:51:43  Chrome Headless 144.0.0.0 (Linux 0.0.0) ProductService Edge Cases and Error Scenarios should handle multiple image uploads in sequence FAILED
15:51:43  	Error: Expected one matching request for criteria "Match URL: https://localhost:8443/api/products/create/images", found 2 requests.
15:51:43  	    at _HttpClientTestingBackend.expectOne (http://localhost:9876/darwin_arm64-fastbuild-ST-199a4f3c4e20/bin/packages/common/http/testing/src/backend.ts:101:13)
15:51:43  	    at UserContext.<anonymous> (src/app/services/product-service.spec.ts:836:26)
15:51:43  	    at _ZoneDelegate.invoke (node_modules/zone.js/fesm2015/zone.js:398:28)
15:51:43  	    at _ProxyZoneSpec.onInvoke (node_modules/zone.js/fesm2015/zone-testing.js:2132:39)
15:51:43  	    at _ZoneDelegate.invoke (node_modules/zone.js/fesm2015/zone.js:397:34)
15:51:43  	    at ZoneImpl.run (node_modules/zone.js/fesm2015/zone.js:113:43)
15:51:43  	    at runInTestZone (node_modules/zone.js/fesm2015/zone-testing.js:216:38)
15:51:43  	    at UserContext.<anonymous> (node_modules/zone.js/fesm2015/zone-testing.js:234:32)
15:51:43  	    at <Jasmine>
15:51:43  Chrome Headless 144.0.0.0 (Linux 0.0.0): Executed 194 of 267 (28 FAILED) (0 secs / 1.232 secs)
15:51:43  Chrome Headless 144.0.0.0 (Linux 0.0.0) ProductService Edge Cases and Error Scenarios should handle multiple image uploads in sequence FAILED
15:51:43  	Error: Expected one matching request for criteria "Match URL: https://localhost:8443/api/products/create/images", found 2 requests.
15:51:43  	    at _HttpClientTestingBackend.expectOne (http://localhost:9876/darwin_arm64-fastbuild-ST-199a4f3c4e20/bin/packages/common/http/testing/src/backend.ts:101:13)
15:51:43  	    at UserContext.<anonymous> (src/app/services/product-service.spec.ts:836:26)
15:51:43  	    at _ZoneDelegate.invoke (node_modules/zone.js/fesm2015/zone.js:398:28)
15:51:43  	    at _ProxyZoneSpec.onInvoke (node_modules/zone.js/fesm2015/zone-testing.js:2132:39)
15:51:43  	    at _ZoneDelegate.invoke (node_modules/zone.js/fesm2015/zone.js:397:34)
15:51:43  	    at ZoneImpl.run (node_modules/zone.js/fesm2015/zone.js:113:43)
15:51:43  	    at runInTestZone (node_modules/zone.js/fesm2015/zone-testing.js:216:38)
15:51:43  	    at UserContext.<anonymous> (node_modules/zone.js/fesm2015/zone-testing.js:234:32)
15:51:43  	    at <Jasmine>
15:51:43  Chrome Headless 144.0.0.0 (Linux 0.0.0): Executed 195 of 267 (28 FAILED) (0 secs / 1.233 secs)
15:51:43  Chrome Headless 144.0.0.0 (Linux 0.0.0): Executed 196 of 267 (28 FAILED) (0 secs / 1.234 secs)
15:51:43  Chrome Headless 144.0.0.0 (Linux 0.0.0): Executed 197 of 267 (28 FAILED) (0 secs / 1.234 secs)
15:51:43  Chrome Headless 144.0.0.0 (Linux 0.0.0): Executed 198 of 267 (28 FAILED) (0 secs / 1.235 secs)
15:51:43  Chrome Headless 144.0.0.0 (Linux 0.0.0): Executed 199 of 267 (28 FAILED) (0 secs / 1.236 secs)
15:51:43  Chrome Headless 144.0.0.0 (Linux 0.0.0): Executed 200 of 267 (28 FAILED) (0 secs / 1.237 secs)
15:51:43  Chrome Headless 144.0.0.0 (Linux 0.0.0): Executed 201 of 267 (28 FAILED) (0 secs / 1.238 secs)
15:51:43  Chrome Headless 144.0.0.0 (Linux 0.0.0): Executed 202 of 267 (28 FAILED) (0 secs / 1.239 secs)
15:51:43  Chrome Headless 144.0.0.0 (Linux 0.0.0): Executed 203 of 267 (28 FAILED) (0 secs / 1.239 secs)
15:51:43  Chrome Headless 144.0.0.0 (Linux 0.0.0): Executed 204 of 267 (28 FAILED) (0 secs / 1.24 secs)
15:51:43  Chrome Headless 144.0.0.0 (Linux 0.0.0): Executed 205 of 267 (28 FAILED) (0 secs / 1.241 secs)
15:51:43  Chrome Headless 144.0.0.0 (Linux 0.0.0): Executed 206 of 267 (28 FAILED) (0 secs / 1.242 secs)
15:51:43  Chrome Headless 144.0.0.0 (Linux 0.0.0): Executed 207 of 267 (28 FAILED) (0 secs / 1.243 secs)
15:51:43  Chrome Headless 144.0.0.0 (Linux 0.0.0): Executed 208 of 267 (28 FAILED) (0 secs / 1.244 secs)
15:51:43  Chrome Headless 144.0.0.0 (Linux 0.0.0): Executed 209 of 267 (28 FAILED) (0 secs / 1.245 secs)
15:51:43  Chrome Headless 144.0.0.0 (Linux 0.0.0): Executed 210 of 267 (28 FAILED) (0 secs / 1.246 secs)
15:51:43  Chrome Headless 144.0.0.0 (Linux 0.0.0): Executed 211 of 267 (28 FAILED) (0 secs / 1.247 secs)
15:51:43  Chrome Headless 144.0.0.0 (Linux 0.0.0): Executed 212 of 267 (28 FAILED) (0 secs / 1.247 secs)
15:51:43  Chrome Headless 144.0.0.0 (Linux 0.0.0): Executed 213 of 267 (28 FAILED) (0 secs / 1.247 secs)
15:51:43  Chrome Headless 144.0.0.0 (Linux 0.0.0): Executed 214 of 267 (28 FAILED) (0 secs / 1.248 secs)
15:51:43  Chrome Headless 144.0.0.0 (Linux 0.0.0): Executed 215 of 267 (28 FAILED) (0 secs / 1.25 secs)
15:51:43  Chrome Headless 144.0.0.0 (Linux 0.0.0): Executed 216 of 267 (28 FAILED) (0 secs / 1.25 secs)
15:51:43  Chrome Headless 144.0.0.0 (Linux 0.0.0): Executed 217 of 267 (28 FAILED) (0 secs / 1.25 secs)
15:51:43  Chrome Headless 144.0.0.0 (Linux 0.0.0): Executed 218 of 267 (28 FAILED) (0 secs / 1.251 secs)
15:51:43  Chrome Headless 144.0.0.0 (Linux 0.0.0): Executed 219 of 267 (28 FAILED) (0 secs / 1.252 secs)
15:51:43  Chrome Headless 144.0.0.0 (Linux 0.0.0): Executed 220 of 267 (28 FAILED) (0 secs / 1.253 secs)
15:51:43  Chrome Headless 144.0.0.0 (Linux 0.0.0): Executed 221 of 267 (28 FAILED) (0 secs / 1.254 secs)
15:51:43  Chrome Headless 144.0.0.0 (Linux 0.0.0): Executed 222 of 267 (28 FAILED) (0 secs / 1.254 secs)
15:51:43  Chrome Headless 144.0.0.0 (Linux 0.0.0): Executed 223 of 267 (28 FAILED) (0 secs / 1.254 secs)
15:51:43  Chrome Headless 144.0.0.0 (Linux 0.0.0): Executed 224 of 267 (28 FAILED) (0 secs / 1.254 secs)
15:51:43  Chrome Headless 144.0.0.0 (Linux 0.0.0): Executed 225 of 267 (28 FAILED) (0 secs / 1.254 secs)
15:51:43  Chrome Headless 144.0.0.0 (Linux 0.0.0): Executed 226 of 267 (28 FAILED) (0 secs / 1.255 secs)
15:51:43  Chrome Headless 144.0.0.0 (Linux 0.0.0): Executed 227 of 267 (28 FAILED) (0 secs / 1.256 secs)
15:51:43  Chrome Headless 144.0.0.0 (Linux 0.0.0): Executed 228 of 267 (28 FAILED) (0 secs / 1.256 secs)
15:51:43  Chrome Headless 144.0.0.0 (Linux 0.0.0): Executed 229 of 267 (28 FAILED) (0 secs / 1.257 secs)
15:51:43  Chrome Headless 144.0.0.0 (Linux 0.0.0): Executed 230 of 267 (28 FAILED) (0 secs / 1.258 secs)
15:51:43  Chrome Headless 144.0.0.0 (Linux 0.0.0): Executed 231 of 267 (28 FAILED) (0 secs / 1.259 secs)
15:51:43  Chrome Headless 144.0.0.0 (Linux 0.0.0): Executed 232 of 267 (28 FAILED) (0 secs / 1.26 secs)
15:51:43  Chrome Headless 144.0.0.0 (Linux 0.0.0): Executed 233 of 267 (28 FAILED) (0 secs / 1.261 secs)
15:51:43  Chrome Headless 144.0.0.0 (Linux 0.0.0): Executed 234 of 267 (28 FAILED) (0 secs / 1.262 secs)
15:51:43  Chrome Headless 144.0.0.0 (Linux 0.0.0): Executed 235 of 267 (28 FAILED) (0 secs / 1.263 secs)
15:51:43  Chrome Headless 144.0.0.0 (Linux 0.0.0): Executed 236 of 267 (28 FAILED) (0 secs / 1.264 secs)
15:51:43  Chrome Headless 144.0.0.0 (Linux 0.0.0): Executed 237 of 267 (28 FAILED) (0 secs / 1.265 secs)
15:51:43  Chrome Headless 144.0.0.0 (Linux 0.0.0): Executed 238 of 267 (28 FAILED) (0 secs / 1.266 secs)
15:51:43  Chrome Headless 144.0.0.0 (Linux 0.0.0): Executed 239 of 267 (28 FAILED) (0 secs / 1.267 secs)
15:51:43  Chrome Headless 144.0.0.0 (Linux 0.0.0): Executed 240 of 267 (28 FAILED) (0 secs / 1.267 secs)
15:51:43  Chrome Headless 144.0.0.0 (Linux 0.0.0): Executed 241 of 267 (28 FAILED) (0 secs / 1.267 secs)
15:51:43  Chrome Headless 144.0.0.0 (Linux 0.0.0): Executed 242 of 267 (28 FAILED) (0 secs / 1.268 secs)
15:51:43  Chrome Headless 144.0.0.0 (Linux 0.0.0): Executed 243 of 267 (28 FAILED) (0 secs / 1.269 secs)
15:51:43  Chrome Headless 144.0.0.0 (Linux 0.0.0): Executed 244 of 267 (28 FAILED) (0 secs / 1.27 secs)
15:51:43  Chrome Headless 144.0.0.0 (Linux 0.0.0): Executed 245 of 267 (28 FAILED) (0 secs / 1.272 secs)
15:51:43  Chrome Headless 144.0.0.0 (Linux 0.0.0): Executed 246 of 267 (28 FAILED) (0 secs / 1.294 secs)
15:51:43  Chrome Headless 144.0.0.0 (Linux 0.0.0): Executed 247 of 267 (28 FAILED) (0 secs / 1.299 secs)
15:51:43  Chrome Headless 144.0.0.0 (Linux 0.0.0): Executed 248 of 267 (28 FAILED) (0 secs / 1.301 secs)
15:51:43  Chrome Headless 144.0.0.0 (Linux 0.0.0): Executed 249 of 267 (28 FAILED) (0 secs / 1.302 secs)
15:51:43  Chrome Headless 144.0.0.0 (Linux 0.0.0): Executed 250 of 267 (28 FAILED) (0 secs / 1.303 secs)
15:51:43  Chrome Headless 144.0.0.0 (Linux 0.0.0): Executed 251 of 267 (28 FAILED) (0 secs / 1.311 secs)
15:51:43  Chrome Headless 144.0.0.0 (Linux 0.0.0): Executed 252 of 267 (28 FAILED) (0 secs / 1.312 secs)
15:51:43  Chrome Headless 144.0.0.0 (Linux 0.0.0): Executed 253 of 267 (28 FAILED) (0 secs / 1.313 secs)
15:51:43  Chrome Headless 144.0.0.0 (Linux 0.0.0): Executed 254 of 267 (28 FAILED) (0 secs / 1.314 secs)
15:51:43  Chrome Headless 144.0.0.0 (Linux 0.0.0): Executed 255 of 267 (28 FAILED) (0 secs / 1.315 secs)
15:51:43  Chrome Headless 144.0.0.0 (Linux 0.0.0): Executed 256 of 267 (28 FAILED) (0 secs / 1.316 secs)
15:51:43  WARN: 'Spec 'UserService Delete User Password Validation Tests should handle multiple failed delete attempts' has no expectations.'
15:51:43  Chrome Headless 144.0.0.0 (Linux 0.0.0): Executed 256 of 267 (28 FAILED) (0 secs / 1.316 secs)
15:51:43  WARN: 'Spec 'UserService Delete User Password Validation Tests should handle multiple failed delete attempts' has no expectations.'
15:51:43  Chrome Headless 144.0.0.0 (Linux 0.0.0): Executed 257 of 267 (28 FAILED) (0 secs / 1.317 secs)
15:51:43  Chrome Headless 144.0.0.0 (Linux 0.0.0): Executed 258 of 267 (28 FAILED) (0 secs / 1.318 secs)
15:51:43  Chrome Headless 144.0.0.0 (Linux 0.0.0): Executed 259 of 267 (28 FAILED) (0 secs / 1.319 secs)
15:51:43  Chrome Headless 144.0.0.0 (Linux 0.0.0): Executed 260 of 267 (28 FAILED) (0 secs / 1.32 secs)
15:51:43  Chrome Headless 144.0.0.0 (Linux 0.0.0): Executed 261 of 267 (28 FAILED) (0 secs / 1.321 secs)
15:51:43  Chrome Headless 144.0.0.0 (Linux 0.0.0): Executed 262 of 267 (28 FAILED) (0 secs / 1.322 secs)
15:51:43  Chrome Headless 144.0.0.0 (Linux 0.0.0): Executed 263 of 267 (28 FAILED) (0 secs / 1.323 secs)
15:51:43  Chrome Headless 144.0.0.0 (Linux 0.0.0): Executed 264 of 267 (28 FAILED) (0 secs / 1.324 secs)
15:51:43  Chrome Headless 144.0.0.0 (Linux 0.0.0): Executed 265 of 267 (28 FAILED) (0 secs / 1.325 secs)
15:51:43  Chrome Headless 144.0.0.0 (Linux 0.0.0): Executed 266 of 267 (28 FAILED) (0 secs / 1.325 secs)
15:51:43  Chrome Headless 144.0.0.0 (Linux 0.0.0): Executed 267 of 267 (28 FAILED) (0 secs / 1.325 secs)
15:51:43  Chrome Headless 144.0.0.0 (Linux 0.0.0) ERROR
15:51:43    An error was thrown in afterAll
15:51:43    Uncaught ReferenceError: __NG_CLI_RESOURCE__0 is not defined
15:51:43    ReferenceError: __NG_CLI_RESOURCE__0 is not defined
15:51:43        at src/app/components/confirm-dialog/confirm-dialog.ts (chunk-EH2Q7CYT.js:477:16)
15:51:43        at __require (chunk-DZYXDVEG.js:38:50)
15:51:43        at src/app/components/confirm-dialog/confirm-dialog.spec.ts (src/app/components/confirm-dialog/confirm-dialog.spec.ts:3:1)
15:51:43        at __require (chunk-DZYXDVEG.js:38:50)
15:51:43        at spec-app-components-confirm-dialog-confirm-dialog.spec.js:91:16
15:51:43    Uncaught ReferenceError: __NG_CLI_RESOURCE__0 is not defined
15:51:43    ReferenceError: __NG_CLI_RESOURCE__0 is not defined
15:51:43        at src/app/components/edit-product-modal/edit-product-modal.ts (chunk-V32SAH5G.js:4653:16)
15:51:43        at __require (chunk-DZYXDVEG.js:38:50)
15:51:43        at src/app/components/edit-product-modal/edit-product-modal.spec.ts (src/app/components/edit-product-modal/edit-product-modal.spec.ts:6:1)
15:51:43        at __require (chunk-DZYXDVEG.js:38:50)
15:51:43        at spec-app-components-edit-product-modal-edit-product-modal.spec.js:301:16
15:51:43    Uncaught ReferenceError: __NG_CLI_RESOURCE__0 is not defined
15:51:43    ReferenceError: __NG_CLI_RESOURCE__0 is not defined
15:51:43        at src/app/components/image-cropper-modal/image-cropper-modal.ts (chunk-BTORPEND.js:2510:16)
15:51:43        at __require (chunk-DZYXDVEG.js:38:50)
15:51:43        at src/app/components/image-cropper-modal/image-cropper-modal.spec.ts (src/app/components/image-cropper-modal/image-cropper-modal.spec.ts:2:1)
15:51:43        at __require (chunk-DZYXDVEG.js:38:50)
15:51:43        at spec-app-components-image-cropper-modal-image-cropper-modal.spec.js:120:16
15:51:43    Uncaught ReferenceError: __NG_CLI_RESOURCE__0 is not defined
15:51:43    ReferenceError: __NG_CLI_RESOURCE__0 is not defined
15:51:43        at src/app/components/navbar/navbar.ts (chunk-7P2XZV7M.js:2365:16)
15:51:43        at __require (chunk-DZYXDVEG.js:38:50)
15:51:43        at src/app/components/navbar/navbar.spec.ts (src/app/components/navbar/navbar.spec.ts:5:1)
15:51:43        at __require (chunk-DZYXDVEG.js:38:50)
15:51:43        at spec-app-components-navbar-navbar.spec.js:260:16
15:51:43    Uncaught ReferenceError: __NG_CLI_RESOURCE__0 is not defined
15:51:43    ReferenceError: __NG_CLI_RESOURCE__0 is not defined
15:51:43        at src/app/components/password-confirm-dialog/password-confirm-dialog.ts (chunk-OBNDTKC7.js:558:16)
15:51:43        at __require (chunk-DZYXDVEG.js:38:50)
15:51:43        at src/app/components/password-confirm-dialog/password-confirm-dialog.spec.ts (src/app/components/password-confirm-dialog/password-confirm-dialog.spec.ts:4:1)
15:51:43        at __require (chunk-DZYXDVEG.js:38:50)
15:51:43        at spec-app-components-password-confirm-dialog-password-confirm-dialog.spec.js:111:16
15:51:43    Uncaught ReferenceError: __NG_CLI_RESOURCE__0 is not defined
15:51:43    ReferenceError: __NG_CLI_RESOURCE__0 is not defined
15:51:43        at src/app/components/product-card/product-card.ts (chunk-X44WUKYA.js:2137:16)
15:51:43        at __require (chunk-DZYXDVEG.js:38:50)
15:51:43        at src/app/components/product-card/product-card.spec.ts (src/app/components/product-card/product-card.spec.ts:6:1)
15:51:43        at __require (chunk-DZYXDVEG.js:38:50)
15:51:43        at spec-app-components-product-card-product-card.spec.js:339:16
15:51:43    Uncaught ReferenceError: __NG_CLI_RESOURCE__0 is not defined
15:51:43    ReferenceError: __NG_CLI_RESOURCE__0 is not defined
15:51:43        at src/app/components/update-info-form/update-info-form.ts (chunk-C3QXLBXT.js:1753:16)
15:51:43        at __require (chunk-DZYXDVEG.js:38:50)
15:51:43        at src/app/components/update-info-form/update-info-form.spec.ts (src/app/components/update-info-form/update-info-form.spec.ts:6:1)
15:51:43        at __require (chunk-DZYXDVEG.js:38:50)
15:51:43        at spec-app-components-update-info-form-update-info-form.spec.js:281:16
15:51:43    Uncaught ReferenceError: __NG_CLI_RESOURCE__0 is not defined
15:51:43    ReferenceError: __NG_CLI_RESOURCE__0 is not defined
15:51:43        at src/app/layouts/main-layout/main-layout.ts (spec-app-layouts-main-layout-main-layout.spec.js:1749:16)
15:51:43        at __require (chunk-DZYXDVEG.js:38:50)
15:51:43        at src/app/layouts/main-layout/main-layout.spec.ts (src/app/layouts/main-layout/main-layout.spec.ts:5:1)
15:51:43        at __require (chunk-DZYXDVEG.js:38:50)
15:51:43        at spec-app-layouts-main-layout-main-layout.spec.js:1794:16
15:51:43    Uncaught ReferenceError: __NG_CLI_RESOURCE__0 is not defined
15:51:43    ReferenceError: __NG_CLI_RESOURCE__0 is not defined
15:51:43        at src/app/pages/create-product/create-product.ts (spec-app-pages-create-product-create-product.spec.js:2016:16)
15:51:43        at __require (chunk-DZYXDVEG.js:38:50)
15:51:43        at src/app/pages/create-product/create-product.spec.ts (src/app/pages/create-product/create-product.spec.ts:4:1)
15:51:43        at __require (chunk-DZYXDVEG.js:38:50)
15:51:43        at spec-app-pages-create-product-create-product.spec.js:2235:16
15:51:43    Uncaught ReferenceError: __NG_CLI_RESOURCE__0 is not defined
15:51:43    ReferenceError: __NG_CLI_RESOURCE__0 is not defined
15:51:43        at src/app/pages/home/home.ts (spec-app-pages-home-home.spec.js:1128:16)
15:51:43        at __require (chunk-DZYXDVEG.js:38:50)
15:51:43        at src/app/pages/home/home.spec.ts (src/app/pages/home/home.spec.ts:3:1)
15:51:43        at __require (chunk-DZYXDVEG.js:38:50)
15:51:43        at spec-app-pages-home-home.spec.js:1319:16
15:51:43    Uncaught ReferenceError: __NG_CLI_RESOURCE__0 is not defined
15:51:43    ReferenceError: __NG_CLI_RESOURCE__0 is not defined
15:51:43        at src/app/pages/login/login.ts (spec-app-pages-login-login.spec.js:933:16)
15:51:43        at __require (chunk-DZYXDVEG.js:38:50)
15:51:43        at src/app/pages/login/login.spec.ts (src/app/pages/login/login.spec.ts:5:1)
15:51:43        at __require (chunk-DZYXDVEG.js:38:50)
15:51:43        at spec-app-pages-login-login.spec.js:1060:16
15:51:43    Uncaught ReferenceError: __NG_CLI_RESOURCE__0 is not defined
15:51:43    ReferenceError: __NG_CLI_RESOURCE__0 is not defined
15:51:43        at src/app/pages/my-info/my-info.ts (spec-app-pages-my-info-my-info.spec.js:2507:16)
15:51:43        at __require (chunk-DZYXDVEG.js:38:50)
15:51:43        at src/app/pages/my-info/my-info.spec.ts (src/app/pages/my-info/my-info.spec.ts:4:1)
15:51:43        at __require (chunk-DZYXDVEG.js:38:50)
15:51:43        at spec-app-pages-my-info-my-info.spec.js:2719:16
15:51:43    Uncaught ReferenceError: __NG_CLI_RESOURCE__0 is not defined
15:51:43    ReferenceError: __NG_CLI_RESOURCE__0 is not defined
15:51:43        at src/app/pages/my-products/my-products.ts (spec-app-pages-my-products-my-products.spec.js:1048:16)
15:51:43        at __require (chunk-DZYXDVEG.js:38:50)
15:51:43        at src/app/pages/my-products/my-products.spec.ts (src/app/pages/my-products/my-products.spec.ts:4:1)
15:51:43        at __require (chunk-DZYXDVEG.js:38:50)
15:51:43        at spec-app-pages-my-products-my-products.spec.js:1257:16
15:51:43    Uncaught ReferenceError: __NG_CLI_RESOURCE__0 is not defined
15:51:43    ReferenceError: __NG_CLI_RESOURCE__0 is not defined
15:51:43        at src/app/pages/product-detail/product-detail.ts (spec-app-pages-product-detail-product-detail.spec.js:1906:16)
15:51:43        at __require (chunk-DZYXDVEG.js:38:50)
15:51:43        at src/app/pages/product-detail/product-detail.spec.ts (src/app/pages/product-detail/product-detail.spec.ts:4:1)
15:51:43        at __require (chunk-DZYXDVEG.js:38:50)
15:51:43        at spec-app-pages-product-detail-product-detail.spec.js:2074:16
15:51:43    Uncaught ReferenceError: __NG_CLI_RESOURCE__0 is not defined
15:51:43    ReferenceError: __NG_CLI_RESOURCE__0 is not defined
15:51:43        at src/app/pages/register/register.ts (spec-app-pages-register-register.spec.js:1297:16)
15:51:43        at __require (chunk-DZYXDVEG.js:38:50)
15:51:43        at src/app/pages/register/register.spec.ts (src/app/pages/register/register.spec.ts:5:1)
15:51:43        at __require (chunk-DZYXDVEG.js:38:50)
15:51:43        at spec-app-pages-register-register.spec.js:1458:16
15:51:43  Chrome Headless 144.0.0.0 (Linux 0.0.0): Executed 267 of 267 (28 FAILED) ERROR (0 secs / 1.325 secs)
15:51:43  Chrome Headless 144.0.0.0 (Linux 0.0.0) ERROR
15:51:43    An error was thrown in afterAll
15:51:43    Uncaught ReferenceError: __NG_CLI_RESOURCE__0 is not defined
15:51:43    ReferenceError: __NG_CLI_RESOURCE__0 is not defined
15:51:43        at src/app/components/confirm-dialog/confirm-dialog.ts (chunk-EH2Q7CYT.js:477:16)
15:51:43        at __require (chunk-DZYXDVEG.js:38:50)
15:51:43        at src/app/components/confirm-dialog/confirm-dialog.spec.ts (src/app/components/confirm-dialog/confirm-dialog.spec.ts:3:1)
15:51:43        at __require (chunk-DZYXDVEG.js:38:50)
15:51:43        at spec-app-components-confirm-dialog-confirm-dialog.spec.js:91:16
15:51:43    Uncaught ReferenceError: __NG_CLI_RESOURCE__0 is not defined
15:51:43    ReferenceError: __NG_CLI_RESOURCE__0 is not defined
15:51:43        at src/app/components/edit-product-modal/edit-product-modal.ts (chunk-V32SAH5G.js:4653:16)
15:51:43        at __require (chunk-DZYXDVEG.js:38:50)
15:51:43        at src/app/components/edit-product-modal/edit-product-modal.spec.ts (src/app/components/edit-product-modal/edit-product-modal.spec.ts:6:1)
15:51:43        at __require (chunk-DZYXDVEG.js:38:50)
15:51:43        at spec-app-components-edit-product-modal-edit-product-modal.spec.js:301:16
15:51:43    Uncaught ReferenceError: __NG_CLI_RESOURCE__0 is not defined
15:51:43    ReferenceError: __NG_CLI_RESOURCE__0 is not defined
15:51:43        at src/app/components/image-cropper-modal/image-cropper-modal.ts (chunk-BTORPEND.js:2510:16)
15:51:43        at __require (chunk-DZYXDVEG.js:38:50)
15:51:43        at src/app/components/image-cropper-modal/image-cropper-modal.spec.ts (src/app/components/image-cropper-modal/image-cropper-modal.spec.ts:2:1)
15:51:43        at __require (chunk-DZYXDVEG.js:38:50)
15:51:43        at spec-app-components-image-cropper-modal-image-cropper-modal.spec.js:120:16
15:51:43    Uncaught ReferenceError: __NG_CLI_RESOURCE__0 is not defined
15:51:43    ReferenceError: __NG_CLI_RESOURCE__0 is not defined
15:51:43        at src/app/components/navbar/navbar.ts (chunk-7P2XZV7M.js:2365:16)
15:51:43        at __require (chunk-DZYXDVEG.js:38:50)
15:51:43        at src/app/components/navbar/navbar.spec.ts (src/app/components/navbar/navbar.spec.ts:5:1)
15:51:43        at __require (chunk-DZYXDVEG.js:38:50)
15:51:43        at spec-app-components-navbar-navbar.spec.js:260:16
15:51:43    Uncaught ReferenceError: __NG_CLI_RESOURCE__0 is not defined
15:51:43    ReferenceError: __NG_CLI_RESOURCE__0 is not defined
15:51:43        at src/app/components/password-confirm-dialog/password-confirm-dialog.ts (chunk-OBNDTKC7.js:558:16)
15:51:43        at __require (chunk-DZYXDVEG.js:38:50)
15:51:43        at src/app/components/password-confirm-dialog/password-confirm-dialog.spec.ts (src/app/components/password-confirm-dialog/password-confirm-dialog.spec.ts:4:1)
15:51:43        at __require (chunk-DZYXDVEG.js:38:50)
15:51:43        at spec-app-components-password-confirm-dialog-password-confirm-dialog.spec.js:111:16
15:51:43    Uncaught ReferenceError: __NG_CLI_RESOURCE__0 is not defined
15:51:43    ReferenceError: __NG_CLI_RESOURCE__0 is not defined
15:51:43        at src/app/components/product-card/product-card.ts (chunk-X44WUKYA.js:2137:16)
15:51:43        at __require (chunk-DZYXDVEG.js:38:50)
15:51:43        at src/app/components/product-card/product-card.spec.ts (src/app/components/product-card/product-card.spec.ts:6:1)
15:51:43        at __require (chunk-DZYXDVEG.js:38:50)
15:51:43        at spec-app-components-product-card-product-card.spec.js:339:16
15:51:43    Uncaught ReferenceError: __NG_CLI_RESOURCE__0 is not defined
15:51:43    ReferenceError: __NG_CLI_RESOURCE__0 is not defined
15:51:43        at src/app/components/update-info-form/update-info-form.ts (chunk-C3QXLBXT.js:1753:16)
15:51:43        at __require (chunk-DZYXDVEG.js:38:50)
15:51:43        at src/app/components/update-info-form/update-info-form.spec.ts (src/app/components/update-info-form/update-info-form.spec.ts:6:1)
15:51:43        at __require (chunk-DZYXDVEG.js:38:50)
15:51:43        at spec-app-components-update-info-form-update-info-form.spec.js:281:16
15:51:43    Uncaught ReferenceError: __NG_CLI_RESOURCE__0 is not defined
15:51:43    ReferenceError: __NG_CLI_RESOURCE__0 is not defined
15:51:43        at src/app/layouts/main-layout/main-layout.ts (spec-app-layouts-main-layout-main-layout.spec.js:1749:16)
15:51:43        at __require (chunk-DZYXDVEG.js:38:50)
15:51:43        at src/app/layouts/main-layout/main-layout.spec.ts (src/app/layouts/main-layout/main-layout.spec.ts:5:1)
15:51:43        at __require (chunk-DZYXDVEG.js:38:50)
15:51:43        at spec-app-layouts-main-layout-main-layout.spec.js:1794:16
15:51:43    Uncaught ReferenceError: __NG_CLI_RESOURCE__0 is not defined
15:51:43    ReferenceError: __NG_CLI_RESOURCE__0 is not defined
15:51:43        at src/app/pages/create-product/create-product.ts (spec-app-pages-create-product-create-product.spec.js:2016:16)
15:51:43        at __require (chunk-DZYXDVEG.js:38:50)
15:51:43        at src/app/pages/create-product/create-product.spec.ts (src/app/pages/create-product/create-product.spec.ts:4:1)
15:51:43        at __require (chunk-DZYXDVEG.js:38:50)
15:51:43        at spec-app-pages-create-product-create-product.spec.js:2235:16
15:51:43    Uncaught ReferenceError: __NG_CLI_RESOURCE__0 is not defined
15:51:43    ReferenceError: __NG_CLI_RESOURCE__0 is not defined
15:51:43        at src/app/pages/home/home.ts (spec-app-pages-home-home.spec.js:1128:16)
15:51:43        at __require (chunk-DZYXDVEG.js:38:50)
15:51:43        at src/app/pages/home/home.spec.ts (src/app/pages/home/home.spec.ts:3:1)
15:51:43        at __require (chunk-DZYXDVEG.js:38:50)
15:51:43        at spec-app-pages-home-home.spec.js:1319:16
15:51:43    Uncaught ReferenceError: __NG_CLI_RESOURCE__0 is not defined
15:51:43    ReferenceError: __NG_CLI_RESOURCE__0 is not defined
15:51:43        at src/app/pages/login/login.ts (spec-app-pages-login-login.spec.js:933:16)
15:51:43        at __require (chunk-DZYXDVEG.js:38:50)
15:51:43        at src/app/pages/login/login.spec.ts (src/app/pages/login/login.spec.ts:5:1)
15:51:43        at __require (chunk-DZYXDVEG.js:38:50)
15:51:43        at spec-app-pages-login-login.spec.js:1060:16
15:51:43    Uncaught ReferenceError: __NG_CLI_RESOURCE__0 is not defined
15:51:43    ReferenceError: __NG_CLI_RESOURCE__0 is not defined
15:51:43        at src/app/pages/my-info/my-info.ts (spec-app-pages-my-info-my-info.spec.js:2507:16)
15:51:43        at __require (chunk-DZYXDVEG.js:38:50)
15:51:43        at src/app/pages/my-info/my-info.spec.ts (src/app/pages/my-info/my-info.spec.ts:4:1)
15:51:43        at __require (chunk-DZYXDVEG.js:38:50)
15:51:43        at spec-app-pages-my-info-my-info.spec.js:2719:16
15:51:43    Uncaught ReferenceError: __NG_CLI_RESOURCE__0 is not defined
15:51:43    ReferenceError: __NG_CLI_RESOURCE__0 is not defined
15:51:43        at src/app/pages/my-products/my-products.ts (spec-app-pages-my-products-my-products.spec.js:1048:16)
15:51:43        at __require (chunk-DZYXDVEG.js:38:50)
15:51:43        at src/app/pages/my-products/my-products.spec.ts (src/app/pages/my-products/my-products.spec.ts:4:1)
15:51:43        at __require (chunk-DZYXDVEG.js:38:50)
15:51:43        at spec-app-pages-my-products-my-products.spec.js:1257:16
15:51:43    Uncaught ReferenceError: __NG_CLI_RESOURCE__0 is not defined
15:51:43    ReferenceError: __NG_CLI_RESOURCE__0 is not defined
15:51:43        at src/app/pages/product-detail/product-detail.ts (spec-app-pages-product-detail-product-detail.spec.js:1906:16)
15:51:43        at __require (chunk-DZYXDVEG.js:38:50)
15:51:43        at src/app/pages/product-detail/product-detail.spec.ts (src/app/pages/product-detail/product-detail.spec.ts:4:1)
15:51:43        at __require (chunk-DZYXDVEG.js:38:50)
15:51:43        at spec-app-pages-product-detail-product-detail.spec.js:2074:16
15:51:43    Uncaught ReferenceError: __NG_CLI_RESOURCE__0 is not defined
15:51:43    ReferenceError: __NG_CLI_RESOURCE__0 is not defined
15:51:43        at src/app/pages/register/register.ts (spec-app-pages-register-register.spec.js:1297:16)
15:51:43        at __require (chunk-DZYXDVEG.js:38:50)
15:51:43        at src/app/pages/register/register.spec.ts (src/app/pages/register/register.spec.ts:5:1)
15:51:43        at __require (chunk-DZYXDVEG.js:38:50)
15:51:43        at spec-app-pages-register-register.spec.js:1458:16
15:51:43  Chrome Headless 144.0.0.0 (Linux 0.0.0): Executed 267 of 267 (28 FAILED) ERROR (1.473 secs / 1.325 secs)
15:51:43  
15:51:43  =============================== Coverage summary ===============================
15:51:43  Statements   : Unknown% ( 0/0 )
15:51:43  Branches     : Unknown% ( 0/0 )
15:51:43  Functions    : Unknown% ( 0/0 )
15:51:43  Lines        : Unknown% ( 0/0 )
15:51:43  ================================================================================

[Pipeline] }
[Pipeline] // script
[Pipeline] }
[Pipeline] // stage
[Pipeline] stage
[Pipeline] { (üìä SonarQube Analysis)
Stage "üìä SonarQube Analysis" skipped due to earlier failure(s)
[Pipeline] getContext
[Pipeline] }
[Pipeline] // stage
[Pipeline] stage
[Pipeline] { (üìä Quality Gate)
Stage "üìä Quality Gate" skipped due to earlier failure(s)
[Pipeline] getContext
[Pipeline] }
[Pipeline] // stage
[Pipeline] stage
[Pipeline] { (üê≥ Dockerize & Push)
Stage "üê≥ Dockerize & Push" skipped due to earlier failure(s)
[Pipeline] getContext
[Pipeline] }
[Pipeline] // stage
[Pipeline] stage
[Pipeline] { (Deploy Locally)
Stage "Deploy Locally" skipped due to earlier failure(s)
[Pipeline] getContext
[Pipeline] }
[Pipeline] // stage
[Pipeline] stage
[Pipeline] { (Declarative: Post Actions)
[Pipeline] script
[Pipeline] {
[Pipeline] echo
15:51:44  Pipeline execution completed
[Pipeline] }
[Pipeline] // script
[Pipeline] script
[Pipeline] {
[Pipeline] echo
15:51:44  ‚ùå Pipeline failed!
[Pipeline] emailext
15:51:44  Sending email to: mohammad.kheirkhah@gritlab.ax

[Pipeline] echo
15:51:46  Email notification sent
[Pipeline] }
[Pipeline] // script
[Pipeline] }
[Pipeline] // stage
[Pipeline] }
15:51:46  
[Pipeline] // ansiColor
[Pipeline] }
[Pipeline] // timestamps
[Pipeline] }
[Pipeline] // timeout
[Pipeline] }

[Pipeline] // withEnv
[Pipeline] }
[Pipeline] // withCredentials
[Pipeline] }
[Pipeline] // withEnv
[Pipeline] }
[Pipeline] // node
[Pipeline] End of Pipeline
ERROR: script returned exit code 1

GitHub has been notified of this commit‚Äôs build result

Finished: FAILURE
