<?xml version="1.0"?>
<testsuite name="Chrome Headless 144.0.0.0 (Mac OS 10.15.7)" package="Frontend Tests" timestamp="2026-01-29T12:45:12" id="0" hostname="mohammad.kheirkhah" tests="437" errors="0" failures="0" time="0.402">
  <properties>
    <property name="browser.fullName" value="Mozilla/5.0 (Macintosh; Intel Mac OS X 10_15_7) AppleWebKit/537.36 (KHTML, like Gecko) HeadlessChrome/144.0.0.0 Safari/537.36"/>
  </properties>
  <testcase name="App should create the app" time="0.01" classname="Chrome_Headless_144_0_0_0_(Mac_OS_10_15_7)..App"/>
  <testcase name="App should have router outlet" time="0.002" classname="Chrome_Headless_144_0_0_0_(Mac_OS_10_15_7)..App"/>
  <testcase name="ConfirmDialog should create" time="0.006" classname="Chrome_Headless_144_0_0_0_(Mac_OS_10_15_7)..ConfirmDialog"/>
  <testcase name="ConfirmDialog should display provided title and message" time="0.003" classname="Chrome_Headless_144_0_0_0_(Mac_OS_10_15_7)..ConfirmDialog"/>
  <testcase name="ConfirmDialog should close dialog with false on cancel" time="0.003" classname="Chrome_Headless_144_0_0_0_(Mac_OS_10_15_7)..ConfirmDialog"/>
  <testcase name="ConfirmDialog should close dialog with true on confirm" time="0.003" classname="Chrome_Headless_144_0_0_0_(Mac_OS_10_15_7)..ConfirmDialog"/>
  <testcase name="ConfirmDialog should have dialogRef injected" time="0.002" classname="Chrome_Headless_144_0_0_0_(Mac_OS_10_15_7)..ConfirmDialog"/>
  <testcase name="EditProductModal should create" time="0" classname="Chrome_Headless_144_0_0_0_(Mac_OS_10_15_7)..EditProductModal">
    <skipped/>
  </testcase>
  <testcase name="EditProductModal should initialize form with product data" time="0" classname="Chrome_Headless_144_0_0_0_(Mac_OS_10_15_7)..EditProductModal">
    <skipped/>
  </testcase>
  <testcase name="EditProductModal should copy media array to currentMedia" time="0" classname="Chrome_Headless_144_0_0_0_(Mac_OS_10_15_7)..EditProductModal">
    <skipped/>
  </testcase>
  <testcase name="EditProductModal should validate required fields" time="0" classname="Chrome_Headless_144_0_0_0_(Mac_OS_10_15_7)..EditProductModal">
    <skipped/>
  </testcase>
  <testcase name="EditProductModal should validate minimum price" time="0" classname="Chrome_Headless_144_0_0_0_(Mac_OS_10_15_7)..EditProductModal">
    <skipped/>
  </testcase>
  <testcase name="EditProductModal should validate minimum quantity" time="0" classname="Chrome_Headless_144_0_0_0_(Mac_OS_10_15_7)..EditProductModal">
    <skipped/>
  </testcase>
  <testcase name="EditProductModal should add valid files to upload queue" time="0" classname="Chrome_Headless_144_0_0_0_(Mac_OS_10_15_7)..EditProductModal">
    <skipped/>
  </testcase>
  <testcase name="EditProductModal should reject files with invalid type" time="0" classname="Chrome_Headless_144_0_0_0_(Mac_OS_10_15_7)..EditProductModal">
    <skipped/>
  </testcase>
  <testcase name="EditProductModal should reject files larger than 2MB" time="0" classname="Chrome_Headless_144_0_0_0_(Mac_OS_10_15_7)..EditProductModal">
    <skipped/>
  </testcase>
  <testcase name="EditProductModal should remove file from upload queue" time="0" classname="Chrome_Headless_144_0_0_0_(Mac_OS_10_15_7)..EditProductModal">
    <skipped/>
  </testcase>
  <testcase name="EditProductModal should mark media for deletion" time="0" classname="Chrome_Headless_144_0_0_0_(Mac_OS_10_15_7)..EditProductModal">
    <skipped/>
  </testcase>
  <testcase name="EditProductModal should call onCancel to close dialog" time="0" classname="Chrome_Headless_144_0_0_0_(Mac_OS_10_15_7)..EditProductModal">
    <skipped/>
  </testcase>
  <testcase name="EditProductModal should not save with invalid form" time="0" classname="Chrome_Headless_144_0_0_0_(Mac_OS_10_15_7)..EditProductModal">
    <skipped/>
  </testcase>
  <testcase name="EditProductModal should update product on save with dirty form" time="0" classname="Chrome_Headless_144_0_0_0_(Mac_OS_10_15_7)..EditProductModal">
    <skipped/>
  </testcase>
  <testcase name="EditProductModal should upload new files on save" time="0" classname="Chrome_Headless_144_0_0_0_(Mac_OS_10_15_7)..EditProductModal">
    <skipped/>
  </testcase>
  <testcase name="EditProductModal should delete marked images on save" time="0" classname="Chrome_Headless_144_0_0_0_(Mac_OS_10_15_7)..EditProductModal">
    <skipped/>
  </testcase>
  <testcase name="EditProductModal should close dialog with true on successful save" time="0" classname="Chrome_Headless_144_0_0_0_(Mac_OS_10_15_7)..EditProductModal">
    <skipped/>
  </testcase>
  <testcase name="EditProductModal should handle save error" time="0" classname="Chrome_Headless_144_0_0_0_(Mac_OS_10_15_7)..EditProductModal">
    <skipped/>
  </testcase>
  <testcase name="EditProductModal should close with false if no changes on save" time="0" classname="Chrome_Headless_144_0_0_0_(Mac_OS_10_15_7)..EditProductModal">
    <skipped/>
  </testcase>
  <testcase name="EditProductModal should return true for hasChanges when form is dirty" time="0" classname="Chrome_Headless_144_0_0_0_(Mac_OS_10_15_7)..EditProductModal">
    <skipped/>
  </testcase>
  <testcase name="EditProductModal should return true for hasChanges when files to upload" time="0" classname="Chrome_Headless_144_0_0_0_(Mac_OS_10_15_7)..EditProductModal">
    <skipped/>
  </testcase>
  <testcase name="EditProductModal should return true for hasChanges when media to delete" time="0" classname="Chrome_Headless_144_0_0_0_(Mac_OS_10_15_7)..EditProductModal">
    <skipped/>
  </testcase>
  <testcase name="EditProductModal should return false for hasChanges when no changes" time="0" classname="Chrome_Headless_144_0_0_0_(Mac_OS_10_15_7)..EditProductModal">
    <skipped/>
  </testcase>
  <testcase name="EditProductModal should clear changes on cancel" time="0" classname="Chrome_Headless_144_0_0_0_(Mac_OS_10_15_7)..EditProductModal">
    <skipped/>
  </testcase>
  <testcase name="EditProductModal should get full image URL" time="0" classname="Chrome_Headless_144_0_0_0_(Mac_OS_10_15_7)..EditProductModal">
    <skipped/>
  </testcase>
  <testcase name="ImageCropperModal should create" time="0" classname="Chrome_Headless_144_0_0_0_(Mac_OS_10_15_7)..ImageCropperModal">
    <skipped/>
  </testcase>
  <testcase name="ImageCropperModal should initialize with empty imageChangedEvent" time="0" classname="Chrome_Headless_144_0_0_0_(Mac_OS_10_15_7)..ImageCropperModal">
    <skipped/>
  </testcase>
  <testcase name="ImageCropperModal should initialize with null croppedBlob" time="0" classname="Chrome_Headless_144_0_0_0_(Mac_OS_10_15_7)..ImageCropperModal">
    <skipped/>
  </testcase>
  <testcase name="ImageCropperModal should set croppedBlob on imageCropped event" time="0" classname="Chrome_Headless_144_0_0_0_(Mac_OS_10_15_7)..ImageCropperModal">
    <skipped/>
  </testcase>
  <testcase name="ImageCropperModal should handle imageCropped with null blob" time="0" classname="Chrome_Headless_144_0_0_0_(Mac_OS_10_15_7)..ImageCropperModal">
    <skipped/>
  </testcase>
  <testcase name="ImageCropperModal should emit modalClosed on loadImageFailed" time="0" classname="Chrome_Headless_144_0_0_0_(Mac_OS_10_15_7)..ImageCropperModal">
    <skipped/>
  </testcase>
  <testcase name="ImageCropperModal should emit croppedImageBlob and modalClosed on saveCrop" time="0" classname="Chrome_Headless_144_0_0_0_(Mac_OS_10_15_7)..ImageCropperModal">
    <skipped/>
  </testcase>
  <testcase name="ImageCropperModal should not emit croppedImageBlob if blob is null on saveCrop" time="0" classname="Chrome_Headless_144_0_0_0_(Mac_OS_10_15_7)..ImageCropperModal">
    <skipped/>
  </testcase>
  <testcase name="ImageCropperModal should emit modalClosed on cancelCrop" time="0" classname="Chrome_Headless_144_0_0_0_(Mac_OS_10_15_7)..ImageCropperModal">
    <skipped/>
  </testcase>
  <testcase name="Navbar should create" time="0" classname="Chrome_Headless_144_0_0_0_(Mac_OS_10_15_7)..Navbar">
    <skipped/>
  </testcase>
  <testcase name="Navbar should initialize currentUser$ from authService" time="0" classname="Chrome_Headless_144_0_0_0_(Mac_OS_10_15_7)..Navbar">
    <skipped/>
  </testcase>
  <testcase name="Navbar should emit toggleSidenav event" time="0" classname="Chrome_Headless_144_0_0_0_(Mac_OS_10_15_7)..Navbar">
    <skipped/>
  </testcase>
  <testcase name="Navbar should build full avatar URL" time="0" classname="Chrome_Headless_144_0_0_0_(Mac_OS_10_15_7)..Navbar">
    <skipped/>
  </testcase>
  <testcase name="Navbar should handle avatar URL with no leading slash" time="0" classname="Chrome_Headless_144_0_0_0_(Mac_OS_10_15_7)..Navbar">
    <skipped/>
  </testcase>
  <testcase name="Navbar should call logout and navigate on onLogout" time="0" classname="Chrome_Headless_144_0_0_0_(Mac_OS_10_15_7)..Navbar">
    <skipped/>
  </testcase>
  <testcase name="Navbar should handle null currentUser" time="0" classname="Chrome_Headless_144_0_0_0_(Mac_OS_10_15_7)..Navbar">
    <skipped/>
  </testcase>
  <testcase name="Navbar should reflect user role changes" time="0" classname="Chrome_Headless_144_0_0_0_(Mac_OS_10_15_7)..Navbar">
    <skipped/>
  </testcase>
  <testcase name="Navbar should handle multiple avatar URL formats" time="0" classname="Chrome_Headless_144_0_0_0_(Mac_OS_10_15_7)..Navbar">
    <skipped/>
  </testcase>
  <testcase name="Navbar should handle logout error gracefully" time="0" classname="Chrome_Headless_144_0_0_0_(Mac_OS_10_15_7)..Navbar">
    <skipped/>
  </testcase>
  <testcase name="Navbar should handle getAvatarUrl with undefined current user" time="0" classname="Chrome_Headless_144_0_0_0_(Mac_OS_10_15_7)..Navbar">
    <skipped/>
  </testcase>
  <testcase name="Navbar should handle getAvatarUrl with special characters" time="0" classname="Chrome_Headless_144_0_0_0_(Mac_OS_10_15_7)..Navbar">
    <skipped/>
  </testcase>
  <testcase name="Navbar should emit currentUser$ for each user change" time="0" classname="Chrome_Headless_144_0_0_0_(Mac_OS_10_15_7)..Navbar">
    <skipped/>
  </testcase>
  <testcase name="Navbar should handle user with different avatar URLs" time="0" classname="Chrome_Headless_144_0_0_0_(Mac_OS_10_15_7)..Navbar">
    <skipped/>
  </testcase>
  <testcase name="Navbar should handle SELLER and other roles" time="0" classname="Chrome_Headless_144_0_0_0_(Mac_OS_10_15_7)..Navbar">
    <skipped/>
  </testcase>
  <testcase name="Navbar should handle consecutive logout calls" time="0" classname="Chrome_Headless_144_0_0_0_(Mac_OS_10_15_7)..Navbar">
    <skipped/>
  </testcase>
  <testcase name="PasswordConfirmDialog should create" time="0" classname="Chrome_Headless_144_0_0_0_(Mac_OS_10_15_7)..PasswordConfirmDialog">
    <skipped/>
  </testcase>
  <testcase name="PasswordConfirmDialog should initialize with empty password" time="0" classname="Chrome_Headless_144_0_0_0_(Mac_OS_10_15_7)..PasswordConfirmDialog">
    <skipped/>
  </testcase>
  <testcase name="PasswordConfirmDialog should display provided title and message" time="0" classname="Chrome_Headless_144_0_0_0_(Mac_OS_10_15_7)..PasswordConfirmDialog">
    <skipped/>
  </testcase>
  <testcase name="PasswordConfirmDialog should close dialog without data on cancel" time="0" classname="Chrome_Headless_144_0_0_0_(Mac_OS_10_15_7)..PasswordConfirmDialog">
    <skipped/>
  </testcase>
  <testcase name="PasswordConfirmDialog should close dialog with password on confirm" time="0" classname="Chrome_Headless_144_0_0_0_(Mac_OS_10_15_7)..PasswordConfirmDialog">
    <skipped/>
  </testcase>
  <testcase name="PasswordConfirmDialog should close with empty string if password is empty" time="0" classname="Chrome_Headless_144_0_0_0_(Mac_OS_10_15_7)..PasswordConfirmDialog">
    <skipped/>
  </testcase>
  <testcase name="PasswordConfirmDialog should update password value" time="0" classname="Chrome_Headless_144_0_0_0_(Mac_OS_10_15_7)..PasswordConfirmDialog">
    <skipped/>
  </testcase>
  <testcase name="ProductCard should create" time="0" classname="Chrome_Headless_144_0_0_0_(Mac_OS_10_15_7)..ProductCard">
    <skipped/>
  </testcase>
  <testcase name="ProductCard should start image carousel on init with multiple images" time="0" classname="Chrome_Headless_144_0_0_0_(Mac_OS_10_15_7)..ProductCard">
    <skipped/>
  </testcase>
  <testcase name="ProductCard should not start carousel with single image" time="0" classname="Chrome_Headless_144_0_0_0_(Mac_OS_10_15_7)..ProductCard">
    <skipped/>
  </testcase>
  <testcase name="ProductCard should clear interval on destroy" time="0" classname="Chrome_Headless_144_0_0_0_(Mac_OS_10_15_7)..ProductCard">
    <skipped/>
  </testcase>
  <testcase name="ProductCard should pause carousel on mouse enter" time="0" classname="Chrome_Headless_144_0_0_0_(Mac_OS_10_15_7)..ProductCard">
    <skipped/>
  </testcase>
  <testcase name="ProductCard should restart carousel on mouse leave" time="0" classname="Chrome_Headless_144_0_0_0_(Mac_OS_10_15_7)..ProductCard">
    <skipped/>
  </testcase>
  <testcase name="ProductCard should build full image URL" time="0" classname="Chrome_Headless_144_0_0_0_(Mac_OS_10_15_7)..ProductCard">
    <skipped/>
  </testcase>
  <testcase name="ProductCard should navigate to product detail on card click" time="0" classname="Chrome_Headless_144_0_0_0_(Mac_OS_10_15_7)..ProductCard">
    <skipped/>
  </testcase>
  <testcase name="ProductCard should not navigate if product is null" time="0" classname="Chrome_Headless_144_0_0_0_(Mac_OS_10_15_7)..ProductCard">
    <skipped/>
  </testcase>
  <testcase name="ProductCard should open delete confirmation dialog" time="0" classname="Chrome_Headless_144_0_0_0_(Mac_OS_10_15_7)..ProductCard">
    <skipped/>
  </testcase>
  <testcase name="ProductCard should delete product when confirmed" time="0" classname="Chrome_Headless_144_0_0_0_(Mac_OS_10_15_7)..ProductCard">
    <skipped/>
  </testcase>
  <testcase name="ProductCard should not delete product when cancelled" time="0" classname="Chrome_Headless_144_0_0_0_(Mac_OS_10_15_7)..ProductCard">
    <skipped/>
  </testcase>
  <testcase name="ProductCard should handle delete error" time="0" classname="Chrome_Headless_144_0_0_0_(Mac_OS_10_15_7)..ProductCard">
    <skipped/>
  </testcase>
  <testcase name="ProductCard should emit edit event" time="0" classname="Chrome_Headless_144_0_0_0_(Mac_OS_10_15_7)..ProductCard">
    <skipped/>
  </testcase>
  <testcase name="ProductCard should handle null product in onDelete" time="0" classname="Chrome_Headless_144_0_0_0_(Mac_OS_10_15_7)..ProductCard">
    <skipped/>
  </testcase>
  <testcase name="ProductCard should fetch full product and open edit modal on onEdit" time="0" classname="Chrome_Headless_144_0_0_0_(Mac_OS_10_15_7)..ProductCard">
    <skipped/>
  </testcase>
  <testcase name="ProductCard should not emit edit if modal cancelled" time="0" classname="Chrome_Headless_144_0_0_0_(Mac_OS_10_15_7)..ProductCard">
    <skipped/>
  </testcase>
  <testcase name="ProductCard should handle error when fetching product for edit" time="0" classname="Chrome_Headless_144_0_0_0_(Mac_OS_10_15_7)..ProductCard">
    <skipped/>
  </testcase>
  <testcase name="ProductCard should not open edit modal if product is null" time="0" classname="Chrome_Headless_144_0_0_0_(Mac_OS_10_15_7)..ProductCard">
    <skipped/>
  </testcase>
  <testcase name="ProductCard should log error on delete failure" time="0" classname="Chrome_Headless_144_0_0_0_(Mac_OS_10_15_7)..ProductCard">
    <skipped/>
  </testcase>
  <testcase name="ProductCard should log success message on delete" time="0" classname="Chrome_Headless_144_0_0_0_(Mac_OS_10_15_7)..ProductCard">
    <skipped/>
  </testcase>
  <testcase name="ProductCard should not call navigate if product is null on card click" time="0" classname="Chrome_Headless_144_0_0_0_(Mac_OS_10_15_7)..ProductCard">
    <skipped/>
  </testcase>
  <testcase name="ProductCard should start carousel with multiple images" time="0" classname="Chrome_Headless_144_0_0_0_(Mac_OS_10_15_7)..ProductCard">
    <skipped/>
  </testcase>
  <testcase name="ProductCard should not start carousel with single image" time="0" classname="Chrome_Headless_144_0_0_0_(Mac_OS_10_15_7)..ProductCard">
    <skipped/>
  </testcase>
  <testcase name="ProductCard should pause carousel on mouse enter" time="0" classname="Chrome_Headless_144_0_0_0_(Mac_OS_10_15_7)..ProductCard">
    <skipped/>
  </testcase>
  <testcase name="ProductCard should restart carousel on mouse leave" time="0" classname="Chrome_Headless_144_0_0_0_(Mac_OS_10_15_7)..ProductCard">
    <skipped/>
  </testcase>
  <testcase name="ProductCard should clear interval on destroy" time="0" classname="Chrome_Headless_144_0_0_0_(Mac_OS_10_15_7)..ProductCard">
    <skipped/>
  </testcase>
  <testcase name="ProductCard should not clear interval if none exists" time="0" classname="Chrome_Headless_144_0_0_0_(Mac_OS_10_15_7)..ProductCard">
    <skipped/>
  </testcase>
  <testcase name="SidenavComponent should create" time="0" classname="Chrome_Headless_144_0_0_0_(Mac_OS_10_15_7)..SidenavComponent">
    <skipped/>
  </testcase>
  <testcase name="SidenavComponent should call isSeller and return role from authService" time="0" classname="Chrome_Headless_144_0_0_0_(Mac_OS_10_15_7)..SidenavComponent">
    <skipped/>
  </testcase>
  <testcase name="SidenavComponent should return false from isSeller when not SELLER" time="0" classname="Chrome_Headless_144_0_0_0_(Mac_OS_10_15_7)..SidenavComponent">
    <skipped/>
  </testcase>
  <testcase name="SidenavComponent should call logout, emit closeSidenav, and navigate" time="0" classname="Chrome_Headless_144_0_0_0_(Mac_OS_10_15_7)..SidenavComponent">
    <skipped/>
  </testcase>
  <testcase name="SidenavComponent should handle isSeller with ADMIN role" time="0" classname="Chrome_Headless_144_0_0_0_(Mac_OS_10_15_7)..SidenavComponent">
    <skipped/>
  </testcase>
  <testcase name="SidenavComponent should handle isSeller with null role" time="0" classname="Chrome_Headless_144_0_0_0_(Mac_OS_10_15_7)..SidenavComponent">
    <skipped/>
  </testcase>
  <testcase name="SidenavComponent should handle multiple logout calls" time="0" classname="Chrome_Headless_144_0_0_0_(Mac_OS_10_15_7)..SidenavComponent">
    <skipped/>
  </testcase>
  <testcase name="SidenavComponent should emit closeSidenav before navigation" time="0" classname="Chrome_Headless_144_0_0_0_(Mac_OS_10_15_7)..SidenavComponent">
    <skipped/>
  </testcase>
  <testcase name="SidenavComponent should handle logout error" time="0" classname="Chrome_Headless_144_0_0_0_(Mac_OS_10_15_7)..SidenavComponent">
    <skipped/>
  </testcase>
  <testcase name="SidenavComponent should return true from isSeller for exact SELLER string" time="0" classname="Chrome_Headless_144_0_0_0_(Mac_OS_10_15_7)..SidenavComponent">
    <skipped/>
  </testcase>
  <testcase name="SidenavComponent should return false from isSeller for case-sensitive roles" time="0" classname="Chrome_Headless_144_0_0_0_(Mac_OS_10_15_7)..SidenavComponent">
    <skipped/>
  </testcase>
  <testcase name="SidenavComponent should handle role changes dynamically" time="0" classname="Chrome_Headless_144_0_0_0_(Mac_OS_10_15_7)..SidenavComponent">
    <skipped/>
  </testcase>
  <testcase name="UpdateInfoForm should create" time="0" classname="Chrome_Headless_144_0_0_0_(Mac_OS_10_15_7)..UpdateInfoForm">
    <skipped/>
  </testcase>
  <testcase name="UpdateInfoForm should initialize form with current user data" time="0" classname="Chrome_Headless_144_0_0_0_(Mac_OS_10_15_7)..UpdateInfoForm">
    <skipped/>
  </testcase>
  <testcase name="UpdateInfoForm should validate firstName minimum length" time="0" classname="Chrome_Headless_144_0_0_0_(Mac_OS_10_15_7)..UpdateInfoForm">
    <skipped/>
  </testcase>
  <testcase name="UpdateInfoForm should validate lastName minimum length" time="0" classname="Chrome_Headless_144_0_0_0_(Mac_OS_10_15_7)..UpdateInfoForm">
    <skipped/>
  </testcase>
  <testcase name="UpdateInfoForm should validate email format" time="0" classname="Chrome_Headless_144_0_0_0_(Mac_OS_10_15_7)..UpdateInfoForm">
    <skipped/>
  </testcase>
  <testcase name="UpdateInfoForm should validate newPassword minimum length" time="0" classname="Chrome_Headless_144_0_0_0_(Mac_OS_10_15_7)..UpdateInfoForm">
    <skipped/>
  </testcase>
  <testcase name="UpdateInfoForm should not submit invalid form" time="0" classname="Chrome_Headless_144_0_0_0_(Mac_OS_10_15_7)..UpdateInfoForm">
    <skipped/>
  </testcase>
  <testcase name="UpdateInfoForm should require currentPassword when changing email" time="0" classname="Chrome_Headless_144_0_0_0_(Mac_OS_10_15_7)..UpdateInfoForm">
    <skipped/>
  </testcase>
  <testcase name="UpdateInfoForm should require currentPassword when setting newPassword" time="0" classname="Chrome_Headless_144_0_0_0_(Mac_OS_10_15_7)..UpdateInfoForm">
    <skipped/>
  </testcase>
  <testcase name="UpdateInfoForm should only send changed fields in DTO" time="0" classname="Chrome_Headless_144_0_0_0_(Mac_OS_10_15_7)..UpdateInfoForm">
    <skipped/>
  </testcase>
  <testcase name="UpdateInfoForm should include currentPassword when changing email" time="0" classname="Chrome_Headless_144_0_0_0_(Mac_OS_10_15_7)..UpdateInfoForm">
    <skipped/>
  </testcase>
  <testcase name="UpdateInfoForm should emit close event with true on success" time="0" classname="Chrome_Headless_144_0_0_0_(Mac_OS_10_15_7)..UpdateInfoForm">
    <skipped/>
  </testcase>
  <testcase name="UpdateInfoForm should set success message on update success" time="0" classname="Chrome_Headless_144_0_0_0_(Mac_OS_10_15_7)..UpdateInfoForm">
    <skipped/>
  </testcase>
  <testcase name="UpdateInfoForm should handle update error" time="0" classname="Chrome_Headless_144_0_0_0_(Mac_OS_10_15_7)..UpdateInfoForm">
    <skipped/>
  </testcase>
  <testcase name="UpdateInfoForm should emit close event with false on cancel" time="0" classname="Chrome_Headless_144_0_0_0_(Mac_OS_10_15_7)..UpdateInfoForm">
    <skipped/>
  </testcase>
  <testcase name="UpdateInfoForm should set isLoading during submission" time="0" classname="Chrome_Headless_144_0_0_0_(Mac_OS_10_15_7)..UpdateInfoForm">
    <skipped/>
  </testcase>
  <testcase name="UpdateInfoForm should handle multiple changed fields" time="0" classname="Chrome_Headless_144_0_0_0_(Mac_OS_10_15_7)..UpdateInfoForm">
    <skipped/>
  </testcase>
  <testcase name="UpdateInfoForm should handle error without error message" time="0" classname="Chrome_Headless_144_0_0_0_(Mac_OS_10_15_7)..UpdateInfoForm">
    <skipped/>
  </testcase>
  <testcase name="UpdateInfoForm should clear error and success messages on submit" time="0" classname="Chrome_Headless_144_0_0_0_(Mac_OS_10_15_7)..UpdateInfoForm">
    <skipped/>
  </testcase>
  <testcase name="UpdateInfoForm should set isLoading to true at start of submission" time="0" classname="Chrome_Headless_144_0_0_0_(Mac_OS_10_15_7)..UpdateInfoForm">
    <skipped/>
  </testcase>
  <testcase name="UpdateInfoForm should only send password in DTO when changed and currentPassword provided" time="0" classname="Chrome_Headless_144_0_0_0_(Mac_OS_10_15_7)..UpdateInfoForm">
    <skipped/>
  </testcase>
  <testcase name="UpdateInfoForm should include both email and password changes with currentPassword" time="0" classname="Chrome_Headless_144_0_0_0_(Mac_OS_10_15_7)..UpdateInfoForm">
    <skipped/>
  </testcase>
  <testcase name="UpdateInfoForm should include all changed fields in DTO" time="0" classname="Chrome_Headless_144_0_0_0_(Mac_OS_10_15_7)..UpdateInfoForm">
    <skipped/>
  </testcase>
  <testcase name="UpdateInfoForm should not send fields that haven't changed" time="0" classname="Chrome_Headless_144_0_0_0_(Mac_OS_10_15_7)..UpdateInfoForm">
    <skipped/>
  </testcase>
  <testcase name="AuthGuard should be created" time="0.002" classname="Chrome_Headless_144_0_0_0_(Mac_OS_10_15_7)..AuthGuard"/>
  <testcase name="AuthGuard should allow access when not logged in" time="0.001" classname="Chrome_Headless_144_0_0_0_(Mac_OS_10_15_7)..AuthGuard"/>
  <testcase name="AuthGuard should redirect to home and deny access when already logged in" time="0" classname="Chrome_Headless_144_0_0_0_(Mac_OS_10_15_7)..AuthGuard"/>
  <testcase name="AuthGuard should check for jwt cookie" time="0.001" classname="Chrome_Headless_144_0_0_0_(Mac_OS_10_15_7)..AuthGuard"/>
  <testcase name="AuthGuard should handle multiple consecutive calls correctly" time="0" classname="Chrome_Headless_144_0_0_0_(Mac_OS_10_15_7)..AuthGuard"/>
  <testcase name="LoggedInGuard should be created" time="0" classname="Chrome_Headless_144_0_0_0_(Mac_OS_10_15_7)..LoggedInGuard"/>
  <testcase name="LoggedInGuard should allow access when logged in" time="0" classname="Chrome_Headless_144_0_0_0_(Mac_OS_10_15_7)..LoggedInGuard"/>
  <testcase name="LoggedInGuard should redirect to login and deny access when not logged in" time="0.001" classname="Chrome_Headless_144_0_0_0_(Mac_OS_10_15_7)..LoggedInGuard"/>
  <testcase name="LoggedInGuard should check for jwt cookie" time="0" classname="Chrome_Headless_144_0_0_0_(Mac_OS_10_15_7)..LoggedInGuard"/>
  <testcase name="LoggedInGuard should prevent navigation multiple times when not logged in" time="0.001" classname="Chrome_Headless_144_0_0_0_(Mac_OS_10_15_7)..LoggedInGuard"/>
  <testcase name="LoggedInGuard should handle edge case of undefined cookie check" time="0.001" classname="Chrome_Headless_144_0_0_0_(Mac_OS_10_15_7)..LoggedInGuard"/>
  <testcase name="authInterceptor should be created" time="0" classname="Chrome_Headless_144_0_0_0_(Mac_OS_10_15_7)..authInterceptor"/>
  <testcase name="authInterceptor should pass through the request" time="0.002" classname="Chrome_Headless_144_0_0_0_(Mac_OS_10_15_7)..authInterceptor"/>
  <testcase name="authInterceptor should handle POST requests" time="0.001" classname="Chrome_Headless_144_0_0_0_(Mac_OS_10_15_7)..authInterceptor"/>
  <testcase name="authInterceptor should handle PUT requests" time="0" classname="Chrome_Headless_144_0_0_0_(Mac_OS_10_15_7)..authInterceptor"/>
  <testcase name="authInterceptor should handle DELETE requests" time="0.001" classname="Chrome_Headless_144_0_0_0_(Mac_OS_10_15_7)..authInterceptor"/>
  <testcase name="authInterceptor should handle different content types" time="0" classname="Chrome_Headless_144_0_0_0_(Mac_OS_10_15_7)..authInterceptor"/>
  <testcase name="authInterceptor should handle error responses" time="0.224" classname="Chrome_Headless_144_0_0_0_(Mac_OS_10_15_7)..authInterceptor"/>
  <testcase name="authInterceptor should handle 403 forbidden responses" time="0.001" classname="Chrome_Headless_144_0_0_0_(Mac_OS_10_15_7)..authInterceptor"/>
  <testcase name="authInterceptor should handle 404 not found responses" time="0.001" classname="Chrome_Headless_144_0_0_0_(Mac_OS_10_15_7)..authInterceptor"/>
  <testcase name="authInterceptor should handle 500 server error responses" time="0" classname="Chrome_Headless_144_0_0_0_(Mac_OS_10_15_7)..authInterceptor"/>
  <testcase name="authInterceptor should handle network timeout errors" time="0.001" classname="Chrome_Headless_144_0_0_0_(Mac_OS_10_15_7)..authInterceptor"/>
  <testcase name="authInterceptor should handle successful response with data" time="0" classname="Chrome_Headless_144_0_0_0_(Mac_OS_10_15_7)..authInterceptor"/>
  <testcase name="authInterceptor should handle requests with custom headers" time="0.001" classname="Chrome_Headless_144_0_0_0_(Mac_OS_10_15_7)..authInterceptor"/>
  <testcase name="authInterceptor should handle PATCH requests" time="0" classname="Chrome_Headless_144_0_0_0_(Mac_OS_10_15_7)..authInterceptor"/>
  <testcase name="authInterceptor should handle requests with query parameters" time="0.001" classname="Chrome_Headless_144_0_0_0_(Mac_OS_10_15_7)..authInterceptor"/>
  <testcase name="authInterceptor should handle requests to different API endpoints" time="0" classname="Chrome_Headless_144_0_0_0_(Mac_OS_10_15_7)..authInterceptor"/>
  <testcase name="authInterceptor should handle file upload requests" time="0.001" classname="Chrome_Headless_144_0_0_0_(Mac_OS_10_15_7)..authInterceptor"/>
  <testcase name="authInterceptor should handle concurrent requests" time="0.001" classname="Chrome_Headless_144_0_0_0_(Mac_OS_10_15_7)..authInterceptor"/>
  <testcase name="errorInterceptor should be created" time="0" classname="Chrome_Headless_144_0_0_0_(Mac_OS_10_15_7)..errorInterceptor"/>
  <testcase name="errorInterceptor should handle 401 errors and redirect to login" time="0.001" classname="Chrome_Headless_144_0_0_0_(Mac_OS_10_15_7)..errorInterceptor"/>
  <testcase name="errorInterceptor should handle 403 errors" time="0" classname="Chrome_Headless_144_0_0_0_(Mac_OS_10_15_7)..errorInterceptor"/>
  <testcase name="errorInterceptor should handle 404 errors" time="0.001" classname="Chrome_Headless_144_0_0_0_(Mac_OS_10_15_7)..errorInterceptor"/>
  <testcase name="errorInterceptor should handle 500 errors" time="0" classname="Chrome_Headless_144_0_0_0_(Mac_OS_10_15_7)..errorInterceptor"/>
  <testcase name="errorInterceptor should handle generic errors" time="0.001" classname="Chrome_Headless_144_0_0_0_(Mac_OS_10_15_7)..errorInterceptor"/>
  <testcase name="errorInterceptor should pass through successful requests" time="0" classname="Chrome_Headless_144_0_0_0_(Mac_OS_10_15_7)..errorInterceptor"/>
  <testcase name="AuthLayout should create" time="0.002" classname="Chrome_Headless_144_0_0_0_(Mac_OS_10_15_7)..AuthLayout"/>
  <testcase name="AuthLayout should have router-outlet" time="0.001" classname="Chrome_Headless_144_0_0_0_(Mac_OS_10_15_7)..AuthLayout"/>
  <testcase name="MainLayout should create" time="0.017" classname="Chrome_Headless_144_0_0_0_(Mac_OS_10_15_7)..MainLayout"/>
  <testcase name="MainLayout should have router-outlet" time="0.005" classname="Chrome_Headless_144_0_0_0_(Mac_OS_10_15_7)..MainLayout"/>
  <testcase name="CreateProduct should create" time="0" classname="Chrome_Headless_144_0_0_0_(Mac_OS_10_15_7)..CreateProduct">
    <skipped/>
  </testcase>
  <testcase name="CreateProduct should initialize form with required validators" time="0" classname="Chrome_Headless_144_0_0_0_(Mac_OS_10_15_7)..CreateProduct">
    <skipped/>
  </testcase>
  <testcase name="CreateProduct should validate price minimum value" time="0" classname="Chrome_Headless_144_0_0_0_(Mac_OS_10_15_7)..CreateProduct">
    <skipped/>
  </testcase>
  <testcase name="CreateProduct should validate quantity minimum value" time="0" classname="Chrome_Headless_144_0_0_0_(Mac_OS_10_15_7)..CreateProduct">
    <skipped/>
  </testcase>
  <testcase name="CreateProduct should add valid files to selectedFiles array" time="0" classname="Chrome_Headless_144_0_0_0_(Mac_OS_10_15_7)..CreateProduct">
    <skipped/>
  </testcase>
  <testcase name="CreateProduct should reject files with invalid type" time="0" classname="Chrome_Headless_144_0_0_0_(Mac_OS_10_15_7)..CreateProduct">
    <skipped/>
  </testcase>
  <testcase name="CreateProduct should reject files exceeding size limit" time="0" classname="Chrome_Headless_144_0_0_0_(Mac_OS_10_15_7)..CreateProduct">
    <skipped/>
  </testcase>
  <testcase name="CreateProduct should remove file from selectedFiles" time="0" classname="Chrome_Headless_144_0_0_0_(Mac_OS_10_15_7)..CreateProduct">
    <skipped/>
  </testcase>
  <testcase name="CreateProduct should create product without images" time="0" classname="Chrome_Headless_144_0_0_0_(Mac_OS_10_15_7)..CreateProduct">
    <skipped/>
  </testcase>
  <testcase name="CreateProduct should create product and upload images" time="0" classname="Chrome_Headless_144_0_0_0_(Mac_OS_10_15_7)..CreateProduct">
    <skipped/>
  </testcase>
  <testcase name="CreateProduct should not submit when form is invalid" time="0" classname="Chrome_Headless_144_0_0_0_(Mac_OS_10_15_7)..CreateProduct">
    <skipped/>
  </testcase>
  <testcase name="CreateProduct should not submit when already uploading" time="0" classname="Chrome_Headless_144_0_0_0_(Mac_OS_10_15_7)..CreateProduct">
    <skipped/>
  </testcase>
  <testcase name="CreateProduct should handle product creation error" time="0" classname="Chrome_Headless_144_0_0_0_(Mac_OS_10_15_7)..CreateProduct">
    <skipped/>
  </testcase>
  <testcase name="CreateProduct should handle image upload error" time="0" classname="Chrome_Headless_144_0_0_0_(Mac_OS_10_15_7)..CreateProduct">
    <skipped/>
  </testcase>
  <testcase name="CreateProduct should fetch current user on init" time="0" classname="Chrome_Headless_144_0_0_0_(Mac_OS_10_15_7)..CreateProduct">
    <skipped/>
  </testcase>
  <testcase name="CreateProduct should clear file errors when new files are selected" time="0" classname="Chrome_Headless_144_0_0_0_(Mac_OS_10_15_7)..CreateProduct">
    <skipped/>
  </testcase>
  <testcase name="Home should create" time="0" classname="Chrome_Headless_144_0_0_0_(Mac_OS_10_15_7)..Home">
    <skipped/>
  </testcase>
  <testcase name="Home should fetch current user on init" time="0" classname="Chrome_Headless_144_0_0_0_(Mac_OS_10_15_7)..Home">
    <skipped/>
  </testcase>
  <testcase name="Home should fetch products on init" time="0" classname="Chrome_Headless_144_0_0_0_(Mac_OS_10_15_7)..Home">
    <skipped/>
  </testcase>
  <testcase name="Home should handle user fetch error" time="0" classname="Chrome_Headless_144_0_0_0_(Mac_OS_10_15_7)..Home">
    <skipped/>
  </testcase>
  <testcase name="Home should handle page change event" time="0" classname="Chrome_Headless_144_0_0_0_(Mac_OS_10_15_7)..Home">
    <skipped/>
  </testcase>
  <testcase name="Home should refresh products after product deleted" time="0" classname="Chrome_Headless_144_0_0_0_(Mac_OS_10_15_7)..Home">
    <skipped/>
  </testcase>
  <testcase name="Home should refresh products after product updated" time="0" classname="Chrome_Headless_144_0_0_0_(Mac_OS_10_15_7)..Home">
    <skipped/>
  </testcase>
  <testcase name="Home should log product id on edit" time="0" classname="Chrome_Headless_144_0_0_0_(Mac_OS_10_15_7)..Home">
    <skipped/>
  </testcase>
  <testcase name="Home should initialize with default pagination values" time="0" classname="Chrome_Headless_144_0_0_0_(Mac_OS_10_15_7)..Home">
    <skipped/>
  </testcase>
  <testcase name="Home should set products and totalElements from API response" time="0" classname="Chrome_Headless_144_0_0_0_(Mac_OS_10_15_7)..Home">
    <skipped/>
  </testcase>
  <testcase name="Home should handle product fetch error" time="0" classname="Chrome_Headless_144_0_0_0_(Mac_OS_10_15_7)..Home">
    <skipped/>
  </testcase>
  <testcase name="Home should handle empty product list" time="0" classname="Chrome_Headless_144_0_0_0_(Mac_OS_10_15_7)..Home">
    <skipped/>
  </testcase>
  <testcase name="Home should update pageIndex and pageSize independently" time="0" classname="Chrome_Headless_144_0_0_0_(Mac_OS_10_15_7)..Home">
    <skipped/>
  </testcase>
  <testcase name="Home should handle multiple page changes in sequence" time="0" classname="Chrome_Headless_144_0_0_0_(Mac_OS_10_15_7)..Home">
    <skipped/>
  </testcase>
  <testcase name="Home should clear errorMessage when user fetches successfully" time="0" classname="Chrome_Headless_144_0_0_0_(Mac_OS_10_15_7)..Home">
    <skipped/>
  </testcase>
  <testcase name="Home should fetch with correct page parameters on first call" time="0" classname="Chrome_Headless_144_0_0_0_(Mac_OS_10_15_7)..Home">
    <skipped/>
  </testcase>
  <testcase name="Home should log products array when fetched" time="0" classname="Chrome_Headless_144_0_0_0_(Mac_OS_10_15_7)..Home">
    <skipped/>
  </testcase>
  <testcase name="Home should handle paginator with large page size" time="0" classname="Chrome_Headless_144_0_0_0_(Mac_OS_10_15_7)..Home">
    <skipped/>
  </testcase>
  <testcase name="Home should clear current user on error" time="0" classname="Chrome_Headless_144_0_0_0_(Mac_OS_10_15_7)..Home">
    <skipped/>
  </testcase>
  <testcase name="Home should call fetchProducts exactly once on init" time="0" classname="Chrome_Headless_144_0_0_0_(Mac_OS_10_15_7)..Home">
    <skipped/>
  </testcase>
  <testcase name="Login should create" time="0" classname="Chrome_Headless_144_0_0_0_(Mac_OS_10_15_7)..Login">
    <skipped/>
  </testcase>
  <testcase name="Login should initialize with empty loginData" time="0" classname="Chrome_Headless_144_0_0_0_(Mac_OS_10_15_7)..Login">
    <skipped/>
  </testcase>
  <testcase name="Login should call authService.login with loginData" time="0" classname="Chrome_Headless_144_0_0_0_(Mac_OS_10_15_7)..Login">
    <skipped/>
  </testcase>
  <testcase name="Login should navigate to /home for CLIENT role" time="0" classname="Chrome_Headless_144_0_0_0_(Mac_OS_10_15_7)..Login">
    <skipped/>
  </testcase>
  <testcase name="Login should navigate to /seller-dashboard for SELLER role" time="0" classname="Chrome_Headless_144_0_0_0_(Mac_OS_10_15_7)..Login">
    <skipped/>
  </testcase>
  <testcase name="Login should handle login error" time="0" classname="Chrome_Headless_144_0_0_0_(Mac_OS_10_15_7)..Login">
    <skipped/>
  </testcase>
  <testcase name="Login should handle fetchCurrentUser error and navigate to /home" time="0" classname="Chrome_Headless_144_0_0_0_(Mac_OS_10_15_7)..Login">
    <skipped/>
  </testcase>
  <testcase name="Login should navigate to /home for unknown role" time="0" classname="Chrome_Headless_144_0_0_0_(Mac_OS_10_15_7)..Login">
    <skipped/>
  </testcase>
  <testcase name="Login should call both login and fetchCurrentUser in sequence" time="0" classname="Chrome_Headless_144_0_0_0_(Mac_OS_10_15_7)..Login">
    <skipped/>
  </testcase>
  <testcase name="MyInfo should create" time="0" classname="Chrome_Headless_144_0_0_0_(Mac_OS_10_15_7)..MyInfo">
    <skipped/>
  </testcase>
  <testcase name="MyInfo should fetch current user on init" time="0" classname="Chrome_Headless_144_0_0_0_(Mac_OS_10_15_7)..MyInfo">
    <skipped/>
  </testcase>
  <testcase name="MyInfo should set isLoading to false after user fetch" time="0" classname="Chrome_Headless_144_0_0_0_(Mac_OS_10_15_7)..MyInfo">
    <skipped/>
  </testcase>
  <testcase name="MyInfo should handle user fetch error" time="0" classname="Chrome_Headless_144_0_0_0_(Mac_OS_10_15_7)..MyInfo">
    <skipped/>
  </testcase>
  <testcase name="MyInfo should show cropper when file is selected" time="0" classname="Chrome_Headless_144_0_0_0_(Mac_OS_10_15_7)..MyInfo">
    <skipped/>
  </testcase>
  <testcase name="MyInfo should upload avatar when blob is provided" time="0" classname="Chrome_Headless_144_0_0_0_(Mac_OS_10_15_7)..MyInfo">
    <skipped/>
  </testcase>
  <testcase name="MyInfo should not upload avatar if no user" time="0" classname="Chrome_Headless_144_0_0_0_(Mac_OS_10_15_7)..MyInfo">
    <skipped/>
  </testcase>
  <testcase name="MyInfo should handle avatar upload error" time="0" classname="Chrome_Headless_144_0_0_0_(Mac_OS_10_15_7)..MyInfo">
    <skipped/>
  </testcase>
  <testcase name="MyInfo should close modal and reset file input" time="0" classname="Chrome_Headless_144_0_0_0_(Mac_OS_10_15_7)..MyInfo">
    <skipped/>
  </testcase>
  <testcase name="MyInfo should build full avatar URL" time="0" classname="Chrome_Headless_144_0_0_0_(Mac_OS_10_15_7)..MyInfo">
    <skipped/>
  </testcase>
  <testcase name="MyInfo should open confirm dialog on delete avatar" time="0" classname="Chrome_Headless_144_0_0_0_(Mac_OS_10_15_7)..MyInfo">
    <skipped/>
  </testcase>
  <testcase name="MyInfo should delete avatar when confirmed" time="0" classname="Chrome_Headless_144_0_0_0_(Mac_OS_10_15_7)..MyInfo">
    <skipped/>
  </testcase>
  <testcase name="MyInfo should not delete avatar when cancelled" time="0" classname="Chrome_Headless_144_0_0_0_(Mac_OS_10_15_7)..MyInfo">
    <skipped/>
  </testcase>
  <testcase name="MyInfo should not open delete avatar dialog if no user" time="0" classname="Chrome_Headless_144_0_0_0_(Mac_OS_10_15_7)..MyInfo">
    <skipped/>
  </testcase>
  <testcase name="MyInfo should handle avatar delete error" time="0" classname="Chrome_Headless_144_0_0_0_(Mac_OS_10_15_7)..MyInfo">
    <skipped/>
  </testcase>
  <testcase name="MyInfo should open password dialog on delete account" time="0" classname="Chrome_Headless_144_0_0_0_(Mac_OS_10_15_7)..MyInfo">
    <skipped/>
  </testcase>
  <testcase name="MyInfo should delete user and logout when password provided" time="0" classname="Chrome_Headless_144_0_0_0_(Mac_OS_10_15_7)..MyInfo">
    <skipped/>
  </testcase>
  <testcase name="MyInfo should not delete user when password dialog cancelled" time="0" classname="Chrome_Headless_144_0_0_0_(Mac_OS_10_15_7)..MyInfo">
    <skipped/>
  </testcase>
  <testcase name="MyInfo should handle delete user error" time="0" classname="Chrome_Headless_144_0_0_0_(Mac_OS_10_15_7)..MyInfo">
    <skipped/>
  </testcase>
  <testcase name="MyInfo should set isEditingInfo to true when onUpdateInfo called" time="0" classname="Chrome_Headless_144_0_0_0_(Mac_OS_10_15_7)..MyInfo">
    <skipped/>
  </testcase>
  <testcase name="MyInfo should close form when onFormClosed called" time="0" classname="Chrome_Headless_144_0_0_0_(Mac_OS_10_15_7)..MyInfo">
    <skipped/>
  </testcase>
  <testcase name="MyInfo should refresh user data when form closed successfully" time="0" classname="Chrome_Headless_144_0_0_0_(Mac_OS_10_15_7)..MyInfo">
    <skipped/>
  </testcase>
  <testcase name="MyProducts should create" time="0" classname="Chrome_Headless_144_0_0_0_(Mac_OS_10_15_7)..MyProducts">
    <skipped/>
  </testcase>
  <testcase name="MyProducts should fetch products on init" time="0" classname="Chrome_Headless_144_0_0_0_(Mac_OS_10_15_7)..MyProducts">
    <skipped/>
  </testcase>
  <testcase name="MyProducts should fetch current user on init" time="0" classname="Chrome_Headless_144_0_0_0_(Mac_OS_10_15_7)..MyProducts">
    <skipped/>
  </testcase>
  <testcase name="MyProducts should initialize with default pagination values" time="0" classname="Chrome_Headless_144_0_0_0_(Mac_OS_10_15_7)..MyProducts">
    <skipped/>
  </testcase>
  <testcase name="MyProducts should handle page change event" time="0" classname="Chrome_Headless_144_0_0_0_(Mac_OS_10_15_7)..MyProducts">
    <skipped/>
  </testcase>
  <testcase name="MyProducts should refresh products after product deleted" time="0" classname="Chrome_Headless_144_0_0_0_(Mac_OS_10_15_7)..MyProducts">
    <skipped/>
  </testcase>
  <testcase name="MyProducts should refresh products after product updated" time="0" classname="Chrome_Headless_144_0_0_0_(Mac_OS_10_15_7)..MyProducts">
    <skipped/>
  </testcase>
  <testcase name="MyProducts should log product id on edit" time="0" classname="Chrome_Headless_144_0_0_0_(Mac_OS_10_15_7)..MyProducts">
    <skipped/>
  </testcase>
  <testcase name="MyProducts should build full image URL" time="0" classname="Chrome_Headless_144_0_0_0_(Mac_OS_10_15_7)..MyProducts">
    <skipped/>
  </testcase>
  <testcase name="MyProducts should set products and totalElements from API response" time="0" classname="Chrome_Headless_144_0_0_0_(Mac_OS_10_15_7)..MyProducts">
    <skipped/>
  </testcase>
  <testcase name="MyProducts should handle empty product list" time="0" classname="Chrome_Headless_144_0_0_0_(Mac_OS_10_15_7)..MyProducts">
    <skipped/>
  </testcase>
  <testcase name="MyProducts should handle product fetch error" time="0" classname="Chrome_Headless_144_0_0_0_(Mac_OS_10_15_7)..MyProducts">
    <skipped/>
  </testcase>
  <testcase name="MyProducts should handle multiple page changes" time="0" classname="Chrome_Headless_144_0_0_0_(Mac_OS_10_15_7)..MyProducts">
    <skipped/>
  </testcase>
  <testcase name="MyProducts should handle large page size" time="0" classname="Chrome_Headless_144_0_0_0_(Mac_OS_10_15_7)..MyProducts">
    <skipped/>
  </testcase>
  <testcase name="MyProducts should handle negative page index gracefully" time="0" classname="Chrome_Headless_144_0_0_0_(Mac_OS_10_15_7)..MyProducts">
    <skipped/>
  </testcase>
  <testcase name="MyProducts should fetch products exactly once on init" time="0" classname="Chrome_Headless_144_0_0_0_(Mac_OS_10_15_7)..MyProducts">
    <skipped/>
  </testcase>
  <testcase name="MyProducts should log delete message on product deleted" time="0" classname="Chrome_Headless_144_0_0_0_(Mac_OS_10_15_7)..MyProducts">
    <skipped/>
  </testcase>
  <testcase name="MyProducts should log update message on product updated" time="0" classname="Chrome_Headless_144_0_0_0_(Mac_OS_10_15_7)..MyProducts">
    <skipped/>
  </testcase>
  <testcase name="MyProducts should handle products with different prices" time="0" classname="Chrome_Headless_144_0_0_0_(Mac_OS_10_15_7)..MyProducts">
    <skipped/>
  </testcase>
  <testcase name="MyProducts should handle image URL with empty path" time="0" classname="Chrome_Headless_144_0_0_0_(Mac_OS_10_15_7)..MyProducts">
    <skipped/>
  </testcase>
  <testcase name="MyProducts should handle image URL with root slash" time="0" classname="Chrome_Headless_144_0_0_0_(Mac_OS_10_15_7)..MyProducts">
    <skipped/>
  </testcase>
  <testcase name="MyProducts should handle image URL with multiple slashes" time="0" classname="Chrome_Headless_144_0_0_0_(Mac_OS_10_15_7)..MyProducts">
    <skipped/>
  </testcase>
  <testcase name="MyProducts should initialize products array as empty" time="0" classname="Chrome_Headless_144_0_0_0_(Mac_OS_10_15_7)..MyProducts">
    <skipped/>
  </testcase>
  <testcase name="MyProducts should update pageIndex independently" time="0" classname="Chrome_Headless_144_0_0_0_(Mac_OS_10_15_7)..MyProducts">
    <skipped/>
  </testcase>
  <testcase name="MyProducts should update pageSize independently" time="0" classname="Chrome_Headless_144_0_0_0_(Mac_OS_10_15_7)..MyProducts">
    <skipped/>
  </testcase>
  <testcase name="ProductDetail should create" time="0" classname="Chrome_Headless_144_0_0_0_(Mac_OS_10_15_7)..ProductDetail">
    <skipped/>
  </testcase>
  <testcase name="ProductDetail should fetch product on init" time="0" classname="Chrome_Headless_144_0_0_0_(Mac_OS_10_15_7)..ProductDetail">
    <skipped/>
  </testcase>
  <testcase name="ProductDetail should set first image as selected on init" time="0" classname="Chrome_Headless_144_0_0_0_(Mac_OS_10_15_7)..ProductDetail">
    <skipped/>
  </testcase>
  <testcase name="ProductDetail should set isLoading to false after successful fetch" time="0" classname="Chrome_Headless_144_0_0_0_(Mac_OS_10_15_7)..ProductDetail">
    <skipped/>
  </testcase>
  <testcase name="ProductDetail should handle product fetch error" time="0" classname="Chrome_Headless_144_0_0_0_(Mac_OS_10_15_7)..ProductDetail">
    <skipped/>
  </testcase>
  <testcase name="ProductDetail should select image when selectImage is called" time="0" classname="Chrome_Headless_144_0_0_0_(Mac_OS_10_15_7)..ProductDetail">
    <skipped/>
  </testcase>
  <testcase name="ProductDetail should build full image URL correctly" time="0" classname="Chrome_Headless_144_0_0_0_(Mac_OS_10_15_7)..ProductDetail">
    <skipped/>
  </testcase>
  <testcase name="ProductDetail should open edit modal on onEdit" time="0" classname="Chrome_Headless_144_0_0_0_(Mac_OS_10_15_7)..ProductDetail">
    <skipped/>
  </testcase>
  <testcase name="ProductDetail should refresh product after successful edit" time="0" classname="Chrome_Headless_144_0_0_0_(Mac_OS_10_15_7)..ProductDetail">
    <skipped/>
  </testcase>
  <testcase name="ProductDetail should not open edit modal if product is null" time="0" classname="Chrome_Headless_144_0_0_0_(Mac_OS_10_15_7)..ProductDetail">
    <skipped/>
  </testcase>
  <testcase name="ProductDetail should open delete confirmation on onDelete" time="0" classname="Chrome_Headless_144_0_0_0_(Mac_OS_10_15_7)..ProductDetail">
    <skipped/>
  </testcase>
  <testcase name="ProductDetail should delete product and navigate on confirmation" time="0" classname="Chrome_Headless_144_0_0_0_(Mac_OS_10_15_7)..ProductDetail">
    <skipped/>
  </testcase>
  <testcase name="ProductDetail should handle delete error" time="0" classname="Chrome_Headless_144_0_0_0_(Mac_OS_10_15_7)..ProductDetail">
    <skipped/>
  </testcase>
  <testcase name="ProductDetail should not delete if user cancels confirmation" time="0" classname="Chrome_Headless_144_0_0_0_(Mac_OS_10_15_7)..ProductDetail">
    <skipped/>
  </testcase>
  <testcase name="ProductDetail should not open delete modal if product is null" time="0" classname="Chrome_Headless_144_0_0_0_(Mac_OS_10_15_7)..ProductDetail">
    <skipped/>
  </testcase>
  <testcase name="Register should create" time="0" classname="Chrome_Headless_144_0_0_0_(Mac_OS_10_15_7)..Register">
    <skipped/>
  </testcase>
  <testcase name="Register should initialize with empty registerData" time="0" classname="Chrome_Headless_144_0_0_0_(Mac_OS_10_15_7)..Register">
    <skipped/>
  </testcase>
  <testcase name="Register should call authService.register with form data" time="0" classname="Chrome_Headless_144_0_0_0_(Mac_OS_10_15_7)..Register">
    <skipped/>
  </testcase>
  <testcase name="Register should navigate to login on successful registration" time="0" classname="Chrome_Headless_144_0_0_0_(Mac_OS_10_15_7)..Register">
    <skipped/>
  </testcase>
  <testcase name="Register should handle registration error" time="0" classname="Chrome_Headless_144_0_0_0_(Mac_OS_10_15_7)..Register">
    <skipped/>
  </testcase>
  <testcase name="Register should handle file selection and show cropper" time="0" classname="Chrome_Headless_144_0_0_0_(Mac_OS_10_15_7)..Register">
    <skipped/>
  </testcase>
  <testcase name="Register should handle image blob from cropper" time="0" classname="Chrome_Headless_144_0_0_0_(Mac_OS_10_15_7)..Register">
    <skipped/>
  </testcase>
  <testcase name="Register should close modal and reset file input" time="0" classname="Chrome_Headless_144_0_0_0_(Mac_OS_10_15_7)..Register">
    <skipped/>
  </testcase>
  <testcase name="Register should include avatar file in registration for SELLER with cropped image" time="0" classname="Chrome_Headless_144_0_0_0_(Mac_OS_10_15_7)..Register">
    <skipped/>
  </testcase>
  <testcase name="Register should not include avatar for CLIENT role" time="0" classname="Chrome_Headless_144_0_0_0_(Mac_OS_10_15_7)..Register">
    <skipped/>
  </testcase>
  <testcase name="AuthService Service Creation should be created" time="0.001" classname="Chrome_Headless_144_0_0_0_(Mac_OS_10_15_7)..AuthService Service Creation"/>
  <testcase name="AuthService Service Creation should initialize with null currentUser" time="0" classname="Chrome_Headless_144_0_0_0_(Mac_OS_10_15_7)..AuthService Service Creation"/>
  <testcase name="AuthService login() should send login request with credentials" time="0.001" classname="Chrome_Headless_144_0_0_0_(Mac_OS_10_15_7)..AuthService login()"/>
  <testcase name="AuthService login() should fetch current user after successful login" time="0.001" classname="Chrome_Headless_144_0_0_0_(Mac_OS_10_15_7)..AuthService login()"/>
  <testcase name="AuthService login() should update currentUser$ after successful login" time="0" classname="Chrome_Headless_144_0_0_0_(Mac_OS_10_15_7)..AuthService login()"/>
  <testcase name="AuthService login() should handle login error" time="0.001" classname="Chrome_Headless_144_0_0_0_(Mac_OS_10_15_7)..AuthService login()"/>
  <testcase name="AuthService logout() should send logout request" time="0" classname="Chrome_Headless_144_0_0_0_(Mac_OS_10_15_7)..AuthService logout()"/>
  <testcase name="AuthService logout() should clear currentUser$ on logout" time="0.001" classname="Chrome_Headless_144_0_0_0_(Mac_OS_10_15_7)..AuthService logout()"/>
  <testcase name="AuthService logout() should handle logout error gracefully" time="0" classname="Chrome_Headless_144_0_0_0_(Mac_OS_10_15_7)..AuthService logout()"/>
  <testcase name="AuthService Logout Additional Tests should clear cookies on logout" time="0" classname="Chrome_Headless_144_0_0_0_(Mac_OS_10_15_7)..AuthService Logout Additional Tests"/>
  <testcase name="AuthService Logout Additional Tests should send logout request to server" time="0" classname="Chrome_Headless_144_0_0_0_(Mac_OS_10_15_7)..AuthService Logout Additional Tests"/>
  <testcase name="AuthService Logout Additional Tests should include credentials in logout request" time="0" classname="Chrome_Headless_144_0_0_0_(Mac_OS_10_15_7)..AuthService Logout Additional Tests"/>
  <testcase name="AuthService Logout Additional Tests should handle logout error gracefully" time="0.001" classname="Chrome_Headless_144_0_0_0_(Mac_OS_10_15_7)..AuthService Logout Additional Tests"/>
  <testcase name="AuthService Logout Additional Tests should handle logout with server error" time="0.004" classname="Chrome_Headless_144_0_0_0_(Mac_OS_10_15_7)..AuthService Logout Additional Tests"/>
  <testcase name="AuthService Logout Additional Tests should delete jwt cookie even if request fails" time="0.001" classname="Chrome_Headless_144_0_0_0_(Mac_OS_10_15_7)..AuthService Logout Additional Tests"/>
  <testcase name="ProductService Service Creation should be created" time="0.001" classname="Chrome_Headless_144_0_0_0_(Mac_OS_10_15_7)..ProductService Service Creation"/>
  <testcase name="ProductService createProduct() should send POST request to create product" time="0" classname="Chrome_Headless_144_0_0_0_(Mac_OS_10_15_7)..ProductService createProduct()"/>
  <testcase name="ProductService createProduct() should handle product creation success" time="0.001" classname="Chrome_Headless_144_0_0_0_(Mac_OS_10_15_7)..ProductService createProduct()"/>
  <testcase name="ProductService createProduct() should handle product creation error" time="0" classname="Chrome_Headless_144_0_0_0_(Mac_OS_10_15_7)..ProductService createProduct()"/>
  <testcase name="ProductService uploadProductImage() should send FormData with image file" time="0.001" classname="Chrome_Headless_144_0_0_0_(Mac_OS_10_15_7)..ProductService uploadProductImage()"/>
  <testcase name="ProductService uploadProductImage() should include file and productId in FormData" time="0" classname="Chrome_Headless_144_0_0_0_(Mac_OS_10_15_7)..ProductService uploadProductImage()"/>
  <testcase name="ProductService uploadProductImage() should return media ID on successful upload" time="0.001" classname="Chrome_Headless_144_0_0_0_(Mac_OS_10_15_7)..ProductService uploadProductImage()"/>
  <testcase name="ProductService uploadProductImage() should handle image upload error" time="0" classname="Chrome_Headless_144_0_0_0_(Mac_OS_10_15_7)..ProductService uploadProductImage()"/>
  <testcase name="ProductService getMyProducts() should fetch seller products with pagination" time="0.001" classname="Chrome_Headless_144_0_0_0_(Mac_OS_10_15_7)..ProductService getMyProducts()"/>
  <testcase name="ProductService getMyProducts() should return Page&lt;ProductCardDTO>" time="0.001" classname="Chrome_Headless_144_0_0_0_(Mac_OS_10_15_7)..ProductService getMyProducts()"/>
  <testcase name="ProductService getMyProducts() should handle pagination parameters correctly" time="0" classname="Chrome_Headless_144_0_0_0_(Mac_OS_10_15_7)..ProductService getMyProducts()"/>
  <testcase name="ProductService getMyProducts() should handle error when fetching products" time="0.001" classname="Chrome_Headless_144_0_0_0_(Mac_OS_10_15_7)..ProductService getMyProducts()"/>
  <testcase name="ProductService getAllProducts() should fetch all products with pagination" time="0" classname="Chrome_Headless_144_0_0_0_(Mac_OS_10_15_7)..ProductService getAllProducts()"/>
  <testcase name="ProductService getAllProducts() should return paginated products" time="0" classname="Chrome_Headless_144_0_0_0_(Mac_OS_10_15_7)..ProductService getAllProducts()"/>
  <testcase name="ProductService getAllProducts() should sort by newest first" time="0.001" classname="Chrome_Headless_144_0_0_0_(Mac_OS_10_15_7)..ProductService getAllProducts()"/>
  <testcase name="ProductService getAllProducts() should handle empty results" time="0" classname="Chrome_Headless_144_0_0_0_(Mac_OS_10_15_7)..ProductService getAllProducts()"/>
  <testcase name="ProductService getProductById() should fetch product by ID" time="0.001" classname="Chrome_Headless_144_0_0_0_(Mac_OS_10_15_7)..ProductService getProductById()"/>
  <testcase name="ProductService getProductById() should return product details" time="0" classname="Chrome_Headless_144_0_0_0_(Mac_OS_10_15_7)..ProductService getProductById()"/>
  <testcase name="ProductService getProductById() should include media information" time="0" classname="Chrome_Headless_144_0_0_0_(Mac_OS_10_15_7)..ProductService getProductById()"/>
  <testcase name="ProductService getProductById() should handle product not found error" time="0" classname="Chrome_Headless_144_0_0_0_(Mac_OS_10_15_7)..ProductService getProductById()"/>
  <testcase name="ProductService deleteProduct() should send DELETE request to remove product" time="0.001" classname="Chrome_Headless_144_0_0_0_(Mac_OS_10_15_7)..ProductService deleteProduct()"/>
  <testcase name="ProductService deleteProduct() should return success message" time="0" classname="Chrome_Headless_144_0_0_0_(Mac_OS_10_15_7)..ProductService deleteProduct()"/>
  <testcase name="ProductService deleteProduct() should handle delete error" time="0.001" classname="Chrome_Headless_144_0_0_0_(Mac_OS_10_15_7)..ProductService deleteProduct()"/>
  <testcase name="ProductService deleteProduct() should handle product not found on delete" time="0" classname="Chrome_Headless_144_0_0_0_(Mac_OS_10_15_7)..ProductService deleteProduct()"/>
  <testcase name="ProductService updateProduct() should send PUT request to update product" time="0" classname="Chrome_Headless_144_0_0_0_(Mac_OS_10_15_7)..ProductService updateProduct()"/>
  <testcase name="ProductService updateProduct() should return updated product" time="0.001" classname="Chrome_Headless_144_0_0_0_(Mac_OS_10_15_7)..ProductService updateProduct()"/>
  <testcase name="ProductService updateProduct() should handle update error" time="0" classname="Chrome_Headless_144_0_0_0_(Mac_OS_10_15_7)..ProductService updateProduct()"/>
  <testcase name="ProductService updateProduct() should handle unauthorized update attempt" time="0.001" classname="Chrome_Headless_144_0_0_0_(Mac_OS_10_15_7)..ProductService updateProduct()"/>
  <testcase name="ProductService deleteProductImage() should send DELETE request to remove media" time="0" classname="Chrome_Headless_144_0_0_0_(Mac_OS_10_15_7)..ProductService deleteProductImage()"/>
  <testcase name="ProductService deleteProductImage() should return success response" time="0" classname="Chrome_Headless_144_0_0_0_(Mac_OS_10_15_7)..ProductService deleteProductImage()"/>
  <testcase name="ProductService deleteProductImage() should handle media not found error" time="0.001" classname="Chrome_Headless_144_0_0_0_(Mac_OS_10_15_7)..ProductService deleteProductImage()"/>
  <testcase name="ProductService deleteProductImage() should handle unauthorized delete attempt" time="0" classname="Chrome_Headless_144_0_0_0_(Mac_OS_10_15_7)..ProductService deleteProductImage()"/>
  <testcase name="ProductService Edge Cases and Error Scenarios should handle null pagination parameters" time="0" classname="Chrome_Headless_144_0_0_0_(Mac_OS_10_15_7)..ProductService Edge Cases and Error Scenarios"/>
  <testcase name="ProductService Edge Cases and Error Scenarios should handle negative page index" time="0.001" classname="Chrome_Headless_144_0_0_0_(Mac_OS_10_15_7)..ProductService Edge Cases and Error Scenarios"/>
  <testcase name="ProductService Edge Cases and Error Scenarios should handle large page size" time="0" classname="Chrome_Headless_144_0_0_0_(Mac_OS_10_15_7)..ProductService Edge Cases and Error Scenarios"/>
  <testcase name="ProductService Edge Cases and Error Scenarios should handle empty product list response" time="0" classname="Chrome_Headless_144_0_0_0_(Mac_OS_10_15_7)..ProductService Edge Cases and Error Scenarios"/>
  <testcase name="ProductService Edge Cases and Error Scenarios should handle product with no images" time="0" classname="Chrome_Headless_144_0_0_0_(Mac_OS_10_15_7)..ProductService Edge Cases and Error Scenarios"/>
  <testcase name="ProductService Edge Cases and Error Scenarios should handle product with single image" time="0" classname="Chrome_Headless_144_0_0_0_(Mac_OS_10_15_7)..ProductService Edge Cases and Error Scenarios"/>
  <testcase name="ProductService Edge Cases and Error Scenarios should handle product with many images" time="0.001" classname="Chrome_Headless_144_0_0_0_(Mac_OS_10_15_7)..ProductService Edge Cases and Error Scenarios"/>
  <testcase name="ProductService Edge Cases and Error Scenarios should handle zero price product" time="0" classname="Chrome_Headless_144_0_0_0_(Mac_OS_10_15_7)..ProductService Edge Cases and Error Scenarios"/>
  <testcase name="ProductService Edge Cases and Error Scenarios should handle negative price in response (edge case)" time="0" classname="Chrome_Headless_144_0_0_0_(Mac_OS_10_15_7)..ProductService Edge Cases and Error Scenarios"/>
  <testcase name="ProductService Edge Cases and Error Scenarios should handle very large price" time="0.001" classname="Chrome_Headless_144_0_0_0_(Mac_OS_10_15_7)..ProductService Edge Cases and Error Scenarios"/>
  <testcase name="ProductService Edge Cases and Error Scenarios should handle zero quantity" time="0" classname="Chrome_Headless_144_0_0_0_(Mac_OS_10_15_7)..ProductService Edge Cases and Error Scenarios"/>
  <testcase name="ProductService Edge Cases and Error Scenarios should handle search with empty results" time="0" classname="Chrome_Headless_144_0_0_0_(Mac_OS_10_15_7)..ProductService Edge Cases and Error Scenarios"/>
  <testcase name="ProductService Edge Cases and Error Scenarios should handle search with special characters" time="0.001" classname="Chrome_Headless_144_0_0_0_(Mac_OS_10_15_7)..ProductService Edge Cases and Error Scenarios"/>
  <testcase name="ProductService Edge Cases and Error Scenarios should handle update with no changes" time="0" classname="Chrome_Headless_144_0_0_0_(Mac_OS_10_15_7)..ProductService Edge Cases and Error Scenarios"/>
  <testcase name="ProductService Edge Cases and Error Scenarios should handle network error on create" time="0.001" classname="Chrome_Headless_144_0_0_0_(Mac_OS_10_15_7)..ProductService Edge Cases and Error Scenarios"/>
  <testcase name="ProductService Edge Cases and Error Scenarios should handle server error 500 on delete" time="0" classname="Chrome_Headless_144_0_0_0_(Mac_OS_10_15_7)..ProductService Edge Cases and Error Scenarios"/>
  <testcase name="ProductService Edge Cases and Error Scenarios should handle timeout on file upload" time="0.001" classname="Chrome_Headless_144_0_0_0_(Mac_OS_10_15_7)..ProductService Edge Cases and Error Scenarios"/>
  <testcase name="ProductService Edge Cases and Error Scenarios should handle malformed JSON response" time="0.001" classname="Chrome_Headless_144_0_0_0_(Mac_OS_10_15_7)..ProductService Edge Cases and Error Scenarios"/>
  <testcase name="ProductService Edge Cases and Error Scenarios should handle empty product list with pagination" time="0" classname="Chrome_Headless_144_0_0_0_(Mac_OS_10_15_7)..ProductService Edge Cases and Error Scenarios"/>
  <testcase name="ProductService Edge Cases and Error Scenarios should handle large page size pagination" time="0.001" classname="Chrome_Headless_144_0_0_0_(Mac_OS_10_15_7)..ProductService Edge Cases and Error Scenarios"/>
  <testcase name="ProductService Edge Cases and Error Scenarios should handle search with special characters" time="0" classname="Chrome_Headless_144_0_0_0_(Mac_OS_10_15_7)..ProductService Edge Cases and Error Scenarios"/>
  <testcase name="ProductService Edge Cases and Error Scenarios should handle search with unicode characters" time="0.001" classname="Chrome_Headless_144_0_0_0_(Mac_OS_10_15_7)..ProductService Edge Cases and Error Scenarios"/>
  <testcase name="ProductService Edge Cases and Error Scenarios should handle very long product names" time="0.001" classname="Chrome_Headless_144_0_0_0_(Mac_OS_10_15_7)..ProductService Edge Cases and Error Scenarios"/>
  <testcase name="ProductService Edge Cases and Error Scenarios should handle zero price product" time="0" classname="Chrome_Headless_144_0_0_0_(Mac_OS_10_15_7)..ProductService Edge Cases and Error Scenarios"/>
  <testcase name="ProductService Edge Cases and Error Scenarios should handle negative quantity edge case" time="0" classname="Chrome_Headless_144_0_0_0_(Mac_OS_10_15_7)..ProductService Edge Cases and Error Scenarios"/>
  <testcase name="ProductService Edge Cases and Error Scenarios should handle maximum integer price" time="0" classname="Chrome_Headless_144_0_0_0_(Mac_OS_10_15_7)..ProductService Edge Cases and Error Scenarios"/>
  <testcase name="ProductService Edge Cases and Error Scenarios should handle concurrent create and delete operations" time="0.001" classname="Chrome_Headless_144_0_0_0_(Mac_OS_10_15_7)..ProductService Edge Cases and Error Scenarios"/>
  <testcase name="ProductService Edge Cases and Error Scenarios should handle concurrent get and list operations" time="0" classname="Chrome_Headless_144_0_0_0_(Mac_OS_10_15_7)..ProductService Edge Cases and Error Scenarios"/>
  <testcase name="ProductService Edge Cases and Error Scenarios should handle multiple pagination requests" time="0.001" classname="Chrome_Headless_144_0_0_0_(Mac_OS_10_15_7)..ProductService Edge Cases and Error Scenarios"/>
  <testcase name="ProductService Edge Cases and Error Scenarios should handle product update with partial data" time="0" classname="Chrome_Headless_144_0_0_0_(Mac_OS_10_15_7)..ProductService Edge Cases and Error Scenarios"/>
  <testcase name="ProductService Edge Cases and Error Scenarios should handle delete product with special ID format" time="0.001" classname="Chrome_Headless_144_0_0_0_(Mac_OS_10_15_7)..ProductService Edge Cases and Error Scenarios"/>
  <testcase name="ProductService Edge Cases and Error Scenarios should handle image upload with large file" time="0.005" classname="Chrome_Headless_144_0_0_0_(Mac_OS_10_15_7)..ProductService Edge Cases and Error Scenarios"/>
  <testcase name="ProductService Edge Cases and Error Scenarios should include credentials in all product requests" time="0.001" classname="Chrome_Headless_144_0_0_0_(Mac_OS_10_15_7)..ProductService Edge Cases and Error Scenarios"/>
  <testcase name="ProductService Edge Cases and Error Scenarios should handle 429 too many requests error" time="0" classname="Chrome_Headless_144_0_0_0_(Mac_OS_10_15_7)..ProductService Edge Cases and Error Scenarios"/>
  <testcase name="ProductService Edge Cases and Error Scenarios should handle 503 service unavailable error" time="0.002" classname="Chrome_Headless_144_0_0_0_(Mac_OS_10_15_7)..ProductService Edge Cases and Error Scenarios"/>
  <testcase name="ProductService Edge Cases and Error Scenarios should handle response with null values" time="0.002" classname="Chrome_Headless_144_0_0_0_(Mac_OS_10_15_7)..ProductService Edge Cases and Error Scenarios"/>
  <testcase name="ProductService Edge Cases and Error Scenarios should handle HTTP client connection timeout" time="0.001" classname="Chrome_Headless_144_0_0_0_(Mac_OS_10_15_7)..ProductService Edge Cases and Error Scenarios"/>
  <testcase name="UserService Service Creation should be created" time="0.001" classname="Chrome_Headless_144_0_0_0_(Mac_OS_10_15_7)..UserService Service Creation"/>
  <testcase name="UserService deleteUser() should send DELETE request with password parameter" time="0.001" classname="Chrome_Headless_144_0_0_0_(Mac_OS_10_15_7)..UserService deleteUser()"/>
  <testcase name="UserService deleteUser() should include password in query parameters" time="0" classname="Chrome_Headless_144_0_0_0_(Mac_OS_10_15_7)..UserService deleteUser()"/>
  <testcase name="UserService deleteUser() should return success response on delete" time="0.001" classname="Chrome_Headless_144_0_0_0_(Mac_OS_10_15_7)..UserService deleteUser()"/>
  <testcase name="UserService deleteUser() should handle delete error with wrong password" time="0" classname="Chrome_Headless_144_0_0_0_(Mac_OS_10_15_7)..UserService deleteUser()"/>
  <testcase name="UserService deleteUser() should handle delete error when user not found" time="0" classname="Chrome_Headless_144_0_0_0_(Mac_OS_10_15_7)..UserService deleteUser()"/>
  <testcase name="UserService deleteAvatar() should send DELETE request to avatar endpoint" time="0" classname="Chrome_Headless_144_0_0_0_(Mac_OS_10_15_7)..UserService deleteAvatar()"/>
  <testcase name="UserService deleteAvatar() should return text response" time="0" classname="Chrome_Headless_144_0_0_0_(Mac_OS_10_15_7)..UserService deleteAvatar()"/>
  <testcase name="UserService deleteAvatar() should handle delete avatar error" time="0.001" classname="Chrome_Headless_144_0_0_0_(Mac_OS_10_15_7)..UserService deleteAvatar()"/>
  <testcase name="UserService deleteAvatar() should handle unauthorized delete avatar attempt" time="0" classname="Chrome_Headless_144_0_0_0_(Mac_OS_10_15_7)..UserService deleteAvatar()"/>
  <testcase name="UserService updateAvatar() should send POST request with FormData containing avatar file" time="0.002" classname="Chrome_Headless_144_0_0_0_(Mac_OS_10_15_7)..UserService updateAvatar()"/>
  <testcase name="UserService updateAvatar() should include avatarFile in FormData" time="0.002" classname="Chrome_Headless_144_0_0_0_(Mac_OS_10_15_7)..UserService updateAvatar()"/>
  <testcase name="UserService updateAvatar() should return updated user on successful upload" time="0.001" classname="Chrome_Headless_144_0_0_0_(Mac_OS_10_15_7)..UserService updateAvatar()"/>
  <testcase name="UserService updateAvatar() should handle avatar upload error" time="0" classname="Chrome_Headless_144_0_0_0_(Mac_OS_10_15_7)..UserService updateAvatar()"/>
  <testcase name="UserService updateAvatar() should handle file too large error" time="0.001" classname="Chrome_Headless_144_0_0_0_(Mac_OS_10_15_7)..UserService updateAvatar()"/>
  <testcase name="UserService updateUser() should send PUT request with user data" time="0.001" classname="Chrome_Headless_144_0_0_0_(Mac_OS_10_15_7)..UserService updateUser()"/>
  <testcase name="UserService updateUser() should return updated user data" time="0.001" classname="Chrome_Headless_144_0_0_0_(Mac_OS_10_15_7)..UserService updateUser()"/>
  <testcase name="UserService updateUser() should call fetchCurrentUser after successful update" time="0" classname="Chrome_Headless_144_0_0_0_(Mac_OS_10_15_7)..UserService updateUser()"/>
  <testcase name="UserService updateUser() should update only provided fields" time="0.001" classname="Chrome_Headless_144_0_0_0_(Mac_OS_10_15_7)..UserService updateUser()"/>
  <testcase name="UserService updateUser() should handle validation error" time="0.001" classname="Chrome_Headless_144_0_0_0_(Mac_OS_10_15_7)..UserService updateUser()"/>
  <testcase name="UserService updateUser() should handle conflict error when email exists" time="0" classname="Chrome_Headless_144_0_0_0_(Mac_OS_10_15_7)..UserService updateUser()"/>
  <testcase name="UserService updateUser() should handle unauthorized update attempt" time="0" classname="Chrome_Headless_144_0_0_0_(Mac_OS_10_15_7)..UserService updateUser()"/>
  <testcase name="UserService updateUser() should handle password change in update" time="0.001" classname="Chrome_Headless_144_0_0_0_(Mac_OS_10_15_7)..UserService updateUser()"/>
  <testcase name="UserService updateUser() should handle wrong current password error" time="0" classname="Chrome_Headless_144_0_0_0_(Mac_OS_10_15_7)..UserService updateUser()"/>
  <testcase name="UserService Edge Cases and Error Scenarios should handle delete with empty password" time="0.001" classname="Chrome_Headless_144_0_0_0_(Mac_OS_10_15_7)..UserService Edge Cases and Error Scenarios"/>
  <testcase name="UserService Edge Cases and Error Scenarios should handle delete with special characters in password" time="0" classname="Chrome_Headless_144_0_0_0_(Mac_OS_10_15_7)..UserService Edge Cases and Error Scenarios"/>
  <testcase name="UserService Edge Cases and Error Scenarios should handle update with null values" time="0" classname="Chrome_Headless_144_0_0_0_(Mac_OS_10_15_7)..UserService Edge Cases and Error Scenarios"/>
  <testcase name="UserService Edge Cases and Error Scenarios should handle update with empty strings" time="0.001" classname="Chrome_Headless_144_0_0_0_(Mac_OS_10_15_7)..UserService Edge Cases and Error Scenarios"/>
  <testcase name="UserService Edge Cases and Error Scenarios should handle update with very long names" time="0" classname="Chrome_Headless_144_0_0_0_(Mac_OS_10_15_7)..UserService Edge Cases and Error Scenarios"/>
  <testcase name="UserService Edge Cases and Error Scenarios should handle update with special characters in names" time="0" classname="Chrome_Headless_144_0_0_0_(Mac_OS_10_15_7)..UserService Edge Cases and Error Scenarios"/>
  <testcase name="UserService Edge Cases and Error Scenarios should handle update with invalid email format" time="0.001" classname="Chrome_Headless_144_0_0_0_(Mac_OS_10_15_7)..UserService Edge Cases and Error Scenarios"/>
  <testcase name="UserService Edge Cases and Error Scenarios should handle update only firstName" time="0" classname="Chrome_Headless_144_0_0_0_(Mac_OS_10_15_7)..UserService Edge Cases and Error Scenarios"/>
  <testcase name="UserService Edge Cases and Error Scenarios should handle update only lastName" time="0" classname="Chrome_Headless_144_0_0_0_(Mac_OS_10_15_7)..UserService Edge Cases and Error Scenarios"/>
  <testcase name="UserService Edge Cases and Error Scenarios should handle update only email" time="0.001" classname="Chrome_Headless_144_0_0_0_(Mac_OS_10_15_7)..UserService Edge Cases and Error Scenarios"/>
  <testcase name="UserService Edge Cases and Error Scenarios should handle network error on update" time="0" classname="Chrome_Headless_144_0_0_0_(Mac_OS_10_15_7)..UserService Edge Cases and Error Scenarios"/>
  <testcase name="UserService Edge Cases and Error Scenarios should handle network error on delete" time="0.001" classname="Chrome_Headless_144_0_0_0_(Mac_OS_10_15_7)..UserService Edge Cases and Error Scenarios"/>
  <testcase name="UserService Edge Cases and Error Scenarios should handle server error 500 on update" time="0" classname="Chrome_Headless_144_0_0_0_(Mac_OS_10_15_7)..UserService Edge Cases and Error Scenarios"/>
  <testcase name="UserService Edge Cases and Error Scenarios should handle server error 500 on delete" time="0" classname="Chrome_Headless_144_0_0_0_(Mac_OS_10_15_7)..UserService Edge Cases and Error Scenarios"/>
  <testcase name="UserService Edge Cases and Error Scenarios should handle malformed response on getCurrentUser" time="0.001" classname="Chrome_Headless_144_0_0_0_(Mac_OS_10_15_7)..UserService Edge Cases and Error Scenarios"/>
  <testcase name="UserService Edge Cases and Error Scenarios should handle getCurrentUser with forbidden error" time="0" classname="Chrome_Headless_144_0_0_0_(Mac_OS_10_15_7)..UserService Edge Cases and Error Scenarios"/>
  <testcase name="UserService Edge Cases and Error Scenarios should handle password change with same old and new password" time="0.001" classname="Chrome_Headless_144_0_0_0_(Mac_OS_10_15_7)..UserService Edge Cases and Error Scenarios"/>
  <testcase name="UserService Edge Cases and Error Scenarios should handle very long password" time="0" classname="Chrome_Headless_144_0_0_0_(Mac_OS_10_15_7)..UserService Edge Cases and Error Scenarios"/>
  <testcase name="UserService Edge Cases and Error Scenarios should send withCredentials on all requests" time="0.001" classname="Chrome_Headless_144_0_0_0_(Mac_OS_10_15_7)..UserService Edge Cases and Error Scenarios"/>
  <testcase name="UserService Edge Cases and Error Scenarios should handle concurrent update and delete requests" time="0" classname="Chrome_Headless_144_0_0_0_(Mac_OS_10_15_7)..UserService Edge Cases and Error Scenarios"/>
  <testcase name="UserService Update Avatar Tests should update avatar with File" time="0.001" classname="Chrome_Headless_144_0_0_0_(Mac_OS_10_15_7)..UserService Update Avatar Tests"/>
  <testcase name="UserService Update Avatar Tests should handle update avatar error" time="0" classname="Chrome_Headless_144_0_0_0_(Mac_OS_10_15_7)..UserService Update Avatar Tests"/>
  <testcase name="UserService Update Avatar Tests should handle file too large error" time="0.017" classname="Chrome_Headless_144_0_0_0_(Mac_OS_10_15_7)..UserService Update Avatar Tests"/>
  <testcase name="UserService Update Avatar Tests should handle unsupported file type" time="0.002" classname="Chrome_Headless_144_0_0_0_(Mac_OS_10_15_7)..UserService Update Avatar Tests"/>
  <testcase name="UserService Update Avatar Tests should send FormData with avatarFile key" time="0.001" classname="Chrome_Headless_144_0_0_0_(Mac_OS_10_15_7)..UserService Update Avatar Tests"/>
  <testcase name="UserService Update User Validation Tests should handle update with only firstName changed" time="0" classname="Chrome_Headless_144_0_0_0_(Mac_OS_10_15_7)..UserService Update User Validation Tests"/>
  <testcase name="UserService Update User Validation Tests should handle update with only lastName changed" time="0" classname="Chrome_Headless_144_0_0_0_(Mac_OS_10_15_7)..UserService Update User Validation Tests"/>
  <testcase name="UserService Update User Validation Tests should handle update with only email changed" time="0" classname="Chrome_Headless_144_0_0_0_(Mac_OS_10_15_7)..UserService Update User Validation Tests"/>
  <testcase name="UserService Update User Validation Tests should handle update with empty values" time="0.001" classname="Chrome_Headless_144_0_0_0_(Mac_OS_10_15_7)..UserService Update User Validation Tests"/>
  <testcase name="UserService Update User Validation Tests should handle update with very long names" time="0" classname="Chrome_Headless_144_0_0_0_(Mac_OS_10_15_7)..UserService Update User Validation Tests"/>
  <testcase name="UserService Delete User Password Validation Tests should handle delete with empty password" time="0.001" classname="Chrome_Headless_144_0_0_0_(Mac_OS_10_15_7)..UserService Delete User Password Validation Tests"/>
  <testcase name="UserService Delete User Password Validation Tests should handle delete with special characters in password" time="0" classname="Chrome_Headless_144_0_0_0_(Mac_OS_10_15_7)..UserService Delete User Password Validation Tests"/>
  <testcase name="UserService Delete User Password Validation Tests should handle delete with very long password" time="0" classname="Chrome_Headless_144_0_0_0_(Mac_OS_10_15_7)..UserService Delete User Password Validation Tests"/>
  <testcase name="UserService Delete User Password Validation Tests should handle multiple failed delete attempts" time="0" classname="Chrome_Headless_144_0_0_0_(Mac_OS_10_15_7)..UserService Delete User Password Validation Tests"/>
  <testcase name="UserService Delete Avatar Error Handling should handle delete avatar when no avatar exists" time="0" classname="Chrome_Headless_144_0_0_0_(Mac_OS_10_15_7)..UserService Delete Avatar Error Handling"/>
  <testcase name="UserService Delete Avatar Error Handling should handle delete avatar server error" time="0.001" classname="Chrome_Headless_144_0_0_0_(Mac_OS_10_15_7)..UserService Delete Avatar Error Handling"/>
  <testcase name="UserService URL and Credentials Tests should use HTTPS for all requests" time="0" classname="Chrome_Headless_144_0_0_0_(Mac_OS_10_15_7)..UserService URL and Credentials Tests"/>
  <testcase name="UserService URL and Credentials Tests should include credentials in all requests" time="0.004" classname="Chrome_Headless_144_0_0_0_(Mac_OS_10_15_7)..UserService URL and Credentials Tests"/>
  <testcase name="UserService Response Type Tests should handle JSON response from updateUser" time="0" classname="Chrome_Headless_144_0_0_0_(Mac_OS_10_15_7)..UserService Response Type Tests"/>
  <testcase name="UserService Response Type Tests should handle text response from deleteAvatar" time="0.001" classname="Chrome_Headless_144_0_0_0_(Mac_OS_10_15_7)..UserService Response Type Tests"/>
  <testcase name="UserService Response Type Tests should handle JSON response from updateAvatar" time="0" classname="Chrome_Headless_144_0_0_0_(Mac_OS_10_15_7)..UserService Response Type Tests"/>
  <testcase name="UserService Network Resilience Tests should handle timeout error on updateUser" time="0.001" classname="Chrome_Headless_144_0_0_0_(Mac_OS_10_15_7)..UserService Network Resilience Tests"/>
  <testcase name="UserService Network Resilience Tests should handle connection refused error on deleteUser" time="0" classname="Chrome_Headless_144_0_0_0_(Mac_OS_10_15_7)..UserService Network Resilience Tests"/>
  <testcase name="UserService Network Resilience Tests should handle CORS error on updateAvatar" time="0.001" classname="Chrome_Headless_144_0_0_0_(Mac_OS_10_15_7)..UserService Network Resilience Tests"/>
  <system-out>
    <![CDATA[Chrome Headless 144.0.0.0 (Mac OS 10.15.7) LOG: 'Session expired or token is invalid. Redirecting to login.'
,Chrome Headless 144.0.0.0 (Mac OS 10.15.7) ERROR: Error: NG04002: Cannot match any routes. URL Segment: 'login'
Error: NG04002: Cannot match any routes. URL Segment: 'login'
    at Recognizer.noMatchError (http://localhost:9876/darwin_arm64-fastbuild-ST-199a4f3c4e20/bin/packages/router/src/recognize.ts:96:12)
    at http://localhost:9876/darwin_arm64-fastbuild-ST-199a4f3c4e20/bin/packages/router/src/recognize.ts:160:22
    at http://localhost:9876/base/node_modules/rxjs/src/internal/operators/catchError.ts:115:35
    at OperatorSubscriber._error (http://localhost:9876/base/node_modules/rxjs/src/internal/operators/OperatorSubscriber.ts:79:13)
    at OperatorSubscriber.error (http://localhost:9876/base/node_modules/rxjs/src/internal/Subscriber.ts:86:12)
    at OperatorSubscriber._error (http://localhost:9876/base/node_modules/rxjs/src/internal/Subscriber.ts:118:24)
    at OperatorSubscriber.error (http://localhost:9876/base/node_modules/rxjs/src/internal/Subscriber.ts:86:12)
    at OperatorSubscriber._error (http://localhost:9876/base/node_modules/rxjs/src/internal/Subscriber.ts:118:24)
    at OperatorSubscriber.error (http://localhost:9876/base/node_modules/rxjs/src/internal/Subscriber.ts:86:12)
    at OperatorSubscriber._error (http://localhost:9876/base/node_modules/rxjs/src/internal/Subscriber.ts:118:24)
,Chrome Headless 144.0.0.0 (Mac OS 10.15.7) WARN: 'Spec 'authInterceptor should handle concurrent requests' has no expectations.'
,Chrome Headless 144.0.0.0 (Mac OS 10.15.7) WARN: 'Spec 'ProductService Edge Cases and Error Scenarios should handle null pagination parameters' has no expectations.'
,Chrome Headless 144.0.0.0 (Mac OS 10.15.7) WARN: 'Spec 'ProductService Edge Cases and Error Scenarios should handle negative page index' has no expectations.'
,Chrome Headless 144.0.0.0 (Mac OS 10.15.7) WARN: 'Spec 'ProductService Edge Cases and Error Scenarios should handle large page size' has no expectations.'
,Chrome Headless 144.0.0.0 (Mac OS 10.15.7) WARN: 'Spec 'ProductService Edge Cases and Error Scenarios should handle search with special characters' has no expectations.'
,Chrome Headless 144.0.0.0 (Mac OS 10.15.7) WARN: 'Spec 'ProductService Edge Cases and Error Scenarios should handle search with unicode characters' has no expectations.'
,Chrome Headless 144.0.0.0 (Mac OS 10.15.7) WARN: 'Spec 'ProductService Edge Cases and Error Scenarios should handle negative quantity edge case' has no expectations.'
,Chrome Headless 144.0.0.0 (Mac OS 10.15.7) WARN: 'Spec 'ProductService Edge Cases and Error Scenarios should handle concurrent create and delete operations' has no expectations.'
,Chrome Headless 144.0.0.0 (Mac OS 10.15.7) WARN: 'Spec 'ProductService Edge Cases and Error Scenarios should handle concurrent get and list operations' has no expectations.'
,Chrome Headless 144.0.0.0 (Mac OS 10.15.7) WARN: 'Spec 'ProductService Edge Cases and Error Scenarios should handle multiple pagination requests' has no expectations.'
,Chrome Headless 144.0.0.0 (Mac OS 10.15.7) WARN: 'Spec 'ProductService Edge Cases and Error Scenarios should handle image upload with large file' has no expectations.'
,Chrome Headless 144.0.0.0 (Mac OS 10.15.7) WARN: 'Spec 'UserService Delete User Password Validation Tests should handle multiple failed delete attempts' has no expectations.'

]]>
  </system-out>
  <system-err/>
</testsuite>